2019-07-19 14:01:49 INFO  Log:40 - The AddAuctionNotice.properties files are read from Locators directory
2019-07-19 14:01:49 INFO  Log:40 - The AddBidderVesselDetails.properties files are read from Locators directory
2019-07-19 14:01:49 INFO  Log:40 - The Adminhome.properties files are read from Locators directory
2019-07-19 14:01:49 INFO  Log:40 - The Bidderhome.properties files are read from Locators directory
2019-07-19 14:01:49 INFO  Log:40 - The ChangeAucStatus.properties files are read from Locators directory
2019-07-19 14:01:49 INFO  Log:40 - The CheckAuctionNotice.properties files are read from Locators directory
2019-07-19 14:01:49 INFO  Log:40 - The ConfirmAuctionNotice.properties files are read from Locators directory
2019-07-19 14:01:49 INFO  Log:40 - The Liveauction.properties files are read from Locators directory
2019-07-19 14:01:49 INFO  Log:40 - The Login.properties files are read from Locators directory
2019-07-19 14:01:49 INFO  Log:40 - The ReleaseClosedAuction.properties files are read from Locators directory
2019-07-19 14:01:49 INFO  Log:40 - The StaticNote.properties files are read from Locators directory
2019-07-19 14:01:49 INFO  Log:40 - The UploadAuction.properties files are read from Locators directory
2019-07-19 14:01:49 INFO  Log:40 - The UploadAuctionNotice.properties files are read from Locators directory
2019-07-19 14:01:49 INFO  Log:40 - The VesselDetails.properties files are read from Locators directory
2019-07-19 14:01:49 INFO  Log:40 - The AddAuctionData.properties files are read from TestData directory
2019-07-19 14:01:49 INFO  Log:40 - The AuctionData.properties files are read from TestData directory
2019-07-19 14:01:49 INFO  Log:40 - The Logindata.properties files are read from TestData directory
2019-07-19 14:01:49 INFO  Log:40 - The VesselData.properties files are read from TestData directory
2019-07-19 14:01:49 INFO  Log:40 - ******************************************************************
2019-07-19 14:01:49 INFO  Log:40 - The test should be performed at : Chrome Browser. 
2019-07-19 14:01:49 INFO  Log:40 - ******************************************************************
2019-07-19 14:01:58 INFO  Log:40 - *********************************************************************
2019-07-19 14:01:58 INFO  Log:40 - Navigating to the URL : https://newuat.buyjunction.in/
2019-07-19 14:01:58 INFO  Log:40 - *********************************************************************
2019-07-19 14:02:00 INFO  Log:24 - verify_Auction_Notice_Is_Present_for_BidderOne
2019-07-19 14:02:01 INFO  Log:40 - We are going to kickout other user
2019-07-19 14:02:04 INFO  Log:40 - Terms & Condition element found and hovered
2019-07-19 14:02:13 INFO  Log:40 - Radio button Selected
2019-07-19 14:02:40 INFO  Log:40 - First alert clicked
2019-07-19 14:02:41 INFO  Log:40 - Second alert clicked
2019-07-19 14:02:46 INFO  Log:40 - Vessel details browser closed
2019-07-19 14:02:46 INFO  Log:40 - CheckBox Selected
2019-07-19 14:02:47 INFO  Log:40 - Submit button Selected
2019-07-19 14:02:50 INFO  Log:24 - verify_Auction_Notice_Is_Present_for_BidderTwo
2019-07-19 14:02:53 INFO  Log:40 - We are in AdminHome page
2019-07-19 14:02:56 INFO  Log:40 - Terms & Condition element found and hovered
2019-07-19 14:03:02 INFO  Log:40 - CheckBox Selected
2019-07-19 14:03:05 INFO  Log:40 - Radio button Selected
2019-07-19 14:03:15 INFO  Log:40 - Submit button Selected
