2019-07-16 14:21:24 INFO  Log:40 - The AddAuctionNotice.properties files are read from Locators directory
2019-07-16 14:21:24 INFO  Log:40 - The AddBidderVesselDetails.properties files are read from Locators directory
2019-07-16 14:21:24 INFO  Log:40 - The Adminhome.properties files are read from Locators directory
2019-07-16 14:21:24 INFO  Log:40 - The Bidderhome.properties files are read from Locators directory
2019-07-16 14:21:24 INFO  Log:40 - The ChangeAucStatus.properties files are read from Locators directory
2019-07-16 14:21:24 INFO  Log:40 - The CheckAuctionNotice.properties files are read from Locators directory
2019-07-16 14:21:24 INFO  Log:40 - The ConfirmAuctionNotice.properties files are read from Locators directory
2019-07-16 14:21:24 INFO  Log:40 - The Liveauction.properties files are read from Locators directory
2019-07-16 14:21:24 INFO  Log:40 - The Login.properties files are read from Locators directory
2019-07-16 14:21:24 INFO  Log:40 - The StaticNote.properties files are read from Locators directory
2019-07-16 14:21:24 INFO  Log:40 - The UploadAuction.properties files are read from Locators directory
2019-07-16 14:21:24 INFO  Log:40 - The UploadAuctionNotice.properties files are read from Locators directory
2019-07-16 14:21:24 INFO  Log:40 - The VesselDetails.properties files are read from Locators directory
2019-07-16 14:21:24 INFO  Log:40 - The AddAuctionData.properties files are read from TestData directory
2019-07-16 14:21:24 INFO  Log:40 - The AuctionData.properties files are read from TestData directory
2019-07-16 14:21:24 INFO  Log:40 - The Logindata.properties files are read from TestData directory
2019-07-16 14:21:24 INFO  Log:40 - The VesselData.properties files are read from TestData directory
2019-07-16 14:21:24 INFO  Log:40 - ******************************************************************
2019-07-16 14:21:24 INFO  Log:40 - The test should be performed at : Chrome Browser. 
2019-07-16 14:21:24 INFO  Log:40 - ******************************************************************
2019-07-16 14:21:36 INFO  Log:40 - *********************************************************************
2019-07-16 14:21:36 INFO  Log:40 - Navigating to the URL : https://newuat.buyjunction.in/
2019-07-16 14:21:36 INFO  Log:40 - *********************************************************************
2019-07-16 14:21:38 INFO  Log:24 - verify_Auction_Notice_Is_Present_Or_Not_Under_Pending
2019-07-16 14:21:40 INFO  Log:40 - We are going to kickout other user
2019-07-16 14:21:43 INFO  Log:40 - Terms & Condition element found and hovered
2019-07-16 14:21:49 INFO  Log:40 - CheckBox Selected
2019-07-16 14:21:51 INFO  Log:40 - Radio button Selected
2019-07-16 14:21:55 ERROR Log:52 - Cannot locate element with text: databuilt
For documentation on this error, please visit: http://seleniumhq.org/exceptions/no_such_element.html
Build info: version: '3.141.5', revision: 'd54ebd709a', time: '2018-11-06T11:42:16'
System info: host: 'MJLT-1363', ip: '172.16.16.216', os.name: 'Windows 10', os.arch: 'amd64', os.version: '10.0', java.version: '1.8.0_202'
Driver info: driver.version: unknown
2019-07-16 14:21:55 INFO  Log:24 - verify_Auction_Notice_Is_Present_Or_Not_Under_Accepted
2019-07-16 14:21:57 INFO  Log:24 - verify_Auction_Notice_Is_Present_Or_Not_Under_Rejected
