2019-07-22 17:37:20 INFO  Log:40 - The AddAuctionNotice.properties files are read from Locators directory
2019-07-22 17:37:20 INFO  Log:40 - The AddBidderVesselDetails.properties files are read from Locators directory
2019-07-22 17:37:20 INFO  Log:40 - The Adminhome.properties files are read from Locators directory
2019-07-22 17:37:20 INFO  Log:40 - The Bidderhome.properties files are read from Locators directory
2019-07-22 17:37:20 INFO  Log:40 - The ChangeAucStatus.properties files are read from Locators directory
2019-07-22 17:37:20 INFO  Log:40 - The CheckAuctionNotice.properties files are read from Locators directory
2019-07-22 17:37:20 INFO  Log:40 - The ConfirmAuctionNotice.properties files are read from Locators directory
2019-07-22 17:37:20 INFO  Log:40 - The Liveauction.properties files are read from Locators directory
2019-07-22 17:37:20 INFO  Log:40 - The Login.properties files are read from Locators directory
2019-07-22 17:37:20 INFO  Log:40 - The ReleaseClosedAuction.properties files are read from Locators directory
2019-07-22 17:37:20 INFO  Log:40 - The StaticNote.properties files are read from Locators directory
2019-07-22 17:37:20 INFO  Log:40 - The UploadAuction.properties files are read from Locators directory
2019-07-22 17:37:20 INFO  Log:40 - The UploadAuctionNotice.properties files are read from Locators directory
2019-07-22 17:37:20 INFO  Log:40 - The VesselDetails.properties files are read from Locators directory
2019-07-22 17:37:20 INFO  Log:40 - The AddAuctionData.properties files are read from TestData directory
2019-07-22 17:37:20 INFO  Log:40 - The AuctionData.properties files are read from TestData directory
2019-07-22 17:37:20 INFO  Log:40 - The Logindata.properties files are read from TestData directory
2019-07-22 17:37:20 INFO  Log:40 - The VesselData.properties files are read from TestData directory
2019-07-22 17:37:20 INFO  Log:40 - ******************************************************************
2019-07-22 17:37:20 INFO  Log:40 - The test should be performed at : Chrome Browser. 
2019-07-22 17:37:20 INFO  Log:40 - ******************************************************************
2019-07-22 17:37:27 INFO  Log:40 - *********************************************************************
2019-07-22 17:37:27 INFO  Log:40 - Navigating to the URL : https://newuat.buyjunction.in/
2019-07-22 17:37:27 INFO  Log:40 - *********************************************************************
2019-07-22 17:37:28 INFO  Log:24 - verify_The_Auction_Notice_Creation
2019-07-22 17:37:30 INFO  Log:40 - We are going to kickout other user
2019-07-22 17:38:07 INFO  Log:40 - SUCCESSFULLY EXECUTED
2019-07-22 17:39:12 INFO  Log:40 - unexpected alert open: {Alert text : No Excel has been uploaded}
  (Session info: chrome=75.0.3770.142)
  (Driver info: chromedriver=74.0.3729.6 (255758eccf3d244491b8a1317aa76e1ce10d57e9-refs/branch-heads/3729@{#29}),platform=Windows NT 10.0.17763 x86_64) (WARNING: The server did not provide any stacktrace information)
Command duration or timeout: 0 milliseconds: null
Build info: version: '3.141.5', revision: 'd54ebd709a', time: '2018-11-06T11:42:16'
System info: host: 'MJLT-1363', ip: '172.16.16.216', os.name: 'Windows 10', os.arch: 'amd64', os.version: '10.0', java.version: '1.8.0_202'
Driver info: org.openqa.selenium.chrome.ChromeDriver
Capabilities {acceptInsecureCerts: false, acceptSslCerts: false, applicationCacheEnabled: false, browserConnectionEnabled: false, browserName: chrome, chrome: {chromedriverVersion: 74.0.3729.6 (255758eccf3d24..., userDataDir: C:\Users\SOMNAT~1.CHA\AppDa...}, cssSelectorsEnabled: true, databaseEnabled: false, goog:chromeOptions: {debuggerAddress: localhost:49734}, handlesAlerts: true, hasTouchScreen: false, javascriptEnabled: true, locationContextEnabled: true, mobileEmulationEnabled: false, nativeEvents: true, networkConnectionEnabled: false, pageLoadStrategy: normal, platform: XP, platformName: XP, proxy: Proxy(), rotatable: false, setWindowRect: true, strictFileInteractability: false, takesHeapSnapshot: true, takesScreenshot: true, timeouts: {implicit: 0, pageLoad: 300000, script: 30000}, unexpectedAlertBehaviour: ignore, unhandledPromptBehavior: ignore, version: 75.0.3770.142, webStorageEnabled: true}
Session ID: abe5ef0c324a66ff1d2e2a630d3ec6b4
*** Element info: {Using=xpath, value=//p[contains(text(),'Successfully Uploaded')]}
2019-07-22 17:39:12 INFO  Log:40 - unexpected alert open: {Alert text : No Excel has been uploaded}
  (Session info: chrome=75.0.3770.142)
  (Driver info: chromedriver=74.0.3729.6 (255758eccf3d244491b8a1317aa76e1ce10d57e9-refs/branch-heads/3729@{#29}),platform=Windows NT 10.0.17763 x86_64) (WARNING: The server did not provide any stacktrace information)
Command duration or timeout: 0 milliseconds: null
Build info: version: '3.141.5', revision: 'd54ebd709a', time: '2018-11-06T11:42:16'
System info: host: 'MJLT-1363', ip: '172.16.16.216', os.name: 'Windows 10', os.arch: 'amd64', os.version: '10.0', java.version: '1.8.0_202'
Driver info: org.openqa.selenium.chrome.ChromeDriver
Capabilities {acceptInsecureCerts: false, acceptSslCerts: false, applicationCacheEnabled: false, browserConnectionEnabled: false, browserName: chrome, chrome: {chromedriverVersion: 74.0.3729.6 (255758eccf3d24..., userDataDir: C:\Users\SOMNAT~1.CHA\AppDa...}, cssSelectorsEnabled: true, databaseEnabled: false, goog:chromeOptions: {debuggerAddress: localhost:49734}, handlesAlerts: true, hasTouchScreen: false, javascriptEnabled: true, locationContextEnabled: true, mobileEmulationEnabled: false, nativeEvents: true, networkConnectionEnabled: false, pageLoadStrategy: normal, platform: XP, platformName: XP, proxy: Proxy(), rotatable: false, setWindowRect: true, strictFileInteractability: false, takesHeapSnapshot: true, takesScreenshot: true, timeouts: {implicit: 0, pageLoad: 300000, script: 30000}, unexpectedAlertBehaviour: ignore, unhandledPromptBehavior: ignore, version: 75.0.3770.142, webStorageEnabled: true}
Session ID: abe5ef0c324a66ff1d2e2a630d3ec6b4
*** Element info: {Using=xpath, value=//a[contains(text(),'AuctionNotice')]}
2019-07-22 17:39:13 INFO  Log:40 - unexpected alert open: {Alert text : No Excel has been uploaded}
  (Session info: chrome=75.0.3770.142)
  (Driver info: chromedriver=74.0.3729.6 (255758eccf3d244491b8a1317aa76e1ce10d57e9-refs/branch-heads/3729@{#29}),platform=Windows NT 10.0.17763 x86_64) (WARNING: The server did not provide any stacktrace information)
Command duration or timeout: 0 milliseconds: null
Build info: version: '3.141.5', revision: 'd54ebd709a', time: '2018-11-06T11:42:16'
System info: host: 'MJLT-1363', ip: '172.16.16.216', os.name: 'Windows 10', os.arch: 'amd64', os.version: '10.0', java.version: '1.8.0_202'
Driver info: org.openqa.selenium.chrome.ChromeDriver
Capabilities {acceptInsecureCerts: false, acceptSslCerts: false, applicationCacheEnabled: false, browserConnectionEnabled: false, browserName: chrome, chrome: {chromedriverVersion: 74.0.3729.6 (255758eccf3d24..., userDataDir: C:\Users\SOMNAT~1.CHA\AppDa...}, cssSelectorsEnabled: true, databaseEnabled: false, goog:chromeOptions: {debuggerAddress: localhost:49734}, handlesAlerts: true, hasTouchScreen: false, javascriptEnabled: true, locationContextEnabled: true, mobileEmulationEnabled: false, nativeEvents: true, networkConnectionEnabled: false, pageLoadStrategy: normal, platform: XP, platformName: XP, proxy: Proxy(), rotatable: false, setWindowRect: true, strictFileInteractability: false, takesHeapSnapshot: true, takesScreenshot: true, timeouts: {implicit: 0, pageLoad: 300000, script: 30000}, unexpectedAlertBehaviour: ignore, unhandledPromptBehavior: ignore, version: 75.0.3770.142, webStorageEnabled: true}
Session ID: abe5ef0c324a66ff1d2e2a630d3ec6b4
*** Element info: {Using=xpath, value=//a[contains(text(),'AuctionNotice')]}
2019-07-22 17:39:13 INFO  Log:40 - unexpected alert open: {Alert text : No Excel has been uploaded}
  (Session info: chrome=75.0.3770.142)
  (Driver info: chromedriver=74.0.3729.6 (255758eccf3d244491b8a1317aa76e1ce10d57e9-refs/branch-heads/3729@{#29}),platform=Windows NT 10.0.17763 x86_64) (WARNING: The server did not provide any stacktrace information)
Command duration or timeout: 0 milliseconds: null
Build info: version: '3.141.5', revision: 'd54ebd709a', time: '2018-11-06T11:42:16'
System info: host: 'MJLT-1363', ip: '172.16.16.216', os.name: 'Windows 10', os.arch: 'amd64', os.version: '10.0', java.version: '1.8.0_202'
Driver info: org.openqa.selenium.chrome.ChromeDriver
Capabilities {acceptInsecureCerts: false, acceptSslCerts: false, applicationCacheEnabled: false, browserConnectionEnabled: false, browserName: chrome, chrome: {chromedriverVersion: 74.0.3729.6 (255758eccf3d24..., userDataDir: C:\Users\SOMNAT~1.CHA\AppDa...}, cssSelectorsEnabled: true, databaseEnabled: false, goog:chromeOptions: {debuggerAddress: localhost:49734}, handlesAlerts: true, hasTouchScreen: false, javascriptEnabled: true, locationContextEnabled: true, mobileEmulationEnabled: false, nativeEvents: true, networkConnectionEnabled: false, pageLoadStrategy: normal, platform: XP, platformName: XP, proxy: Proxy(), rotatable: false, setWindowRect: true, strictFileInteractability: false, takesHeapSnapshot: true, takesScreenshot: true, timeouts: {implicit: 0, pageLoad: 300000, script: 30000}, unexpectedAlertBehaviour: ignore, unhandledPromptBehavior: ignore, version: 75.0.3770.142, webStorageEnabled: true}
Session ID: abe5ef0c324a66ff1d2e2a630d3ec6b4
*** Element info: {Using=xpath, value=//a[contains(text(),'AuctionNotice')]}
2019-07-22 17:39:13 INFO  Log:40 - unexpected alert open: {Alert text : No Excel has been uploaded}
  (Session info: chrome=75.0.3770.142)
  (Driver info: chromedriver=74.0.3729.6 (255758eccf3d244491b8a1317aa76e1ce10d57e9-refs/branch-heads/3729@{#29}),platform=Windows NT 10.0.17763 x86_64) (WARNING: The server did not provide any stacktrace information)
Command duration or timeout: 0 milliseconds: null
Build info: version: '3.141.5', revision: 'd54ebd709a', time: '2018-11-06T11:42:16'
System info: host: 'MJLT-1363', ip: '172.16.16.216', os.name: 'Windows 10', os.arch: 'amd64', os.version: '10.0', java.version: '1.8.0_202'
Driver info: org.openqa.selenium.chrome.ChromeDriver
Capabilities {acceptInsecureCerts: false, acceptSslCerts: false, applicationCacheEnabled: false, browserConnectionEnabled: false, browserName: chrome, chrome: {chromedriverVersion: 74.0.3729.6 (255758eccf3d24..., userDataDir: C:\Users\SOMNAT~1.CHA\AppDa...}, cssSelectorsEnabled: true, databaseEnabled: false, goog:chromeOptions: {debuggerAddress: localhost:49734}, handlesAlerts: true, hasTouchScreen: false, javascriptEnabled: true, locationContextEnabled: true, mobileEmulationEnabled: false, nativeEvents: true, networkConnectionEnabled: false, pageLoadStrategy: normal, platform: XP, platformName: XP, proxy: Proxy(), rotatable: false, setWindowRect: true, strictFileInteractability: false, takesHeapSnapshot: true, takesScreenshot: true, timeouts: {implicit: 0, pageLoad: 300000, script: 30000}, unexpectedAlertBehaviour: ignore, unhandledPromptBehavior: ignore, version: 75.0.3770.142, webStorageEnabled: true}
Session ID: abe5ef0c324a66ff1d2e2a630d3ec6b4
*** Element info: {Using=xpath, value=//a[starts-with(text(),'Auction(s)')]}
2019-07-22 17:39:14 INFO  Log:40 - unexpected alert open: {Alert text : No Excel has been uploaded}
  (Session info: chrome=75.0.3770.142)
  (Driver info: chromedriver=74.0.3729.6 (255758eccf3d244491b8a1317aa76e1ce10d57e9-refs/branch-heads/3729@{#29}),platform=Windows NT 10.0.17763 x86_64) (WARNING: The server did not provide any stacktrace information)
Command duration or timeout: 0 milliseconds: null
Build info: version: '3.141.5', revision: 'd54ebd709a', time: '2018-11-06T11:42:16'
System info: host: 'MJLT-1363', ip: '172.16.16.216', os.name: 'Windows 10', os.arch: 'amd64', os.version: '10.0', java.version: '1.8.0_202'
Driver info: org.openqa.selenium.chrome.ChromeDriver
Capabilities {acceptInsecureCerts: false, acceptSslCerts: false, applicationCacheEnabled: false, browserConnectionEnabled: false, browserName: chrome, chrome: {chromedriverVersion: 74.0.3729.6 (255758eccf3d24..., userDataDir: C:\Users\SOMNAT~1.CHA\AppDa...}, cssSelectorsEnabled: true, databaseEnabled: false, goog:chromeOptions: {debuggerAddress: localhost:49734}, handlesAlerts: true, hasTouchScreen: false, javascriptEnabled: true, locationContextEnabled: true, mobileEmulationEnabled: false, nativeEvents: true, networkConnectionEnabled: false, pageLoadStrategy: normal, platform: XP, platformName: XP, proxy: Proxy(), rotatable: false, setWindowRect: true, strictFileInteractability: false, takesHeapSnapshot: true, takesScreenshot: true, timeouts: {implicit: 0, pageLoad: 300000, script: 30000}, unexpectedAlertBehaviour: ignore, unhandledPromptBehavior: ignore, version: 75.0.3770.142, webStorageEnabled: true}
Session ID: abe5ef0c324a66ff1d2e2a630d3ec6b4
*** Element info: {Using=xpath, value=//body/div[@class='container_1']/div[@class='col-md-12']/div[@class='row']/div[@class='col-sm-12']/form[@name='menuForm']/table/tbody/tr/td/div[@id='myslidemenu']/ul/li[4]/ul[1]/li[2]/a[1]}
2019-07-22 17:39:15 INFO  Log:40 - unexpected alert open: {Alert text : No Excel has been uploaded}
  (Session info: chrome=75.0.3770.142)
  (Driver info: chromedriver=74.0.3729.6 (255758eccf3d244491b8a1317aa76e1ce10d57e9-refs/branch-heads/3729@{#29}),platform=Windows NT 10.0.17763 x86_64) (WARNING: The server did not provide any stacktrace information)
Command duration or timeout: 0 milliseconds: null
Build info: version: '3.141.5', revision: 'd54ebd709a', time: '2018-11-06T11:42:16'
System info: host: 'MJLT-1363', ip: '172.16.16.216', os.name: 'Windows 10', os.arch: 'amd64', os.version: '10.0', java.version: '1.8.0_202'
Driver info: org.openqa.selenium.chrome.ChromeDriver
Capabilities {acceptInsecureCerts: false, acceptSslCerts: false, applicationCacheEnabled: false, browserConnectionEnabled: false, browserName: chrome, chrome: {chromedriverVersion: 74.0.3729.6 (255758eccf3d24..., userDataDir: C:\Users\SOMNAT~1.CHA\AppDa...}, cssSelectorsEnabled: true, databaseEnabled: false, goog:chromeOptions: {debuggerAddress: localhost:49734}, handlesAlerts: true, hasTouchScreen: false, javascriptEnabled: true, locationContextEnabled: true, mobileEmulationEnabled: false, nativeEvents: true, networkConnectionEnabled: false, pageLoadStrategy: normal, platform: XP, platformName: XP, proxy: Proxy(), rotatable: false, setWindowRect: true, strictFileInteractability: false, takesHeapSnapshot: true, takesScreenshot: true, timeouts: {implicit: 0, pageLoad: 300000, script: 30000}, unexpectedAlertBehaviour: ignore, unhandledPromptBehavior: ignore, version: 75.0.3770.142, webStorageEnabled: true}
Session ID: abe5ef0c324a66ff1d2e2a630d3ec6b4
*** Element info: {Using=xpath, value=//a[contains(text(),'Change Auction Status')]}
2019-07-22 17:39:15 ERROR Log:52 - unexpected alert open: {Alert text : No Excel has been uploaded}
  (Session info: chrome=75.0.3770.142)
  (Driver info: chromedriver=74.0.3729.6 (255758eccf3d244491b8a1317aa76e1ce10d57e9-refs/branch-heads/3729@{#29}),platform=Windows NT 10.0.17763 x86_64) (WARNING: The server did not provide any stacktrace information)
Command duration or timeout: 0 milliseconds: null
Build info: version: '3.141.5', revision: 'd54ebd709a', time: '2018-11-06T11:42:16'
System info: host: 'MJLT-1363', ip: '172.16.16.216', os.name: 'Windows 10', os.arch: 'amd64', os.version: '10.0', java.version: '1.8.0_202'
Driver info: org.openqa.selenium.chrome.ChromeDriver
Capabilities {acceptInsecureCerts: false, acceptSslCerts: false, applicationCacheEnabled: false, browserConnectionEnabled: false, browserName: chrome, chrome: {chromedriverVersion: 74.0.3729.6 (255758eccf3d24..., userDataDir: C:\Users\SOMNAT~1.CHA\AppDa...}, cssSelectorsEnabled: true, databaseEnabled: false, goog:chromeOptions: {debuggerAddress: localhost:49734}, handlesAlerts: true, hasTouchScreen: false, javascriptEnabled: true, locationContextEnabled: true, mobileEmulationEnabled: false, nativeEvents: true, networkConnectionEnabled: false, pageLoadStrategy: normal, platform: XP, platformName: XP, proxy: Proxy(), rotatable: false, setWindowRect: true, strictFileInteractability: false, takesHeapSnapshot: true, takesScreenshot: true, timeouts: {implicit: 0, pageLoad: 300000, script: 30000}, unexpectedAlertBehaviour: ignore, unhandledPromptBehavior: ignore, version: 75.0.3770.142, webStorageEnabled: true}
Session ID: abe5ef0c324a66ff1d2e2a630d3ec6b4
*** Element info: {Using=xpath, value=//a[contains(text(),'Sign Out')]}
2019-07-22 17:39:15 INFO  Log:24 - verify_Auction_Notice_Is_Present_for_BidderOne
2019-07-22 17:39:17 ERROR Log:52 - unexpected alert open: {Alert text : No Excel has been uploaded}
  (Session info: chrome=75.0.3770.142)
  (Driver info: chromedriver=74.0.3729.6 (255758eccf3d244491b8a1317aa76e1ce10d57e9-refs/branch-heads/3729@{#29}),platform=Windows NT 10.0.17763 x86_64) (WARNING: The server did not provide any stacktrace information)
Command duration or timeout: 0 milliseconds: null
Build info: version: '3.141.5', revision: 'd54ebd709a', time: '2018-11-06T11:42:16'
System info: host: 'MJLT-1363', ip: '172.16.16.216', os.name: 'Windows 10', os.arch: 'amd64', os.version: '10.0', java.version: '1.8.0_202'
Driver info: org.openqa.selenium.chrome.ChromeDriver
Capabilities {acceptInsecureCerts: false, acceptSslCerts: false, applicationCacheEnabled: false, browserConnectionEnabled: false, browserName: chrome, chrome: {chromedriverVersion: 74.0.3729.6 (255758eccf3d24..., userDataDir: C:\Users\SOMNAT~1.CHA\AppDa...}, cssSelectorsEnabled: true, databaseEnabled: false, goog:chromeOptions: {debuggerAddress: localhost:49734}, handlesAlerts: true, hasTouchScreen: false, javascriptEnabled: true, locationContextEnabled: true, mobileEmulationEnabled: false, nativeEvents: true, networkConnectionEnabled: false, pageLoadStrategy: normal, platform: XP, platformName: XP, proxy: Proxy(), rotatable: false, setWindowRect: true, strictFileInteractability: false, takesHeapSnapshot: true, takesScreenshot: true, timeouts: {implicit: 0, pageLoad: 300000, script: 30000}, unexpectedAlertBehaviour: ignore, unhandledPromptBehavior: ignore, version: 75.0.3770.142, webStorageEnabled: true}
Session ID: abe5ef0c324a66ff1d2e2a630d3ec6b4
*** Element info: {Using=xpath, value=//input[@id='authCode']}
2019-07-22 17:39:17 INFO  Log:24 - verify_Auction_Notice_Is_Present_for_BidderTwo
2019-07-22 17:39:22 ERROR Log:52 - no such element: Unable to locate element: {"method":"xpath","selector":"//input[@id='authCode']"}
  (Session info: chrome=75.0.3770.142)
  (Driver info: chromedriver=74.0.3729.6 (255758eccf3d244491b8a1317aa76e1ce10d57e9-refs/branch-heads/3729@{#29}),platform=Windows NT 10.0.17763 x86_64) (WARNING: The server did not provide any stacktrace information)
Command duration or timeout: 0 milliseconds
For documentation on this error, please visit: http://seleniumhq.org/exceptions/no_such_element.html
Build info: version: '3.141.5', revision: 'd54ebd709a', time: '2018-11-06T11:42:16'
System info: host: 'MJLT-1363', ip: '172.16.16.216', os.name: 'Windows 10', os.arch: 'amd64', os.version: '10.0', java.version: '1.8.0_202'
Driver info: org.openqa.selenium.chrome.ChromeDriver
Capabilities {acceptInsecureCerts: false, acceptSslCerts: false, applicationCacheEnabled: false, browserConnectionEnabled: false, browserName: chrome, chrome: {chromedriverVersion: 74.0.3729.6 (255758eccf3d24..., userDataDir: C:\Users\SOMNAT~1.CHA\AppDa...}, cssSelectorsEnabled: true, databaseEnabled: false, goog:chromeOptions: {debuggerAddress: localhost:49734}, handlesAlerts: true, hasTouchScreen: false, javascriptEnabled: true, locationContextEnabled: true, mobileEmulationEnabled: false, nativeEvents: true, networkConnectionEnabled: false, pageLoadStrategy: normal, platform: XP, platformName: XP, proxy: Proxy(), rotatable: false, setWindowRect: true, strictFileInteractability: false, takesHeapSnapshot: true, takesScreenshot: true, timeouts: {implicit: 0, pageLoad: 300000, script: 30000}, unexpectedAlertBehaviour: ignore, unhandledPromptBehavior: ignore, version: 75.0.3770.142, webStorageEnabled: true}
Session ID: abe5ef0c324a66ff1d2e2a630d3ec6b4
*** Element info: {Using=xpath, value=//input[@id='authCode']}
2019-07-22 17:39:24 INFO  Log:24 - verify_The_Live_Auction_Multi_Seal_Bid_User1
2019-07-22 17:39:28 INFO  Log:40 - We are in AdminHome page
