2019-07-24 11:52:36 INFO  Log:40 - The AddAuctionNotice.properties files are read from Locators directory
2019-07-24 11:52:36 INFO  Log:40 - The AddBidderVesselDetails.properties files are read from Locators directory
2019-07-24 11:52:36 INFO  Log:40 - The Adminhome.properties files are read from Locators directory
2019-07-24 11:52:36 INFO  Log:40 - The Bidderhome.properties files are read from Locators directory
2019-07-24 11:52:36 INFO  Log:40 - The ChangeAucStatus.properties files are read from Locators directory
2019-07-24 11:52:36 INFO  Log:40 - The CheckAuctionNotice.properties files are read from Locators directory
2019-07-24 11:52:36 INFO  Log:40 - The ConfirmAuctionNotice.properties files are read from Locators directory
2019-07-24 11:52:36 INFO  Log:40 - The Liveauction.properties files are read from Locators directory
2019-07-24 11:52:36 INFO  Log:40 - The Login.properties files are read from Locators directory
2019-07-24 11:52:36 INFO  Log:40 - The ReleaseClosedAuction.properties files are read from Locators directory
2019-07-24 11:52:36 INFO  Log:40 - The StaticNote.properties files are read from Locators directory
2019-07-24 11:52:36 INFO  Log:40 - The UploadAuction.properties files are read from Locators directory
2019-07-24 11:52:37 INFO  Log:40 - The UploadAuctionNotice.properties files are read from Locators directory
2019-07-24 11:52:37 INFO  Log:40 - The VesselDetails.properties files are read from Locators directory
2019-07-24 11:52:37 INFO  Log:40 - The AddAuctionData.properties files are read from TestData directory
2019-07-24 11:52:37 INFO  Log:40 - The AuctionData.properties files are read from TestData directory
2019-07-24 11:52:37 INFO  Log:40 - The Logindata.properties files are read from TestData directory
2019-07-24 11:52:37 INFO  Log:40 - The VesselData.properties files are read from TestData directory
2019-07-24 11:52:37 INFO  Log:40 - ******************************************************************
2019-07-24 11:52:37 INFO  Log:40 - The test should be performed at : Chrome Browser. 
2019-07-24 11:52:37 INFO  Log:40 - ******************************************************************
2019-07-24 11:52:50 INFO  Log:40 - *********************************************************************
2019-07-24 11:52:50 INFO  Log:40 - Navigating to the URL : https://newuat.buyjunction.in/
2019-07-24 11:52:50 INFO  Log:40 - *********************************************************************
2019-07-24 11:52:52 INFO  Log:24 - verify_The_Auction_Notice_Creation
2019-07-24 11:52:54 INFO  Log:40 - Screen Shot taken.....Smile Please
2019-07-24 11:52:55 INFO  Log:40 - We are going to kickout other user
2019-07-24 11:52:56 INFO  Log:40 - Screen Shot taken.....Smile Please
2019-07-24 11:53:01 INFO  Log:40 - Screen Shot taken.....Smile Please
2019-07-24 11:53:24 INFO  Log:40 - Screen Shot taken.....Smile Please
2019-07-24 11:53:32 INFO  Log:40 - Screen Shot taken.....Smile Please
2019-07-24 11:53:35 INFO  Log:40 - SUCCESSFULLY EXECUTED
2019-07-24 11:54:09 INFO  Log:40 - Screen Shot taken.....Smile Please
2019-07-24 11:54:46 INFO  Log:40 - Screen Shot taken.....Smile Please
2019-07-24 11:54:57 INFO  Log:40 - Screen Shot taken.....Smile Please
2019-07-24 11:55:17 INFO  Log:40 - Screen Shot taken.....Smile Please
2019-07-24 11:55:18 INFO  Log:40 - The vessel details is successfully added
2019-07-24 11:55:38 INFO  Log:40 - Screen Shot taken.....Smile Please
2019-07-24 11:55:42 INFO  Log:40 - Screen Shot taken.....Smile Please
2019-07-24 11:55:52 INFO  Log:40 - Screen Shot taken.....Smile Please
2019-07-24 11:55:54 INFO  Log:40 - no such element: Unable to locate element: {"method":"xpath","selector":"//p[contains(text(),'Auction Notice not ready for submission')]"}
  (Session info: chrome=75.0.3770.142)
  (Driver info: chromedriver=74.0.3729.6 (255758eccf3d244491b8a1317aa76e1ce10d57e9-refs/branch-heads/3729@{#29}),platform=Windows NT 10.0.17763 x86_64) (WARNING: The server did not provide any stacktrace information)
Command duration or timeout: 0 milliseconds
For documentation on this error, please visit: http://seleniumhq.org/exceptions/no_such_element.html
Build info: version: '3.141.5', revision: 'd54ebd709a', time: '2018-11-06T11:42:16'
System info: host: 'MJLT-1363', ip: '172.16.16.216', os.name: 'Windows 10', os.arch: 'amd64', os.version: '10.0', java.version: '1.8.0_202'
Driver info: org.openqa.selenium.chrome.ChromeDriver
Capabilities {acceptInsecureCerts: false, acceptSslCerts: false, applicationCacheEnabled: false, browserConnectionEnabled: false, browserName: chrome, chrome: {chromedriverVersion: 74.0.3729.6 (255758eccf3d24..., userDataDir: C:\Users\SOMNAT~1.CHA\AppDa...}, cssSelectorsEnabled: true, databaseEnabled: false, goog:chromeOptions: {debuggerAddress: localhost:61550}, handlesAlerts: true, hasTouchScreen: false, javascriptEnabled: true, locationContextEnabled: true, mobileEmulationEnabled: false, nativeEvents: true, networkConnectionEnabled: false, pageLoadStrategy: normal, platform: XP, platformName: XP, proxy: Proxy(), rotatable: false, setWindowRect: true, strictFileInteractability: false, takesHeapSnapshot: true, takesScreenshot: true, timeouts: {implicit: 0, pageLoad: 300000, script: 30000}, unexpectedAlertBehaviour: ignore, unhandledPromptBehavior: ignore, version: 75.0.3770.142, webStorageEnabled: true}
Session ID: d6d108061f4f617e099f5c0e4c208919
*** Element info: {Using=xpath, value=//p[contains(text(),'Auction Notice not ready for submission')]}
2019-07-24 11:56:01 INFO  Log:40 - Screen Shot taken.....Smile Please
2019-07-24 11:56:20 INFO  Log:40 - Screen Shot taken.....Smile Please
2019-07-24 11:56:25 INFO  Log:40 - Screen Shot taken.....Smile Please
2019-07-24 11:56:28 INFO  Log:24 - verify_Auction_Notice_Is_Present_for_BidderOne
2019-07-24 11:56:31 INFO  Log:40 - Screen Shot taken.....Smile Please
2019-07-24 11:56:33 INFO  Log:40 - We are in AdminHome page
2019-07-24 11:56:35 INFO  Log:40 - Terms & Condition element found and hovered
2019-07-24 11:56:42 INFO  Log:40 - Screen Shot taken.....Smile Please
2019-07-24 11:56:45 INFO  Log:40 - Radio button Selected
2019-07-24 11:56:46 INFO  Log:40 - Screen Shot taken.....Smile Please
2019-07-24 11:56:49 INFO  Log:40 - Screen Shot taken.....Smile Please
2019-07-24 11:56:56 INFO  Log:40 - Screen Shot taken.....Smile Please
2019-07-24 11:57:00 INFO  Log:40 - Screen Shot taken.....Smile Please
2019-07-24 11:57:05 INFO  Log:40 - Screen Shot taken.....Smile Please
2019-07-24 11:57:12 INFO  Log:40 - Screen Shot taken.....Smile Please
2019-07-24 11:57:12 ERROR Log:52 - unexpected alert open: {Alert text : You are on your way to submit your Vessel Detail for:

Enquiry no : 20_Auto
Cargo : Testcargo
Quantity : 1
Laydays : 10/08/2019 to 10/09/2019
Loadport : india
Dischargeport : china}
  (Session info: chrome=75.0.3770.142)
  (Driver info: chromedriver=74.0.3729.6 (255758eccf3d244491b8a1317aa76e1ce10d57e9-refs/branch-heads/3729@{#29}),platform=Windows NT 10.0.17763 x86_64) (WARNING: The server did not provide any stacktrace information)
Command duration or timeout: 0 milliseconds: null
Build info: version: '3.141.5', revision: 'd54ebd709a', time: '2018-11-06T11:42:16'
System info: host: 'MJLT-1363', ip: '172.16.16.216', os.name: 'Windows 10', os.arch: 'amd64', os.version: '10.0', java.version: '1.8.0_202'
Driver info: org.openqa.selenium.chrome.ChromeDriver
Capabilities {acceptInsecureCerts: false, acceptSslCerts: false, applicationCacheEnabled: false, browserConnectionEnabled: false, browserName: chrome, chrome: {chromedriverVersion: 74.0.3729.6 (255758eccf3d24..., userDataDir: C:\Users\SOMNAT~1.CHA\AppDa...}, cssSelectorsEnabled: true, databaseEnabled: false, goog:chromeOptions: {debuggerAddress: localhost:61550}, handlesAlerts: true, hasTouchScreen: false, javascriptEnabled: true, locationContextEnabled: true, mobileEmulationEnabled: false, nativeEvents: true, networkConnectionEnabled: false, pageLoadStrategy: normal, platform: XP, platformName: XP, proxy: Proxy(), rotatable: false, setWindowRect: true, strictFileInteractability: false, takesHeapSnapshot: true, takesScreenshot: true, timeouts: {implicit: 0, pageLoad: 300000, script: 30000}, unexpectedAlertBehaviour: ignore, unhandledPromptBehavior: ignore, version: 75.0.3770.142, webStorageEnabled: true}
Session ID: d6d108061f4f617e099f5c0e4c208919
2019-07-24 11:57:12 INFO  Log:24 - verify_Auction_Notice_Is_Present_for_BidderTwo
2019-07-24 11:57:15 ERROR Log:52 - unexpected alert open: {Alert text : You are on your way to submit your Vessel Detail for:

Enquiry no : 20_Auto
Cargo : Testcargo
Quantity : 1
Laydays : 10/08/2019 to 10/09/2019
Loadport : india
Dischargeport : china}
  (Session info: chrome=75.0.3770.142)
  (Driver info: chromedriver=74.0.3729.6 (255758eccf3d244491b8a1317aa76e1ce10d57e9-refs/branch-heads/3729@{#29}),platform=Windows NT 10.0.17763 x86_64) (WARNING: The server did not provide any stacktrace information)
Command duration or timeout: 0 milliseconds: null
Build info: version: '3.141.5', revision: 'd54ebd709a', time: '2018-11-06T11:42:16'
System info: host: 'MJLT-1363', ip: '172.16.16.216', os.name: 'Windows 10', os.arch: 'amd64', os.version: '10.0', java.version: '1.8.0_202'
Driver info: org.openqa.selenium.chrome.ChromeDriver
Capabilities {acceptInsecureCerts: false, acceptSslCerts: false, applicationCacheEnabled: false, browserConnectionEnabled: false, browserName: chrome, chrome: {chromedriverVersion: 74.0.3729.6 (255758eccf3d24..., userDataDir: C:\Users\SOMNAT~1.CHA\AppDa...}, cssSelectorsEnabled: true, databaseEnabled: false, goog:chromeOptions: {debuggerAddress: localhost:61550}, handlesAlerts: true, hasTouchScreen: false, javascriptEnabled: true, locationContextEnabled: true, mobileEmulationEnabled: false, nativeEvents: true, networkConnectionEnabled: false, pageLoadStrategy: normal, platform: XP, platformName: XP, proxy: Proxy(), rotatable: false, setWindowRect: true, strictFileInteractability: false, takesHeapSnapshot: true, takesScreenshot: true, timeouts: {implicit: 0, pageLoad: 300000, script: 30000}, unexpectedAlertBehaviour: ignore, unhandledPromptBehavior: ignore, version: 75.0.3770.142, webStorageEnabled: true}
Session ID: d6d108061f4f617e099f5c0e4c208919
*** Element info: {Using=xpath, value=//input[@id='authCode']}
2019-07-24 11:57:15 ERROR Log:52 - unexpected alert open: {Alert text : You are on your way to submit your Vessel Detail for:

Enquiry no : 20_Auto
Cargo : Testcargo
Quantity : 1
Laydays : 10/08/2019 to 10/09/2019
Loadport : india
Dischargeport : china}
  (Session info: chrome=75.0.3770.142)
  (Driver info: chromedriver=74.0.3729.6 (255758eccf3d244491b8a1317aa76e1ce10d57e9-refs/branch-heads/3729@{#29}),platform=Windows NT 10.0.17763 x86_64) (WARNING: The server did not provide any stacktrace information)
Command duration or timeout: 0 milliseconds: null
Build info: version: '3.141.5', revision: 'd54ebd709a', time: '2018-11-06T11:42:16'
System info: host: 'MJLT-1363', ip: '172.16.16.216', os.name: 'Windows 10', os.arch: 'amd64', os.version: '10.0', java.version: '1.8.0_202'
Driver info: org.openqa.selenium.chrome.ChromeDriver
Capabilities {acceptInsecureCerts: false, acceptSslCerts: false, applicationCacheEnabled: false, browserConnectionEnabled: false, browserName: chrome, chrome: {chromedriverVersion: 74.0.3729.6 (255758eccf3d24..., userDataDir: C:\Users\SOMNAT~1.CHA\AppDa...}, cssSelectorsEnabled: true, databaseEnabled: false, goog:chromeOptions: {debuggerAddress: localhost:61550}, handlesAlerts: true, hasTouchScreen: false, javascriptEnabled: true, locationContextEnabled: true, mobileEmulationEnabled: false, nativeEvents: true, networkConnectionEnabled: false, pageLoadStrategy: normal, platform: XP, platformName: XP, proxy: Proxy(), rotatable: false, setWindowRect: true, strictFileInteractability: false, takesHeapSnapshot: true, takesScreenshot: true, timeouts: {implicit: 0, pageLoad: 300000, script: 30000}, unexpectedAlertBehaviour: ignore, unhandledPromptBehavior: ignore, version: 75.0.3770.142, webStorageEnabled: true}
Session ID: d6d108061f4f617e099f5c0e4c208919
*** Element info: {Using=xpath, value=//a[contains(text(),'Sign Out')]}
2019-07-24 11:57:15 INFO  Log:24 - verify_The_Live_Auction_Multi_Seal_Bid_User1
2019-07-24 11:57:47 INFO  Log:40 - no such element: Unable to locate element: {"method":"xpath","selector":"//input[@id='authCode']"}
  (Session info: chrome=75.0.3770.142)
  (Driver info: chromedriver=74.0.3729.6 (255758eccf3d244491b8a1317aa76e1ce10d57e9-refs/branch-heads/3729@{#29}),platform=Windows NT 10.0.17763 x86_64) (WARNING: The server did not provide any stacktrace information)
Command duration or timeout: 0 milliseconds
For documentation on this error, please visit: http://seleniumhq.org/exceptions/no_such_element.html
Build info: version: '3.141.5', revision: 'd54ebd709a', time: '2018-11-06T11:42:16'
System info: host: 'MJLT-1363', ip: '172.16.16.216', os.name: 'Windows 10', os.arch: 'amd64', os.version: '10.0', java.version: '1.8.0_202'
Driver info: org.openqa.selenium.chrome.ChromeDriver
Capabilities {acceptInsecureCerts: false, acceptSslCerts: false, applicationCacheEnabled: false, browserConnectionEnabled: false, browserName: chrome, chrome: {chromedriverVersion: 74.0.3729.6 (255758eccf3d24..., userDataDir: C:\Users\SOMNAT~1.CHA\AppDa...}, cssSelectorsEnabled: true, databaseEnabled: false, goog:chromeOptions: {debuggerAddress: localhost:61550}, handlesAlerts: true, hasTouchScreen: false, javascriptEnabled: true, locationContextEnabled: true, mobileEmulationEnabled: false, nativeEvents: true, networkConnectionEnabled: false, pageLoadStrategy: normal, platform: XP, platformName: XP, proxy: Proxy(), rotatable: false, setWindowRect: true, strictFileInteractability: false, takesHeapSnapshot: true, takesScreenshot: true, timeouts: {implicit: 0, pageLoad: 300000, script: 30000}, unexpectedAlertBehaviour: ignore, unhandledPromptBehavior: ignore, version: 75.0.3770.142, webStorageEnabled: true}
Session ID: d6d108061f4f617e099f5c0e4c208919
*** Element info: {Using=xpath, value=//input[@id='authCode']}
2019-07-24 11:57:47 INFO  Log:24 - verify_The_Live_Auction_Multi_Seal_Bid_User2
2019-07-24 11:57:52 ERROR Log:52 - no such element: Unable to locate element: {"method":"xpath","selector":"//input[@id='authCode']"}
  (Session info: chrome=75.0.3770.142)
  (Driver info: chromedriver=74.0.3729.6 (255758eccf3d244491b8a1317aa76e1ce10d57e9-refs/branch-heads/3729@{#29}),platform=Windows NT 10.0.17763 x86_64) (WARNING: The server did not provide any stacktrace information)
Command duration or timeout: 0 milliseconds
For documentation on this error, please visit: http://seleniumhq.org/exceptions/no_such_element.html
Build info: version: '3.141.5', revision: 'd54ebd709a', time: '2018-11-06T11:42:16'
System info: host: 'MJLT-1363', ip: '172.16.16.216', os.name: 'Windows 10', os.arch: 'amd64', os.version: '10.0', java.version: '1.8.0_202'
Driver info: org.openqa.selenium.chrome.ChromeDriver
Capabilities {acceptInsecureCerts: false, acceptSslCerts: false, applicationCacheEnabled: false, browserConnectionEnabled: false, browserName: chrome, chrome: {chromedriverVersion: 74.0.3729.6 (255758eccf3d24..., userDataDir: C:\Users\SOMNAT~1.CHA\AppDa...}, cssSelectorsEnabled: true, databaseEnabled: false, goog:chromeOptions: {debuggerAddress: localhost:61550}, handlesAlerts: true, hasTouchScreen: false, javascriptEnabled: true, locationContextEnabled: true, mobileEmulationEnabled: false, nativeEvents: true, networkConnectionEnabled: false, pageLoadStrategy: normal, platform: XP, platformName: XP, proxy: Proxy(), rotatable: false, setWindowRect: true, strictFileInteractability: false, takesHeapSnapshot: true, takesScreenshot: true, timeouts: {implicit: 0, pageLoad: 300000, script: 30000}, unexpectedAlertBehaviour: ignore, unhandledPromptBehavior: ignore, version: 75.0.3770.142, webStorageEnabled: true}
Session ID: d6d108061f4f617e099f5c0e4c208919
*** Element info: {Using=xpath, value=//input[@id='authCode']}
2019-07-24 11:57:52 INFO  Log:24 - verify_The_Live_Auction_General_R_A_User1
2019-07-24 11:58:23 ERROR Log:52 - no such window: window was already closed
  (Session info: chrome=75.0.3770.142)
  (Driver info: chromedriver=74.0.3729.6 (255758eccf3d244491b8a1317aa76e1ce10d57e9-refs/branch-heads/3729@{#29}),platform=Windows NT 10.0.17763 x86_64) (WARNING: The server did not provide any stacktrace information)
Command duration or timeout: 0 milliseconds
Build info: version: '3.141.5', revision: 'd54ebd709a', time: '2018-11-06T11:42:16'
System info: host: 'MJLT-1363', ip: '172.16.16.216', os.name: 'Windows 10', os.arch: 'amd64', os.version: '10.0', java.version: '1.8.0_202'
Driver info: org.openqa.selenium.chrome.ChromeDriver
Capabilities {acceptInsecureCerts: false, acceptSslCerts: false, applicationCacheEnabled: false, browserConnectionEnabled: false, browserName: chrome, chrome: {chromedriverVersion: 74.0.3729.6 (255758eccf3d24..., userDataDir: C:\Users\SOMNAT~1.CHA\AppDa...}, cssSelectorsEnabled: true, databaseEnabled: false, goog:chromeOptions: {debuggerAddress: localhost:61550}, handlesAlerts: true, hasTouchScreen: false, javascriptEnabled: true, locationContextEnabled: true, mobileEmulationEnabled: false, nativeEvents: true, networkConnectionEnabled: false, pageLoadStrategy: normal, platform: XP, platformName: XP, proxy: Proxy(), rotatable: false, setWindowRect: true, strictFileInteractability: false, takesHeapSnapshot: true, takesScreenshot: true, timeouts: {implicit: 0, pageLoad: 300000, script: 30000}, unexpectedAlertBehaviour: ignore, unhandledPromptBehavior: ignore, version: 75.0.3770.142, webStorageEnabled: true}
Session ID: d6d108061f4f617e099f5c0e4c208919
*** Element info: {Using=xpath, value=//input[@id='authCode']}
2019-07-24 11:58:23 INFO  Log:24 - verify_The_Live_Auction_General_R_A_User2
2019-07-24 11:58:25 ERROR Log:52 - no such window: window was already closed
  (Session info: chrome=75.0.3770.142)
  (Driver info: chromedriver=74.0.3729.6 (255758eccf3d244491b8a1317aa76e1ce10d57e9-refs/branch-heads/3729@{#29}),platform=Windows NT 10.0.17763 x86_64) (WARNING: The server did not provide any stacktrace information)
Command duration or timeout: 0 milliseconds
Build info: version: '3.141.5', revision: 'd54ebd709a', time: '2018-11-06T11:42:16'
System info: host: 'MJLT-1363', ip: '172.16.16.216', os.name: 'Windows 10', os.arch: 'amd64', os.version: '10.0', java.version: '1.8.0_202'
Driver info: org.openqa.selenium.chrome.ChromeDriver
Capabilities {acceptInsecureCerts: false, acceptSslCerts: false, applicationCacheEnabled: false, browserConnectionEnabled: false, browserName: chrome, chrome: {chromedriverVersion: 74.0.3729.6 (255758eccf3d24..., userDataDir: C:\Users\SOMNAT~1.CHA\AppDa...}, cssSelectorsEnabled: true, databaseEnabled: false, goog:chromeOptions: {debuggerAddress: localhost:61550}, handlesAlerts: true, hasTouchScreen: false, javascriptEnabled: true, locationContextEnabled: true, mobileEmulationEnabled: false, nativeEvents: true, networkConnectionEnabled: false, pageLoadStrategy: normal, platform: XP, platformName: XP, proxy: Proxy(), rotatable: false, setWindowRect: true, strictFileInteractability: false, takesHeapSnapshot: true, takesScreenshot: true, timeouts: {implicit: 0, pageLoad: 300000, script: 30000}, unexpectedAlertBehaviour: ignore, unhandledPromptBehavior: ignore, version: 75.0.3770.142, webStorageEnabled: true}
Session ID: d6d108061f4f617e099f5c0e4c208919
*** Element info: {Using=xpath, value=//input[@id='authCode']}
2019-07-24 11:58:26 ERROR Log:52 - no such window: window was already closed
  (Session info: chrome=75.0.3770.142)
  (Driver info: chromedriver=74.0.3729.6 (255758eccf3d244491b8a1317aa76e1ce10d57e9-refs/branch-heads/3729@{#29}),platform=Windows NT 10.0.17763 x86_64) (WARNING: The server did not provide any stacktrace information)
Command duration or timeout: 0 milliseconds
Build info: version: '3.141.5', revision: 'd54ebd709a', time: '2018-11-06T11:42:16'
System info: host: 'MJLT-1363', ip: '172.16.16.216', os.name: 'Windows 10', os.arch: 'amd64', os.version: '10.0', java.version: '1.8.0_202'
Driver info: org.openqa.selenium.chrome.ChromeDriver
Capabilities {acceptInsecureCerts: false, acceptSslCerts: false, applicationCacheEnabled: false, browserConnectionEnabled: false, browserName: chrome, chrome: {chromedriverVersion: 74.0.3729.6 (255758eccf3d24..., userDataDir: C:\Users\SOMNAT~1.CHA\AppDa...}, cssSelectorsEnabled: true, databaseEnabled: false, goog:chromeOptions: {debuggerAddress: localhost:61550}, handlesAlerts: true, hasTouchScreen: false, javascriptEnabled: true, locationContextEnabled: true, mobileEmulationEnabled: false, nativeEvents: true, networkConnectionEnabled: false, pageLoadStrategy: normal, platform: XP, platformName: XP, proxy: Proxy(), rotatable: false, setWindowRect: true, strictFileInteractability: false, takesHeapSnapshot: true, takesScreenshot: true, timeouts: {implicit: 0, pageLoad: 300000, script: 30000}, unexpectedAlertBehaviour: ignore, unhandledPromptBehavior: ignore, version: 75.0.3770.142, webStorageEnabled: true}
Session ID: d6d108061f4f617e099f5c0e4c208919
*** Element info: {Using=xpath, value=//a[contains(text(),'Sign Out')]}
2019-07-24 11:58:26 INFO  Log:24 - check_The_Release
2019-07-24 11:58:37 INFO  Log:40 - no such window: window was already closed
  (Session info: chrome=75.0.3770.142)
  (Driver info: chromedriver=74.0.3729.6 (255758eccf3d244491b8a1317aa76e1ce10d57e9-refs/branch-heads/3729@{#29}),platform=Windows NT 10.0.17763 x86_64) (WARNING: The server did not provide any stacktrace information)
Command duration or timeout: 0 milliseconds
Build info: version: '3.141.5', revision: 'd54ebd709a', time: '2018-11-06T11:42:16'
System info: host: 'MJLT-1363', ip: '172.16.16.216', os.name: 'Windows 10', os.arch: 'amd64', os.version: '10.0', java.version: '1.8.0_202'
Driver info: org.openqa.selenium.chrome.ChromeDriver
Capabilities {acceptInsecureCerts: false, acceptSslCerts: false, applicationCacheEnabled: false, browserConnectionEnabled: false, browserName: chrome, chrome: {chromedriverVersion: 74.0.3729.6 (255758eccf3d24..., userDataDir: C:\Users\SOMNAT~1.CHA\AppDa...}, cssSelectorsEnabled: true, databaseEnabled: false, goog:chromeOptions: {debuggerAddress: localhost:61550}, handlesAlerts: true, hasTouchScreen: false, javascriptEnabled: true, locationContextEnabled: true, mobileEmulationEnabled: false, nativeEvents: true, networkConnectionEnabled: false, pageLoadStrategy: normal, platform: XP, platformName: XP, proxy: Proxy(), rotatable: false, setWindowRect: true, strictFileInteractability: false, takesHeapSnapshot: true, takesScreenshot: true, timeouts: {implicit: 0, pageLoad: 300000, script: 30000}, unexpectedAlertBehaviour: ignore, unhandledPromptBehavior: ignore, version: 75.0.3770.142, webStorageEnabled: true}
Session ID: d6d108061f4f617e099f5c0e4c208919
*** Element info: {Using=xpath, value=//input[@id='authCode']}
2019-07-24 11:58:38 ERROR Log:52 - no such window: window was already closed
  (Session info: chrome=75.0.3770.142)
  (Driver info: chromedriver=74.0.3729.6 (255758eccf3d244491b8a1317aa76e1ce10d57e9-refs/branch-heads/3729@{#29}),platform=Windows NT 10.0.17763 x86_64) (WARNING: The server did not provide any stacktrace information)
Command duration or timeout: 0 milliseconds
Build info: version: '3.141.5', revision: 'd54ebd709a', time: '2018-11-06T11:42:16'
System info: host: 'MJLT-1363', ip: '172.16.16.216', os.name: 'Windows 10', os.arch: 'amd64', os.version: '10.0', java.version: '1.8.0_202'
Driver info: org.openqa.selenium.chrome.ChromeDriver
Capabilities {acceptInsecureCerts: false, acceptSslCerts: false, applicationCacheEnabled: false, browserConnectionEnabled: false, browserName: chrome, chrome: {chromedriverVersion: 74.0.3729.6 (255758eccf3d24..., userDataDir: C:\Users\SOMNAT~1.CHA\AppDa...}, cssSelectorsEnabled: true, databaseEnabled: false, goog:chromeOptions: {debuggerAddress: localhost:61550}, handlesAlerts: true, hasTouchScreen: false, javascriptEnabled: true, locationContextEnabled: true, mobileEmulationEnabled: false, nativeEvents: true, networkConnectionEnabled: false, pageLoadStrategy: normal, platform: XP, platformName: XP, proxy: Proxy(), rotatable: false, setWindowRect: true, strictFileInteractability: false, takesHeapSnapshot: true, takesScreenshot: true, timeouts: {implicit: 0, pageLoad: 300000, script: 30000}, unexpectedAlertBehaviour: ignore, unhandledPromptBehavior: ignore, version: 75.0.3770.142, webStorageEnabled: true}
Session ID: d6d108061f4f617e099f5c0e4c208919
*** Element info: {Using=xpath, value=//a[contains(text(),'Sign Out')]}
2019-07-24 11:58:40 DEBUG cache:45 - Couldn't find template in cache for "Extent.ftl"("en_IN", UTF-8, parsed); will try to load it.
2019-07-24 11:58:40 DEBUG cache:45 - TemplateLoader.findTemplateSource("Extent_en_IN.ftl"): Not found
2019-07-24 11:58:40 DEBUG cache:45 - TemplateLoader.findTemplateSource("Extent_en.ftl"): Not found
2019-07-24 11:58:40 DEBUG cache:45 - TemplateLoader.findTemplateSource("Extent.ftl"): Found
2019-07-24 11:58:40 DEBUG cache:45 - Loading template for "Extent.ftl"("en_IN", UTF-8, parsed) from "jar:file:/C:/Users/somnath.chatterjee1/.m2/repository/com/relevantcodes/extentreports/2.41.0/extentreports-2.41.0.jar!/com/relevantcodes/extentreports/view/Extent.ftl"
2019-07-24 11:58:40 DEBUG cache:45 - Couldn't find template in cache for "Extent.ftl"("en_IN", UTF-8, parsed); will try to load it.
2019-07-24 11:58:40 DEBUG cache:45 - TemplateLoader.findTemplateSource("Extent_en_IN.ftl"): Not found
2019-07-24 11:58:40 DEBUG cache:45 - TemplateLoader.findTemplateSource("Extent_en.ftl"): Not found
2019-07-24 11:58:40 DEBUG cache:45 - TemplateLoader.findTemplateSource("Extent.ftl"): Found
2019-07-24 11:58:40 DEBUG cache:45 - Loading template for "Extent.ftl"("en_IN", UTF-8, parsed) from "jar:file:/C:/Users/somnath.chatterjee1/.m2/repository/com/relevantcodes/extentreports/2.41.0/extentreports-2.41.0.jar!/com/relevantcodes/extentreports/view/Extent.ftl"
