2019-07-17 16:20:36 INFO  Log:40 - The AddAuctionNotice.properties files are read from Locators directory
2019-07-17 16:20:36 INFO  Log:40 - The AddBidderVesselDetails.properties files are read from Locators directory
2019-07-17 16:20:36 INFO  Log:40 - The Adminhome.properties files are read from Locators directory
2019-07-17 16:20:36 INFO  Log:40 - The Bidderhome.properties files are read from Locators directory
2019-07-17 16:20:36 INFO  Log:40 - The ChangeAucStatus.properties files are read from Locators directory
2019-07-17 16:20:36 INFO  Log:40 - The CheckAuctionNotice.properties files are read from Locators directory
2019-07-17 16:20:36 INFO  Log:40 - The ConfirmAuctionNotice.properties files are read from Locators directory
2019-07-17 16:20:36 INFO  Log:40 - The Liveauction.properties files are read from Locators directory
2019-07-17 16:20:36 INFO  Log:40 - The Login.properties files are read from Locators directory
2019-07-17 16:20:36 INFO  Log:40 - The StaticNote.properties files are read from Locators directory
2019-07-17 16:20:36 INFO  Log:40 - The UploadAuction.properties files are read from Locators directory
2019-07-17 16:20:36 INFO  Log:40 - The UploadAuctionNotice.properties files are read from Locators directory
2019-07-17 16:20:36 INFO  Log:40 - The VesselDetails.properties files are read from Locators directory
2019-07-17 16:20:36 INFO  Log:40 - The AddAuctionData.properties files are read from TestData directory
2019-07-17 16:20:36 INFO  Log:40 - The AuctionData.properties files are read from TestData directory
2019-07-17 16:20:36 INFO  Log:40 - The Logindata.properties files are read from TestData directory
2019-07-17 16:20:36 INFO  Log:40 - The VesselData.properties files are read from TestData directory
2019-07-17 16:20:36 INFO  Log:40 - ******************************************************************
2019-07-17 16:20:36 INFO  Log:40 - The test should be performed at : Chrome Browser. 
2019-07-17 16:20:36 INFO  Log:40 - ******************************************************************
2019-07-17 16:20:45 INFO  Log:40 - *********************************************************************
2019-07-17 16:20:45 INFO  Log:40 - Navigating to the URL : https://newuat.buyjunction.in/
2019-07-17 16:20:45 INFO  Log:40 - *********************************************************************
2019-07-17 16:20:47 INFO  Log:24 - verify_Auction_Notice_Is_Present_for_BidderOne
2019-07-17 16:20:49 INFO  Log:40 - We are going to kickout other user
2019-07-17 16:20:51 INFO  Log:40 - Terms & Condition element found and hovered
2019-07-17 16:20:56 INFO  Log:40 - NO AUCTION AVAILABLE
2019-07-17 16:20:58 INFO  Log:40 - Terms & Condition element found and hovered
2019-07-17 16:21:03 INFO  Log:40 - NO AUCTION AVAILABLE
