2019-07-25 11:39:18 INFO  Log:40 - The AddAuctionNotice.properties files are read from Locators directory
2019-07-25 11:39:18 INFO  Log:40 - The AddBidderVesselDetails.properties files are read from Locators directory
2019-07-25 11:39:18 INFO  Log:40 - The Adminhome.properties files are read from Locators directory
2019-07-25 11:39:18 INFO  Log:40 - The Bidderhome.properties files are read from Locators directory
2019-07-25 11:39:18 INFO  Log:40 - The ChangeAucStatus.properties files are read from Locators directory
2019-07-25 11:39:18 INFO  Log:40 - The CheckAuctionNotice.properties files are read from Locators directory
2019-07-25 11:39:18 INFO  Log:40 - The ConfirmAuctionNotice.properties files are read from Locators directory
2019-07-25 11:39:18 INFO  Log:40 - The Liveauction.properties files are read from Locators directory
2019-07-25 11:39:18 INFO  Log:40 - The Login.properties files are read from Locators directory
2019-07-25 11:39:18 INFO  Log:40 - The ReleaseClosedAuction.properties files are read from Locators directory
2019-07-25 11:39:18 INFO  Log:40 - The StaticNote.properties files are read from Locators directory
2019-07-25 11:39:18 INFO  Log:40 - The UploadAuction.properties files are read from Locators directory
2019-07-25 11:39:18 INFO  Log:40 - The UploadAuctionNotice.properties files are read from Locators directory
2019-07-25 11:39:18 INFO  Log:40 - The VesselDetails.properties files are read from Locators directory
2019-07-25 11:39:18 INFO  Log:40 - The AddAuctionData.properties files are read from TestData directory
2019-07-25 11:39:18 INFO  Log:40 - The AuctionData.properties files are read from TestData directory
2019-07-25 11:39:18 INFO  Log:40 - The Logindata.properties files are read from TestData directory
2019-07-25 11:39:18 INFO  Log:40 - The VesselData.properties files are read from TestData directory
2019-07-25 11:39:18 INFO  Log:40 - ******************************************************************
2019-07-25 11:39:18 INFO  Log:40 - The test should be performed at : Chrome Browser. 
2019-07-25 11:39:18 INFO  Log:40 - ******************************************************************
2019-07-25 11:39:26 INFO  Log:40 - *********************************************************************
2019-07-25 11:39:26 INFO  Log:40 - Navigating to the URL : https://newuat.buyjunction.in/
2019-07-25 11:39:26 INFO  Log:40 - *********************************************************************
2019-07-25 11:39:28 INFO  Log:24 - verify_The_Live_Auction_General_R_A_User1
2019-07-25 11:39:34 INFO  Log:40 - We are going to kickout other user
2019-07-25 11:39:46 INFO  Log:40 - Bid(s) element found and hovered
2019-07-25 11:39:48 INFO  Log:40 - Yeppeee.....Live auction button is displaying....let's click
2019-07-25 11:40:15 INFO  Log:24 - verify_The_Live_Auction_General_R_A_User2
2019-07-25 11:40:17 INFO  Log:40 - We are going to kickout other user
2019-07-25 11:40:20 INFO  Log:40 - Bid(s) element found and hovered
2019-07-25 11:40:22 INFO  Log:40 - Yeppeee.....Live auction button is displaying....let's click
2019-07-25 11:40:43 INFO  Log:40 - Current Efficative bid price : 9999800.00
