2019-07-22 12:19:47 INFO  Log:40 - The AddAuctionNotice.properties files are read from Locators directory
2019-07-22 12:19:47 INFO  Log:40 - The AddBidderVesselDetails.properties files are read from Locators directory
2019-07-22 12:19:47 INFO  Log:40 - The Adminhome.properties files are read from Locators directory
2019-07-22 12:19:47 INFO  Log:40 - The Bidderhome.properties files are read from Locators directory
2019-07-22 12:19:47 INFO  Log:40 - The ChangeAucStatus.properties files are read from Locators directory
2019-07-22 12:19:47 INFO  Log:40 - The CheckAuctionNotice.properties files are read from Locators directory
2019-07-22 12:19:47 INFO  Log:40 - The ConfirmAuctionNotice.properties files are read from Locators directory
2019-07-22 12:19:47 INFO  Log:40 - The Liveauction.properties files are read from Locators directory
2019-07-22 12:19:47 INFO  Log:40 - The Login.properties files are read from Locators directory
2019-07-22 12:19:47 INFO  Log:40 - The ReleaseClosedAuction.properties files are read from Locators directory
2019-07-22 12:19:47 INFO  Log:40 - The StaticNote.properties files are read from Locators directory
2019-07-22 12:19:47 INFO  Log:40 - The UploadAuction.properties files are read from Locators directory
2019-07-22 12:19:47 INFO  Log:40 - The UploadAuctionNotice.properties files are read from Locators directory
2019-07-22 12:19:47 INFO  Log:40 - The VesselDetails.properties files are read from Locators directory
2019-07-22 12:19:47 INFO  Log:40 - The AddAuctionData.properties files are read from TestData directory
2019-07-22 12:19:47 INFO  Log:40 - The AuctionData.properties files are read from TestData directory
2019-07-22 12:19:47 INFO  Log:40 - The Logindata.properties files are read from TestData directory
2019-07-22 12:19:47 INFO  Log:40 - The VesselData.properties files are read from TestData directory
2019-07-22 12:19:47 INFO  Log:40 - ******************************************************************
2019-07-22 12:19:47 INFO  Log:40 - The test should be performed at : Chrome Browser. 
2019-07-22 12:19:47 INFO  Log:40 - ******************************************************************
2019-07-22 12:19:54 INFO  Log:40 - *********************************************************************
2019-07-22 12:19:54 INFO  Log:40 - Navigating to the URL : https://newuat.buyjunction.in/
2019-07-22 12:19:54 INFO  Log:40 - *********************************************************************
2019-07-22 12:19:59 INFO  Log:24 - verify_Auction_Notice_Is_Present_for_BidderTwo
2019-07-22 12:20:05 INFO  Log:40 - We are in AdminHome page
2019-07-22 12:20:07 INFO  Log:40 - Terms & Condition element found and hovered
2019-07-22 12:20:14 INFO  Log:40 - CheckBox Selected
2019-07-22 12:20:16 INFO  Log:40 - Radio button Selected
2019-07-22 12:20:24 INFO  Log:40 - Submit button Selected
