2019-07-24 13:41:34 INFO  Log:40 - The AddAuctionNotice.properties files are read from Locators directory
2019-07-24 13:41:34 INFO  Log:40 - The AddBidderVesselDetails.properties files are read from Locators directory
2019-07-24 13:41:34 INFO  Log:40 - The Adminhome.properties files are read from Locators directory
2019-07-24 13:41:34 INFO  Log:40 - The Bidderhome.properties files are read from Locators directory
2019-07-24 13:41:34 INFO  Log:40 - The ChangeAucStatus.properties files are read from Locators directory
2019-07-24 13:41:34 INFO  Log:40 - The CheckAuctionNotice.properties files are read from Locators directory
2019-07-24 13:41:34 INFO  Log:40 - The ConfirmAuctionNotice.properties files are read from Locators directory
2019-07-24 13:41:34 INFO  Log:40 - The Liveauction.properties files are read from Locators directory
2019-07-24 13:41:34 INFO  Log:40 - The Login.properties files are read from Locators directory
2019-07-24 13:41:34 INFO  Log:40 - The ReleaseClosedAuction.properties files are read from Locators directory
2019-07-24 13:41:34 INFO  Log:40 - The StaticNote.properties files are read from Locators directory
2019-07-24 13:41:34 INFO  Log:40 - The UploadAuction.properties files are read from Locators directory
2019-07-24 13:41:34 INFO  Log:40 - The UploadAuctionNotice.properties files are read from Locators directory
2019-07-24 13:41:34 INFO  Log:40 - The VesselDetails.properties files are read from Locators directory
2019-07-24 13:41:34 INFO  Log:40 - The AddAuctionData.properties files are read from TestData directory
2019-07-24 13:41:34 INFO  Log:40 - The AuctionData.properties files are read from TestData directory
2019-07-24 13:41:34 INFO  Log:40 - The Logindata.properties files are read from TestData directory
2019-07-24 13:41:34 INFO  Log:40 - The VesselData.properties files are read from TestData directory
2019-07-24 13:41:34 INFO  Log:40 - ******************************************************************
2019-07-24 13:41:34 INFO  Log:40 - The test should be performed at : Chrome Browser. 
2019-07-24 13:41:34 INFO  Log:40 - ******************************************************************
2019-07-24 13:41:42 INFO  Log:40 - *********************************************************************
2019-07-24 13:41:42 INFO  Log:40 - Navigating to the URL : https://newuat.buyjunction.in/
2019-07-24 13:41:42 INFO  Log:40 - *********************************************************************
2019-07-24 13:41:44 INFO  Log:24 - verify_The_Auction_Notice_Creation
2019-07-24 13:41:46 INFO  Log:40 - Screen Shot taken.....Smile Please
2019-07-24 13:41:46 INFO  Log:40 - We are going to kickout other user
2019-07-24 13:41:47 INFO  Log:40 - Screen Shot taken.....Smile Please
2019-07-24 13:41:50 INFO  Log:40 - Screen Shot taken.....Smile Please
2019-07-24 13:42:13 INFO  Log:40 - Screen Shot taken.....Smile Please
2019-07-24 13:42:22 INFO  Log:40 - Screen Shot taken.....Smile Please
2019-07-24 13:42:24 INFO  Log:40 - SUCCESSFULLY EXECUTED
2019-07-24 13:42:57 INFO  Log:40 - Screen Shot taken.....Smile Please
2019-07-24 13:43:30 INFO  Log:40 - Screen Shot taken.....Smile Please
2019-07-24 13:43:40 INFO  Log:40 - Screen Shot taken.....Smile Please
2019-07-24 13:44:00 INFO  Log:40 - Screen Shot taken.....Smile Please
2019-07-24 13:44:02 INFO  Log:40 - The vessel details is successfully added
2019-07-24 13:44:22 INFO  Log:40 - Screen Shot taken.....Smile Please
2019-07-24 13:44:25 INFO  Log:40 - Screen Shot taken.....Smile Please
2019-07-24 13:44:34 INFO  Log:40 - Screen Shot taken.....Smile Please
2019-07-24 13:44:37 INFO  Log:40 - no such element: Unable to locate element: {"method":"xpath","selector":"//p[contains(text(),'Auction Notice not ready for submission')]"}
  (Session info: chrome=75.0.3770.142)
  (Driver info: chromedriver=74.0.3729.6 (255758eccf3d244491b8a1317aa76e1ce10d57e9-refs/branch-heads/3729@{#29}),platform=Windows NT 10.0.17763 x86_64) (WARNING: The server did not provide any stacktrace information)
Command duration or timeout: 0 milliseconds
For documentation on this error, please visit: http://seleniumhq.org/exceptions/no_such_element.html
Build info: version: '3.141.5', revision: 'd54ebd709a', time: '2018-11-06T11:42:16'
System info: host: 'MJLT-1363', ip: '172.16.16.216', os.name: 'Windows 10', os.arch: 'amd64', os.version: '10.0', java.version: '1.8.0_202'
Driver info: org.openqa.selenium.chrome.ChromeDriver
Capabilities {acceptInsecureCerts: false, acceptSslCerts: false, applicationCacheEnabled: false, browserConnectionEnabled: false, browserName: chrome, chrome: {chromedriverVersion: 74.0.3729.6 (255758eccf3d24..., userDataDir: C:\Users\SOMNAT~1.CHA\AppDa...}, cssSelectorsEnabled: true, databaseEnabled: false, goog:chromeOptions: {debuggerAddress: localhost:56855}, handlesAlerts: true, hasTouchScreen: false, javascriptEnabled: true, locationContextEnabled: true, mobileEmulationEnabled: false, nativeEvents: true, networkConnectionEnabled: false, pageLoadStrategy: normal, platform: XP, platformName: XP, proxy: Proxy(), rotatable: false, setWindowRect: true, strictFileInteractability: false, takesHeapSnapshot: true, takesScreenshot: true, timeouts: {implicit: 0, pageLoad: 300000, script: 30000}, unexpectedAlertBehaviour: ignore, unhandledPromptBehavior: ignore, version: 75.0.3770.142, webStorageEnabled: true}
Session ID: c5a29df55a949dfed921c361342e9db3
*** Element info: {Using=xpath, value=//p[contains(text(),'Auction Notice not ready for submission')]}
2019-07-24 13:44:42 INFO  Log:40 - Screen Shot taken.....Smile Please
2019-07-24 13:44:55 INFO  Log:40 - Screen Shot taken.....Smile Please
2019-07-24 13:44:59 INFO  Log:40 - Screen Shot taken.....Smile Please
2019-07-24 13:45:03 INFO  Log:24 - verify_Auction_Notice_Is_Present_for_BidderOne
2019-07-24 13:45:05 INFO  Log:40 - Screen Shot taken.....Smile Please
2019-07-24 13:45:06 INFO  Log:40 - We are going to kickout other user
2019-07-24 13:45:08 INFO  Log:40 - Terms & Condition element found and hovered
2019-07-24 13:45:15 INFO  Log:40 - Screen Shot taken.....Smile Please
2019-07-24 13:45:17 INFO  Log:40 - Radio button Selected
2019-07-24 13:45:18 INFO  Log:40 - Screen Shot taken.....Smile Please
2019-07-24 13:45:21 INFO  Log:40 - Screen Shot taken.....Smile Please
2019-07-24 13:45:29 INFO  Log:40 - Screen Shot taken.....Smile Please
2019-07-24 13:45:32 INFO  Log:40 - Screen Shot taken.....Smile Please
2019-07-24 13:45:37 INFO  Log:40 - Screen Shot taken.....Smile Please
2019-07-24 13:45:44 INFO  Log:40 - First alert clicked
2019-07-24 13:45:45 INFO  Log:40 - Second alert clicked
2019-07-24 13:45:50 INFO  Log:40 - Vessel details browser closed
2019-07-24 13:45:50 INFO  Log:40 - CheckBox Selected
2019-07-24 13:45:51 INFO  Log:40 - Submit button Selected
2019-07-24 13:45:51 ERROR Log:52 - element click intercepted: Element <a href="/EPSWeb/security/signOutAction.do" style="color:#FFFFFF">...</a> is not clickable at point (825, 16). Other element would receive the click: <div id="myslidemenu" class="jqueryslidemenu">...</div>
  (Session info: chrome=75.0.3770.142)
  (Driver info: chromedriver=74.0.3729.6 (255758eccf3d244491b8a1317aa76e1ce10d57e9-refs/branch-heads/3729@{#29}),platform=Windows NT 10.0.17763 x86_64) (WARNING: The server did not provide any stacktrace information)
Command duration or timeout: 0 milliseconds
Build info: version: '3.141.5', revision: 'd54ebd709a', time: '2018-11-06T11:42:16'
System info: host: 'MJLT-1363', ip: '172.16.16.216', os.name: 'Windows 10', os.arch: 'amd64', os.version: '10.0', java.version: '1.8.0_202'
Driver info: org.openqa.selenium.chrome.ChromeDriver
Capabilities {acceptInsecureCerts: false, acceptSslCerts: false, applicationCacheEnabled: false, browserConnectionEnabled: false, browserName: chrome, chrome: {chromedriverVersion: 74.0.3729.6 (255758eccf3d24..., userDataDir: C:\Users\SOMNAT~1.CHA\AppDa...}, cssSelectorsEnabled: true, databaseEnabled: false, goog:chromeOptions: {debuggerAddress: localhost:56855}, handlesAlerts: true, hasTouchScreen: false, javascriptEnabled: true, locationContextEnabled: true, mobileEmulationEnabled: false, nativeEvents: true, networkConnectionEnabled: false, pageLoadStrategy: normal, platform: XP, platformName: XP, proxy: Proxy(), rotatable: false, setWindowRect: true, strictFileInteractability: false, takesHeapSnapshot: true, takesScreenshot: true, timeouts: {implicit: 0, pageLoad: 300000, script: 30000}, unexpectedAlertBehaviour: ignore, unhandledPromptBehavior: ignore, version: 75.0.3770.142, webStorageEnabled: true}
Session ID: c5a29df55a949dfed921c361342e9db3
2019-07-24 13:45:52 INFO  Log:24 - verify_Auction_Notice_Is_Present_for_BidderTwo
2019-07-24 13:45:57 ERROR Log:52 - no such element: Unable to locate element: {"method":"xpath","selector":"//input[@id='authCode']"}
  (Session info: chrome=75.0.3770.142)
  (Driver info: chromedriver=74.0.3729.6 (255758eccf3d244491b8a1317aa76e1ce10d57e9-refs/branch-heads/3729@{#29}),platform=Windows NT 10.0.17763 x86_64) (WARNING: The server did not provide any stacktrace information)
Command duration or timeout: 0 milliseconds
For documentation on this error, please visit: http://seleniumhq.org/exceptions/no_such_element.html
Build info: version: '3.141.5', revision: 'd54ebd709a', time: '2018-11-06T11:42:16'
System info: host: 'MJLT-1363', ip: '172.16.16.216', os.name: 'Windows 10', os.arch: 'amd64', os.version: '10.0', java.version: '1.8.0_202'
Driver info: org.openqa.selenium.chrome.ChromeDriver
Capabilities {acceptInsecureCerts: false, acceptSslCerts: false, applicationCacheEnabled: false, browserConnectionEnabled: false, browserName: chrome, chrome: {chromedriverVersion: 74.0.3729.6 (255758eccf3d24..., userDataDir: C:\Users\SOMNAT~1.CHA\AppDa...}, cssSelectorsEnabled: true, databaseEnabled: false, goog:chromeOptions: {debuggerAddress: localhost:56855}, handlesAlerts: true, hasTouchScreen: false, javascriptEnabled: true, locationContextEnabled: true, mobileEmulationEnabled: false, nativeEvents: true, networkConnectionEnabled: false, pageLoadStrategy: normal, platform: XP, platformName: XP, proxy: Proxy(), rotatable: false, setWindowRect: true, strictFileInteractability: false, takesHeapSnapshot: true, takesScreenshot: true, timeouts: {implicit: 0, pageLoad: 300000, script: 30000}, unexpectedAlertBehaviour: ignore, unhandledPromptBehavior: ignore, version: 75.0.3770.142, webStorageEnabled: true}
Session ID: c5a29df55a949dfed921c361342e9db3
*** Element info: {Using=xpath, value=//input[@id='authCode']}
2019-07-24 13:45:59 INFO  Log:24 - verify_The_Live_Auction_Multi_Seal_Bid_User1
2019-07-24 13:46:36 INFO  Log:40 - We are in AdminHome page
2019-07-24 13:47:36 INFO  Log:40 - We are going to kickout other user
2019-07-24 13:47:38 INFO  Log:40 - Bid(s) element found and hovered
2019-07-24 13:47:40 INFO  Log:40 - Yeppeee.....Live auction button is displaying....let's click
2019-07-24 13:48:03 INFO  Log:24 - verify_The_Live_Auction_Multi_Seal_Bid_User2
2019-07-24 13:48:10 INFO  Log:40 - We are in AdminHome page
2019-07-24 13:48:13 INFO  Log:40 - Bid(s) element found and hovered
2019-07-24 13:48:16 INFO  Log:40 - Yeppeee.....Live auction button is displaying....let's click
2019-07-24 13:48:25 ERROR Log:52 - unexpected alert open: {Alert text : You have to select minimum one auction}
  (Session info: chrome=75.0.3770.142)
  (Driver info: chromedriver=74.0.3729.6 (255758eccf3d244491b8a1317aa76e1ce10d57e9-refs/branch-heads/3729@{#29}),platform=Windows NT 10.0.17763 x86_64) (WARNING: The server did not provide any stacktrace information)
Command duration or timeout: 0 milliseconds: null
Build info: version: '3.141.5', revision: 'd54ebd709a', time: '2018-11-06T11:42:16'
System info: host: 'MJLT-1363', ip: '172.16.16.216', os.name: 'Windows 10', os.arch: 'amd64', os.version: '10.0', java.version: '1.8.0_202'
Driver info: org.openqa.selenium.chrome.ChromeDriver
Capabilities {acceptInsecureCerts: false, acceptSslCerts: false, applicationCacheEnabled: false, browserConnectionEnabled: false, browserName: chrome, chrome: {chromedriverVersion: 74.0.3729.6 (255758eccf3d24..., userDataDir: C:\Users\SOMNAT~1.CHA\AppDa...}, cssSelectorsEnabled: true, databaseEnabled: false, goog:chromeOptions: {debuggerAddress: localhost:56855}, handlesAlerts: true, hasTouchScreen: false, javascriptEnabled: true, locationContextEnabled: true, mobileEmulationEnabled: false, nativeEvents: true, networkConnectionEnabled: false, pageLoadStrategy: normal, platform: XP, platformName: XP, proxy: Proxy(), rotatable: false, setWindowRect: true, strictFileInteractability: false, takesHeapSnapshot: true, takesScreenshot: true, timeouts: {implicit: 0, pageLoad: 300000, script: 30000}, unexpectedAlertBehaviour: ignore, unhandledPromptBehavior: ignore, version: 75.0.3770.142, webStorageEnabled: true}
Session ID: c5a29df55a949dfed921c361342e9db3
*** Element info: {Using=xpath, value=//input[@type='checkbox'][@name='auctionCode']}
2019-07-24 13:48:25 INFO  Log:24 - verify_The_Live_Auction_General_R_A_User1
2019-07-24 13:49:00 INFO  Log:40 - We are in AdminHome page
