2019-08-30 10:13:24 INFO  Log:40 - The AddAuctionNotice.properties files are read from Locators directory
2019-08-30 10:13:24 INFO  Log:40 - The AddBidderVesselDetails.properties files are read from Locators directory
2019-08-30 10:13:24 INFO  Log:40 - The Adminhome.properties files are read from Locators directory
2019-08-30 10:13:24 INFO  Log:40 - The AuctionReport.properties files are read from Locators directory
2019-08-30 10:13:24 INFO  Log:40 - The Bidderhome.properties files are read from Locators directory
2019-08-30 10:13:24 INFO  Log:40 - The ChangeAucStatus.properties files are read from Locators directory
2019-08-30 10:13:24 INFO  Log:40 - The CheckAuctionNotice.properties files are read from Locators directory
2019-08-30 10:13:24 INFO  Log:40 - The ConfirmAuctionNotice.properties files are read from Locators directory
2019-08-30 10:13:24 INFO  Log:40 - The Liveauction.properties files are read from Locators directory
2019-08-30 10:13:24 INFO  Log:40 - The Login.properties files are read from Locators directory
2019-08-30 10:13:24 INFO  Log:40 - The ReleaseClosedAuction.properties files are read from Locators directory
2019-08-30 10:13:24 INFO  Log:40 - The StaticNote.properties files are read from Locators directory
2019-08-30 10:13:24 INFO  Log:40 - The UploadAuction.properties files are read from Locators directory
2019-08-30 10:13:24 INFO  Log:40 - The UploadAuctionNotice.properties files are read from Locators directory
2019-08-30 10:13:24 INFO  Log:40 - The VesselDetails.properties files are read from Locators directory
2019-08-30 10:13:24 INFO  Log:40 - The AddAuctionData.properties files are read from TestData directory
2019-08-30 10:13:24 INFO  Log:40 - The AuctionData.properties files are read from TestData directory
2019-08-30 10:13:24 INFO  Log:40 - The Logindata.properties files are read from TestData directory
2019-08-30 10:13:24 INFO  Log:40 - The VesselData.properties files are read from TestData directory
2019-08-30 10:13:24 INFO  Log:40 - ******************************************************************
2019-08-30 10:13:24 INFO  Log:40 - The test should be performed at : Chrome Browser. 
2019-08-30 10:13:24 INFO  Log:40 - ******************************************************************
2019-08-30 10:13:32 INFO  Log:40 - *********************************************************************
2019-08-30 10:13:32 INFO  Log:40 - Navigating to the URL : https://newuat.buyjunction.in/
2019-08-30 10:13:32 INFO  Log:40 - *********************************************************************
2019-08-30 10:13:37 INFO  Log:24 - verify_The_Auction_Notice_Creation
2019-08-30 10:13:38 INFO  Log:40 - Screen Shot taken.....Smile Please
2019-08-30 10:13:42 INFO  Log:40 - We are in AdminHome page
2019-08-30 10:13:42 INFO  Log:40 - Screen Shot taken.....Smile Please
2019-08-30 10:13:46 INFO  Log:40 - Screen Shot taken.....Smile Please
2019-08-30 10:14:11 INFO  Log:40 - Screen Shot taken.....Smile Please
2019-08-30 10:14:20 INFO  Log:40 - Screen Shot taken.....Smile Please
2019-08-30 10:14:22 INFO  Log:40 - SUCCESSFULLY EXECUTED
2019-08-30 10:14:59 INFO  Log:40 - Screen Shot taken.....Smile Please
2019-08-30 10:15:09 INFO  Log:40 - no such element: Unable to locate element: {"method":"xpath","selector":"//p[contains(text(),'Successfully Uploaded')]"}
  (Session info: chrome=76.0.3809.132)
For documentation on this error, please visit: http://seleniumhq.org/exceptions/no_such_element.html
Build info: version: '3.141.5', revision: 'd54ebd709a', time: '2018-11-06T11:42:16'
System info: host: 'MJLT-1363', ip: '172.16.16.216', os.name: 'Windows 10', os.arch: 'amd64', os.version: '10.0', java.version: '1.8.0_202'
Driver info: org.openqa.selenium.chrome.ChromeDriver
Capabilities {acceptInsecureCerts: false, browserName: chrome, browserVersion: 76.0.3809.132, chrome: {chromedriverVersion: 76.0.3809.68 (420c9498db8ce..., userDataDir: C:\Users\SOMNAT~1.CHA\AppDa...}, goog:chromeOptions: {debuggerAddress: localhost:58660}, javascriptEnabled: true, networkConnectionEnabled: false, pageLoadStrategy: normal, platform: XP, platformName: XP, proxy: Proxy(), setWindowRect: true, strictFileInteractability: false, timeouts: {implicit: 0, pageLoad: 300000, script: 30000}, unhandledPromptBehavior: dismiss and notify}
Session ID: 6dbb6526414b5268e276790cc6a6e657
*** Element info: {Using=xpath, value=//p[contains(text(),'Successfully Uploaded')]}
2019-08-30 10:15:19 INFO  Log:40 - Screen Shot taken.....Smile Please
2019-08-30 10:15:44 INFO  Log:40 - Screen Shot taken.....Smile Please
2019-08-30 10:15:47 INFO  Log:40 - The vessel details is successfully added
2019-08-30 10:16:12 INFO  Log:40 - Screen Shot taken.....Smile Please
2019-08-30 10:16:17 INFO  Log:40 - Screen Shot taken.....Smile Please
2019-08-30 10:16:30 INFO  Log:40 - Screen Shot taken.....Smile Please
