2019-07-24 16:05:07 INFO  Log:40 - The AddAuctionNotice.properties files are read from Locators directory
2019-07-24 16:05:07 INFO  Log:40 - The AddBidderVesselDetails.properties files are read from Locators directory
2019-07-24 16:05:07 INFO  Log:40 - The Adminhome.properties files are read from Locators directory
2019-07-24 16:05:07 INFO  Log:40 - The Bidderhome.properties files are read from Locators directory
2019-07-24 16:05:07 INFO  Log:40 - The ChangeAucStatus.properties files are read from Locators directory
2019-07-24 16:05:07 INFO  Log:40 - The CheckAuctionNotice.properties files are read from Locators directory
2019-07-24 16:05:07 INFO  Log:40 - The ConfirmAuctionNotice.properties files are read from Locators directory
2019-07-24 16:05:07 INFO  Log:40 - The Liveauction.properties files are read from Locators directory
2019-07-24 16:05:07 INFO  Log:40 - The Login.properties files are read from Locators directory
2019-07-24 16:05:07 INFO  Log:40 - The ReleaseClosedAuction.properties files are read from Locators directory
2019-07-24 16:05:07 INFO  Log:40 - The StaticNote.properties files are read from Locators directory
2019-07-24 16:05:07 INFO  Log:40 - The UploadAuction.properties files are read from Locators directory
2019-07-24 16:05:07 INFO  Log:40 - The UploadAuctionNotice.properties files are read from Locators directory
2019-07-24 16:05:07 INFO  Log:40 - The VesselDetails.properties files are read from Locators directory
2019-07-24 16:05:07 INFO  Log:40 - The AddAuctionData.properties files are read from TestData directory
2019-07-24 16:05:07 INFO  Log:40 - The AuctionData.properties files are read from TestData directory
2019-07-24 16:05:07 INFO  Log:40 - The Logindata.properties files are read from TestData directory
2019-07-24 16:05:07 INFO  Log:40 - The VesselData.properties files are read from TestData directory
2019-07-24 16:05:07 INFO  Log:40 - ******************************************************************
2019-07-24 16:05:07 INFO  Log:40 - The test should be performed at : Chrome Browser. 
2019-07-24 16:05:07 INFO  Log:40 - ******************************************************************
2019-07-24 16:05:14 INFO  Log:40 - *********************************************************************
2019-07-24 16:05:14 INFO  Log:40 - Navigating to the URL : https://newuat.buyjunction.in/
2019-07-24 16:05:14 INFO  Log:40 - *********************************************************************
2019-07-24 16:05:15 INFO  Log:24 - verify_The_Auction_Notice_Creation
2019-07-24 16:05:16 INFO  Log:40 - Screen Shot taken.....Smile Please
2019-07-24 16:05:17 INFO  Log:40 - We are going to kickout other user
2019-07-24 16:05:18 INFO  Log:40 - Screen Shot taken.....Smile Please
2019-07-24 16:05:21 INFO  Log:40 - Screen Shot taken.....Smile Please
2019-07-24 16:05:45 INFO  Log:40 - Screen Shot taken.....Smile Please
2019-07-24 16:05:54 INFO  Log:40 - Screen Shot taken.....Smile Please
2019-07-24 16:05:56 INFO  Log:40 - SUCCESSFULLY EXECUTED
2019-07-24 16:06:30 INFO  Log:40 - Screen Shot taken.....Smile Please
2019-07-24 16:07:05 INFO  Log:40 - Screen Shot taken.....Smile Please
2019-07-24 16:07:15 INFO  Log:40 - Screen Shot taken.....Smile Please
2019-07-24 16:07:36 INFO  Log:40 - Screen Shot taken.....Smile Please
2019-07-24 16:07:38 INFO  Log:40 - The vessel details is successfully added
2019-07-24 16:07:58 INFO  Log:40 - Screen Shot taken.....Smile Please
2019-07-24 16:08:02 INFO  Log:40 - Screen Shot taken.....Smile Please
2019-07-24 16:08:11 INFO  Log:40 - Screen Shot taken.....Smile Please
2019-07-24 16:08:14 INFO  Log:40 - no such element: Unable to locate element: {"method":"xpath","selector":"//p[contains(text(),'Auction Notice not ready for submission')]"}
  (Session info: chrome=75.0.3770.142)
  (Driver info: chromedriver=74.0.3729.6 (255758eccf3d244491b8a1317aa76e1ce10d57e9-refs/branch-heads/3729@{#29}),platform=Windows NT 10.0.17763 x86_64) (WARNING: The server did not provide any stacktrace information)
Command duration or timeout: 0 milliseconds
For documentation on this error, please visit: http://seleniumhq.org/exceptions/no_such_element.html
Build info: version: '3.141.5', revision: 'd54ebd709a', time: '2018-11-06T11:42:16'
System info: host: 'MJLT-1363', ip: '172.16.16.216', os.name: 'Windows 10', os.arch: 'amd64', os.version: '10.0', java.version: '1.8.0_202'
Driver info: org.openqa.selenium.chrome.ChromeDriver
Capabilities {acceptInsecureCerts: false, acceptSslCerts: false, applicationCacheEnabled: false, browserConnectionEnabled: false, browserName: chrome, chrome: {chromedriverVersion: 74.0.3729.6 (255758eccf3d24..., userDataDir: C:\Users\SOMNAT~1.CHA\AppDa...}, cssSelectorsEnabled: true, databaseEnabled: false, goog:chromeOptions: {debuggerAddress: localhost:62278}, handlesAlerts: true, hasTouchScreen: false, javascriptEnabled: true, locationContextEnabled: true, mobileEmulationEnabled: false, nativeEvents: true, networkConnectionEnabled: false, pageLoadStrategy: normal, platform: XP, platformName: XP, proxy: Proxy(), rotatable: false, setWindowRect: true, strictFileInteractability: false, takesHeapSnapshot: true, takesScreenshot: true, timeouts: {implicit: 0, pageLoad: 300000, script: 30000}, unexpectedAlertBehaviour: ignore, unhandledPromptBehavior: ignore, version: 75.0.3770.142, webStorageEnabled: true}
Session ID: 1d4a557417a3b7e7620e0674700ecde7
*** Element info: {Using=xpath, value=//p[contains(text(),'Auction Notice not ready for submission')]}
2019-07-24 16:08:20 INFO  Log:40 - Screen Shot taken.....Smile Please
2019-07-24 16:08:33 INFO  Log:40 - Screen Shot taken.....Smile Please
2019-07-24 16:08:38 INFO  Log:40 - Screen Shot taken.....Smile Please
2019-07-24 16:08:41 INFO  Log:24 - verify_Auction_Notice_Is_Present_for_BidderOne
2019-07-24 16:08:44 INFO  Log:40 - Screen Shot taken.....Smile Please
2019-07-24 16:08:46 INFO  Log:40 - We are in AdminHome page
2019-07-24 16:08:49 INFO  Log:40 - Terms & Condition element found and hovered
2019-07-24 16:08:55 INFO  Log:40 - Screen Shot taken.....Smile Please
2019-07-24 16:08:58 INFO  Log:40 - Radio button Selected
2019-07-24 16:08:59 INFO  Log:40 - Screen Shot taken.....Smile Please
2019-07-24 16:09:02 INFO  Log:40 - Screen Shot taken.....Smile Please
2019-07-24 16:09:10 INFO  Log:40 - Screen Shot taken.....Smile Please
2019-07-24 16:09:14 INFO  Log:40 - Screen Shot taken.....Smile Please
2019-07-24 16:09:19 INFO  Log:40 - Screen Shot taken.....Smile Please
2019-07-24 16:09:27 INFO  Log:40 - First alert clicked
2019-07-24 16:09:28 INFO  Log:40 - Second alert clicked
2019-07-24 16:09:33 INFO  Log:40 - Vessel details browser closed
2019-07-24 16:09:33 INFO  Log:40 - CheckBox Selected
2019-07-24 16:09:34 INFO  Log:40 - Submit button Selected
2019-07-24 16:09:40 INFO  Log:24 - verify_Auction_Notice_Is_Present_for_BidderTwo
2019-07-24 16:09:43 INFO  Log:40 - Screen Shot taken.....Smile Please
2019-07-24 16:09:46 INFO  Log:40 - We are in AdminHome page
2019-07-24 16:09:48 INFO  Log:40 - Terms & Condition element found and hovered
2019-07-24 16:09:54 INFO  Log:40 - Screen Shot taken.....Smile Please
2019-07-24 16:09:56 INFO  Log:40 - CheckBox Selected
2019-07-24 16:09:58 INFO  Log:40 - Radio button Selected
2019-07-24 16:10:02 INFO  Log:40 - Screen Shot taken.....Smile Please
2019-07-24 16:10:07 INFO  Log:40 - Screen Shot taken.....Smile Please
2019-07-24 16:10:13 INFO  Log:40 - Screen Shot taken.....Smile Please
2019-07-24 16:10:19 INFO  Log:40 - Screen Shot taken.....Smile Please
2019-07-24 16:10:34 INFO  Log:40 - Submit button Selected
2019-07-24 16:10:38 ERROR Log:52 - no such element: Unable to locate element: {"method":"xpath","selector":"//a[contains(text(),'Sign Out')]"}
  (Session info: chrome=75.0.3770.142)
  (Driver info: chromedriver=74.0.3729.6 (255758eccf3d244491b8a1317aa76e1ce10d57e9-refs/branch-heads/3729@{#29}),platform=Windows NT 10.0.17763 x86_64) (WARNING: The server did not provide any stacktrace information)
Command duration or timeout: 0 milliseconds
For documentation on this error, please visit: http://seleniumhq.org/exceptions/no_such_element.html
Build info: version: '3.141.5', revision: 'd54ebd709a', time: '2018-11-06T11:42:16'
System info: host: 'MJLT-1363', ip: '172.16.16.216', os.name: 'Windows 10', os.arch: 'amd64', os.version: '10.0', java.version: '1.8.0_202'
Driver info: org.openqa.selenium.chrome.ChromeDriver
Capabilities {acceptInsecureCerts: false, acceptSslCerts: false, applicationCacheEnabled: false, browserConnectionEnabled: false, browserName: chrome, chrome: {chromedriverVersion: 74.0.3729.6 (255758eccf3d24..., userDataDir: C:\Users\SOMNAT~1.CHA\AppDa...}, cssSelectorsEnabled: true, databaseEnabled: false, goog:chromeOptions: {debuggerAddress: localhost:62278}, handlesAlerts: true, hasTouchScreen: false, javascriptEnabled: true, locationContextEnabled: true, mobileEmulationEnabled: false, nativeEvents: true, networkConnectionEnabled: false, pageLoadStrategy: normal, platform: XP, platformName: XP, proxy: Proxy(), rotatable: false, setWindowRect: true, strictFileInteractability: false, takesHeapSnapshot: true, takesScreenshot: true, timeouts: {implicit: 0, pageLoad: 300000, script: 30000}, unexpectedAlertBehaviour: ignore, unhandledPromptBehavior: ignore, version: 75.0.3770.142, webStorageEnabled: true}
Session ID: 1d4a557417a3b7e7620e0674700ecde7
*** Element info: {Using=xpath, value=//a[contains(text(),'Sign Out')]}
2019-07-24 16:10:38 INFO  Log:24 - verify_The_Live_Auction_Multi_Seal_Bid_User1
2019-07-24 16:11:15 INFO  Log:40 - We are in AdminHome page
2019-07-24 16:12:15 INFO  Log:40 - We are going to kickout other user
2019-07-24 16:12:18 INFO  Log:40 - Bid(s) element found and hovered
2019-07-24 16:12:20 INFO  Log:40 - Yeppeee.....Live auction button is displaying....let's click
2019-07-24 16:12:43 INFO  Log:24 - verify_The_Live_Auction_Multi_Seal_Bid_User2
2019-07-24 16:12:50 INFO  Log:40 - We are in AdminHome page
2019-07-24 16:12:53 INFO  Log:40 - Bid(s) element found and hovered
2019-07-24 16:12:55 INFO  Log:40 - Yeppeee.....Live auction button is displaying....let's click
2019-07-24 16:13:13 INFO  Log:40 - Current Efficative bid price : 800.00
2019-07-24 16:15:16 INFO  Log:24 - verify_The_Live_Auction_General_R_A_User1
2019-07-24 16:16:19 INFO  Log:40 - We are in AdminHome page
2019-07-24 16:17:49 INFO  Log:40 - We are going to kickout other user
2019-07-24 16:17:51 INFO  Log:40 - Bid(s) element found and hovered
2019-07-24 16:17:53 INFO  Log:40 - Yeppeee.....Live auction button is displaying....let's click
2019-07-24 16:18:06 INFO  Log:40 - 
2019-07-24 16:18:06 INFO  Log:24 - verify_The_Live_Auction_General_R_A_User2
2019-07-24 16:18:09 ERROR Log:52 - no such element: Unable to locate element: {"method":"xpath","selector":"//input[@id='authCode']"}
  (Session info: chrome=75.0.3770.142)
  (Driver info: chromedriver=74.0.3729.6 (255758eccf3d244491b8a1317aa76e1ce10d57e9-refs/branch-heads/3729@{#29}),platform=Windows NT 10.0.17763 x86_64) (WARNING: The server did not provide any stacktrace information)
Command duration or timeout: 0 milliseconds
For documentation on this error, please visit: http://seleniumhq.org/exceptions/no_such_element.html
Build info: version: '3.141.5', revision: 'd54ebd709a', time: '2018-11-06T11:42:16'
System info: host: 'MJLT-1363', ip: '172.16.16.216', os.name: 'Windows 10', os.arch: 'amd64', os.version: '10.0', java.version: '1.8.0_202'
Driver info: org.openqa.selenium.chrome.ChromeDriver
Capabilities {acceptInsecureCerts: false, acceptSslCerts: false, applicationCacheEnabled: false, browserConnectionEnabled: false, browserName: chrome, chrome: {chromedriverVersion: 74.0.3729.6 (255758eccf3d24..., userDataDir: C:\Users\SOMNAT~1.CHA\AppDa...}, cssSelectorsEnabled: true, databaseEnabled: false, goog:chromeOptions: {debuggerAddress: localhost:62278}, handlesAlerts: true, hasTouchScreen: false, javascriptEnabled: true, locationContextEnabled: true, mobileEmulationEnabled: false, nativeEvents: true, networkConnectionEnabled: false, pageLoadStrategy: normal, platform: XP, platformName: XP, proxy: Proxy(), rotatable: false, setWindowRect: true, strictFileInteractability: false, takesHeapSnapshot: true, takesScreenshot: true, timeouts: {implicit: 0, pageLoad: 300000, script: 30000}, unexpectedAlertBehaviour: ignore, unhandledPromptBehavior: ignore, version: 75.0.3770.142, webStorageEnabled: true}
Session ID: 1d4a557417a3b7e7620e0674700ecde7
*** Element info: {Using=xpath, value=//input[@id='authCode']}
2019-07-24 16:18:11 ERROR Log:52 - no such element: Unable to locate element: {"method":"xpath","selector":"//a[contains(text(),'Sign Out')]"}
  (Session info: chrome=75.0.3770.142)
  (Driver info: chromedriver=74.0.3729.6 (255758eccf3d244491b8a1317aa76e1ce10d57e9-refs/branch-heads/3729@{#29}),platform=Windows NT 10.0.17763 x86_64) (WARNING: The server did not provide any stacktrace information)
Command duration or timeout: 0 milliseconds
For documentation on this error, please visit: http://seleniumhq.org/exceptions/no_such_element.html
Build info: version: '3.141.5', revision: 'd54ebd709a', time: '2018-11-06T11:42:16'
System info: host: 'MJLT-1363', ip: '172.16.16.216', os.name: 'Windows 10', os.arch: 'amd64', os.version: '10.0', java.version: '1.8.0_202'
Driver info: org.openqa.selenium.chrome.ChromeDriver
Capabilities {acceptInsecureCerts: false, acceptSslCerts: false, applicationCacheEnabled: false, browserConnectionEnabled: false, browserName: chrome, chrome: {chromedriverVersion: 74.0.3729.6 (255758eccf3d24..., userDataDir: C:\Users\SOMNAT~1.CHA\AppDa...}, cssSelectorsEnabled: true, databaseEnabled: false, goog:chromeOptions: {debuggerAddress: localhost:62278}, handlesAlerts: true, hasTouchScreen: false, javascriptEnabled: true, locationContextEnabled: true, mobileEmulationEnabled: false, nativeEvents: true, networkConnectionEnabled: false, pageLoadStrategy: normal, platform: XP, platformName: XP, proxy: Proxy(), rotatable: false, setWindowRect: true, strictFileInteractability: false, takesHeapSnapshot: true, takesScreenshot: true, timeouts: {implicit: 0, pageLoad: 300000, script: 30000}, unexpectedAlertBehaviour: ignore, unhandledPromptBehavior: ignore, version: 75.0.3770.142, webStorageEnabled: true}
Session ID: 1d4a557417a3b7e7620e0674700ecde7
*** Element info: {Using=xpath, value=//a[contains(text(),'Sign Out')]}
2019-07-24 16:18:11 INFO  Log:24 - check_The_Release
2019-07-24 16:21:13 INFO  Log:40 - no such element: Unable to locate element: {"method":"xpath","selector":"//input[@id='authCode']"}
  (Session info: chrome=75.0.3770.142)
  (Driver info: chromedriver=74.0.3729.6 (255758eccf3d244491b8a1317aa76e1ce10d57e9-refs/branch-heads/3729@{#29}),platform=Windows NT 10.0.17763 x86_64) (WARNING: The server did not provide any stacktrace information)
Command duration or timeout: 0 milliseconds
For documentation on this error, please visit: http://seleniumhq.org/exceptions/no_such_element.html
Build info: version: '3.141.5', revision: 'd54ebd709a', time: '2018-11-06T11:42:16'
System info: host: 'MJLT-1363', ip: '172.16.16.216', os.name: 'Windows 10', os.arch: 'amd64', os.version: '10.0', java.version: '1.8.0_202'
Driver info: org.openqa.selenium.chrome.ChromeDriver
Capabilities {acceptInsecureCerts: false, acceptSslCerts: false, applicationCacheEnabled: false, browserConnectionEnabled: false, browserName: chrome, chrome: {chromedriverVersion: 74.0.3729.6 (255758eccf3d24..., userDataDir: C:\Users\SOMNAT~1.CHA\AppDa...}, cssSelectorsEnabled: true, databaseEnabled: false, goog:chromeOptions: {debuggerAddress: localhost:62278}, handlesAlerts: true, hasTouchScreen: false, javascriptEnabled: true, locationContextEnabled: true, mobileEmulationEnabled: false, nativeEvents: true, networkConnectionEnabled: false, pageLoadStrategy: normal, platform: XP, platformName: XP, proxy: Proxy(), rotatable: false, setWindowRect: true, strictFileInteractability: false, takesHeapSnapshot: true, takesScreenshot: true, timeouts: {implicit: 0, pageLoad: 300000, script: 30000}, unexpectedAlertBehaviour: ignore, unhandledPromptBehavior: ignore, version: 75.0.3770.142, webStorageEnabled: true}
Session ID: 1d4a557417a3b7e7620e0674700ecde7
*** Element info: {Using=xpath, value=//input[@id='authCode']}
2019-07-24 16:21:15 ERROR Log:52 - no such element: Unable to locate element: {"method":"xpath","selector":"//a[contains(text(),'Sign Out')]"}
  (Session info: chrome=75.0.3770.142)
  (Driver info: chromedriver=74.0.3729.6 (255758eccf3d244491b8a1317aa76e1ce10d57e9-refs/branch-heads/3729@{#29}),platform=Windows NT 10.0.17763 x86_64) (WARNING: The server did not provide any stacktrace information)
Command duration or timeout: 0 milliseconds
For documentation on this error, please visit: http://seleniumhq.org/exceptions/no_such_element.html
Build info: version: '3.141.5', revision: 'd54ebd709a', time: '2018-11-06T11:42:16'
System info: host: 'MJLT-1363', ip: '172.16.16.216', os.name: 'Windows 10', os.arch: 'amd64', os.version: '10.0', java.version: '1.8.0_202'
Driver info: org.openqa.selenium.chrome.ChromeDriver
Capabilities {acceptInsecureCerts: false, acceptSslCerts: false, applicationCacheEnabled: false, browserConnectionEnabled: false, browserName: chrome, chrome: {chromedriverVersion: 74.0.3729.6 (255758eccf3d24..., userDataDir: C:\Users\SOMNAT~1.CHA\AppDa...}, cssSelectorsEnabled: true, databaseEnabled: false, goog:chromeOptions: {debuggerAddress: localhost:62278}, handlesAlerts: true, hasTouchScreen: false, javascriptEnabled: true, locationContextEnabled: true, mobileEmulationEnabled: false, nativeEvents: true, networkConnectionEnabled: false, pageLoadStrategy: normal, platform: XP, platformName: XP, proxy: Proxy(), rotatable: false, setWindowRect: true, strictFileInteractability: false, takesHeapSnapshot: true, takesScreenshot: true, timeouts: {implicit: 0, pageLoad: 300000, script: 30000}, unexpectedAlertBehaviour: ignore, unhandledPromptBehavior: ignore, version: 75.0.3770.142, webStorageEnabled: true}
Session ID: 1d4a557417a3b7e7620e0674700ecde7
*** Element info: {Using=xpath, value=//a[contains(text(),'Sign Out')]}
2019-07-24 16:21:17 DEBUG cache:45 - Couldn't find template in cache for "Extent.ftl"("en_IN", UTF-8, parsed); will try to load it.
2019-07-24 16:21:17 DEBUG cache:45 - TemplateLoader.findTemplateSource("Extent_en_IN.ftl"): Not found
2019-07-24 16:21:17 DEBUG cache:45 - TemplateLoader.findTemplateSource("Extent_en.ftl"): Not found
2019-07-24 16:21:17 DEBUG cache:45 - TemplateLoader.findTemplateSource("Extent.ftl"): Found
2019-07-24 16:21:17 DEBUG cache:45 - Loading template for "Extent.ftl"("en_IN", UTF-8, parsed) from "jar:file:/C:/Users/somnath.chatterjee1/.m2/repository/com/relevantcodes/extentreports/2.41.0/extentreports-2.41.0.jar!/com/relevantcodes/extentreports/view/Extent.ftl"
2019-07-24 16:21:17 DEBUG cache:45 - Couldn't find template in cache for "Extent.ftl"("en_IN", UTF-8, parsed); will try to load it.
2019-07-24 16:21:17 DEBUG cache:45 - TemplateLoader.findTemplateSource("Extent_en_IN.ftl"): Not found
2019-07-24 16:21:17 DEBUG cache:45 - TemplateLoader.findTemplateSource("Extent_en.ftl"): Not found
2019-07-24 16:21:17 DEBUG cache:45 - TemplateLoader.findTemplateSource("Extent.ftl"): Found
2019-07-24 16:21:17 DEBUG cache:45 - Loading template for "Extent.ftl"("en_IN", UTF-8, parsed) from "jar:file:/C:/Users/somnath.chatterjee1/.m2/repository/com/relevantcodes/extentreports/2.41.0/extentreports-2.41.0.jar!/com/relevantcodes/extentreports/view/Extent.ftl"
