2019-07-24 15:25:46 INFO  Log:40 - The AddAuctionNotice.properties files are read from Locators directory
2019-07-24 15:25:46 INFO  Log:40 - The AddBidderVesselDetails.properties files are read from Locators directory
2019-07-24 15:25:46 INFO  Log:40 - The Adminhome.properties files are read from Locators directory
2019-07-24 15:25:46 INFO  Log:40 - The Bidderhome.properties files are read from Locators directory
2019-07-24 15:25:46 INFO  Log:40 - The ChangeAucStatus.properties files are read from Locators directory
2019-07-24 15:25:46 INFO  Log:40 - The CheckAuctionNotice.properties files are read from Locators directory
2019-07-24 15:25:46 INFO  Log:40 - The ConfirmAuctionNotice.properties files are read from Locators directory
2019-07-24 15:25:46 INFO  Log:40 - The Liveauction.properties files are read from Locators directory
2019-07-24 15:25:46 INFO  Log:40 - The Login.properties files are read from Locators directory
2019-07-24 15:25:46 INFO  Log:40 - The ReleaseClosedAuction.properties files are read from Locators directory
2019-07-24 15:25:46 INFO  Log:40 - The StaticNote.properties files are read from Locators directory
2019-07-24 15:25:46 INFO  Log:40 - The UploadAuction.properties files are read from Locators directory
2019-07-24 15:25:46 INFO  Log:40 - The UploadAuctionNotice.properties files are read from Locators directory
2019-07-24 15:25:46 INFO  Log:40 - The VesselDetails.properties files are read from Locators directory
2019-07-24 15:25:46 INFO  Log:40 - The AddAuctionData.properties files are read from TestData directory
2019-07-24 15:25:46 INFO  Log:40 - The AuctionData.properties files are read from TestData directory
2019-07-24 15:25:46 INFO  Log:40 - The Logindata.properties files are read from TestData directory
2019-07-24 15:25:46 INFO  Log:40 - The VesselData.properties files are read from TestData directory
2019-07-24 15:25:46 INFO  Log:40 - ******************************************************************
2019-07-24 15:25:46 INFO  Log:40 - The test should be performed at : Chrome Browser. 
2019-07-24 15:25:46 INFO  Log:40 - ******************************************************************
2019-07-24 15:26:11 INFO  Log:40 - *********************************************************************
2019-07-24 15:26:11 INFO  Log:40 - Navigating to the URL : https://newuat.buyjunction.in/
2019-07-24 15:26:11 INFO  Log:40 - *********************************************************************
2019-07-24 15:26:24 INFO  Log:24 - verify_The_Auction_Notice_Creation
2019-07-24 15:26:25 INFO  Log:40 - Screen Shot taken.....Smile Please
2019-07-24 15:26:29 INFO  Log:40 - We are going to kickout other user
2019-07-24 15:26:31 INFO  Log:40 - Screen Shot taken.....Smile Please
2019-07-24 15:26:35 INFO  Log:40 - Screen Shot taken.....Smile Please
2019-07-24 15:26:58 INFO  Log:40 - Screen Shot taken.....Smile Please
2019-07-24 15:27:07 INFO  Log:40 - Screen Shot taken.....Smile Please
2019-07-24 15:27:08 INFO  Log:40 - SUCCESSFULLY EXECUTED
2019-07-24 15:27:42 INFO  Log:40 - Screen Shot taken.....Smile Please
2019-07-24 15:28:16 INFO  Log:40 - Screen Shot taken.....Smile Please
2019-07-24 15:28:26 INFO  Log:40 - Screen Shot taken.....Smile Please
2019-07-24 15:28:46 INFO  Log:40 - Screen Shot taken.....Smile Please
2019-07-24 15:28:48 INFO  Log:40 - The vessel details is successfully added
2019-07-24 15:29:07 INFO  Log:40 - Screen Shot taken.....Smile Please
2019-07-24 15:29:10 INFO  Log:40 - Screen Shot taken.....Smile Please
2019-07-24 15:29:21 INFO  Log:40 - Screen Shot taken.....Smile Please
2019-07-24 15:29:23 INFO  Log:40 - no such element: Unable to locate element: {"method":"xpath","selector":"//p[contains(text(),'Auction Notice not ready for submission')]"}
  (Session info: chrome=75.0.3770.142)
  (Driver info: chromedriver=74.0.3729.6 (255758eccf3d244491b8a1317aa76e1ce10d57e9-refs/branch-heads/3729@{#29}),platform=Windows NT 10.0.17763 x86_64) (WARNING: The server did not provide any stacktrace information)
Command duration or timeout: 0 milliseconds
For documentation on this error, please visit: http://seleniumhq.org/exceptions/no_such_element.html
Build info: version: '3.141.5', revision: 'd54ebd709a', time: '2018-11-06T11:42:16'
System info: host: 'MJLT-1363', ip: '172.16.16.216', os.name: 'Windows 10', os.arch: 'amd64', os.version: '10.0', java.version: '1.8.0_202'
Driver info: org.openqa.selenium.chrome.ChromeDriver
Capabilities {acceptInsecureCerts: false, acceptSslCerts: false, applicationCacheEnabled: false, browserConnectionEnabled: false, browserName: chrome, chrome: {chromedriverVersion: 74.0.3729.6 (255758eccf3d24..., userDataDir: C:\Users\SOMNAT~1.CHA\AppDa...}, cssSelectorsEnabled: true, databaseEnabled: false, goog:chromeOptions: {debuggerAddress: localhost:54586}, handlesAlerts: true, hasTouchScreen: false, javascriptEnabled: true, locationContextEnabled: true, mobileEmulationEnabled: false, nativeEvents: true, networkConnectionEnabled: false, pageLoadStrategy: normal, platform: XP, platformName: XP, proxy: Proxy(), rotatable: false, setWindowRect: true, strictFileInteractability: false, takesHeapSnapshot: true, takesScreenshot: true, timeouts: {implicit: 0, pageLoad: 300000, script: 30000}, unexpectedAlertBehaviour: ignore, unhandledPromptBehavior: ignore, version: 75.0.3770.142, webStorageEnabled: true}
Session ID: c15671eb3f41890b071dc246bdac4ee5
*** Element info: {Using=xpath, value=//p[contains(text(),'Auction Notice not ready for submission')]}
2019-07-24 15:29:30 INFO  Log:40 - Screen Shot taken.....Smile Please
2019-07-24 15:29:43 INFO  Log:40 - Screen Shot taken.....Smile Please
2019-07-24 15:29:48 INFO  Log:40 - Screen Shot taken.....Smile Please
2019-07-24 15:29:52 INFO  Log:24 - verify_Auction_Notice_Is_Present_for_BidderOne
2019-07-24 15:29:54 INFO  Log:40 - Screen Shot taken.....Smile Please
2019-07-24 15:29:55 INFO  Log:40 - We are going to kickout other user
2019-07-24 15:29:57 INFO  Log:40 - Terms & Condition element found and hovered
2019-07-24 15:30:04 INFO  Log:40 - Screen Shot taken.....Smile Please
2019-07-24 15:30:06 INFO  Log:40 - Radio button Selected
2019-07-24 15:30:07 INFO  Log:40 - Screen Shot taken.....Smile Please
2019-07-24 15:30:10 INFO  Log:40 - Screen Shot taken.....Smile Please
2019-07-24 15:30:18 INFO  Log:40 - Screen Shot taken.....Smile Please
2019-07-24 15:30:21 INFO  Log:40 - Screen Shot taken.....Smile Please
2019-07-24 15:30:26 INFO  Log:40 - Screen Shot taken.....Smile Please
2019-07-24 15:30:33 INFO  Log:40 - First alert clicked
2019-07-24 15:30:34 INFO  Log:40 - Second alert clicked
2019-07-24 15:30:39 INFO  Log:40 - Vessel details browser closed
2019-07-24 15:30:39 INFO  Log:40 - CheckBox Selected
2019-07-24 15:30:39 INFO  Log:40 - Submit button Selected
2019-07-24 15:30:46 INFO  Log:24 - verify_Auction_Notice_Is_Present_for_BidderTwo
2019-07-24 15:30:49 INFO  Log:40 - Screen Shot taken.....Smile Please
2019-07-24 15:30:51 INFO  Log:40 - We are in AdminHome page
2019-07-24 15:30:53 INFO  Log:40 - Terms & Condition element found and hovered
2019-07-24 15:30:59 INFO  Log:40 - Screen Shot taken.....Smile Please
2019-07-24 15:31:02 INFO  Log:40 - CheckBox Selected
2019-07-24 15:31:04 INFO  Log:40 - Radio button Selected
2019-07-24 15:31:07 INFO  Log:40 - Screen Shot taken.....Smile Please
2019-07-24 15:31:12 INFO  Log:40 - Screen Shot taken.....Smile Please
2019-07-24 15:31:18 INFO  Log:40 - Screen Shot taken.....Smile Please
2019-07-24 15:31:23 INFO  Log:40 - Screen Shot taken.....Smile Please
2019-07-24 15:31:38 INFO  Log:40 - Submit button Selected
2019-07-24 15:31:42 INFO  Log:24 - verify_The_Live_Auction_Multi_Seal_Bid_User1
2019-07-24 15:32:19 INFO  Log:40 - We are in AdminHome page
2019-07-24 15:33:19 INFO  Log:40 - We are going to kickout other user
2019-07-24 15:33:21 INFO  Log:40 - Bid(s) element found and hovered
2019-07-24 15:33:23 INFO  Log:40 - Yeppeee.....Live auction button is displaying....let's click
2019-07-24 15:33:47 INFO  Log:24 - verify_The_Live_Auction_Multi_Seal_Bid_User2
2019-07-24 15:33:53 INFO  Log:40 - We are in AdminHome page
2019-07-24 15:33:56 INFO  Log:40 - Bid(s) element found and hovered
2019-07-24 15:33:59 INFO  Log:40 - Yeppeee.....Live auction button is displaying....let's click
2019-07-24 15:34:17 INFO  Log:40 - Current Efficative bid price : 800.00
2019-07-24 15:36:19 INFO  Log:24 - verify_The_Live_Auction_General_R_A_User1
2019-07-24 15:37:22 INFO  Log:40 - We are in AdminHome page
