2019-08-09 15:40:21 INFO  Log:40 - The BankAccount.properties files are read from Locators directory
2019-08-09 15:40:21 INFO  Log:40 - The BankMap.properties files are read from Locators directory
2019-08-09 15:40:21 INFO  Log:40 - The Branch.properties files are read from Locators directory
2019-08-09 15:40:21 INFO  Log:40 - The EPSUser.properties files are read from Locators directory
2019-08-09 15:40:21 INFO  Log:40 - The Home.properties files are read from Locators directory
2019-08-09 15:40:21 INFO  Log:40 - The Login.properties files are read from Locators directory
2019-08-09 15:40:21 INFO  Log:40 - The MetalUser.properties files are read from Locators directory
2019-08-09 15:40:21 INFO  Log:40 - The Organization.properties files are read from Locators directory
2019-08-09 15:40:21 INFO  Log:40 - The Report.properties files are read from Locators directory
2019-08-09 15:40:21 INFO  Log:40 - The User.properties files are read from Locators directory
2019-08-09 15:40:21 INFO  Log:40 - The ViewFinanceRequest.properties files are read from Locators directory
2019-08-09 15:40:21 INFO  Log:40 - The AddBranchData.properties files are read from TestData directory
2019-08-09 15:40:21 INFO  Log:40 - The AddOrganizationData.properties files are read from TestData directory
2019-08-09 15:40:21 INFO  Log:40 - The AddUserData.properties files are read from TestData directory
2019-08-09 15:40:21 INFO  Log:40 - The EpsData.properties files are read from TestData directory
2019-08-09 15:40:21 INFO  Log:40 - The Logindata.properties files are read from TestData directory
2019-08-09 15:40:21 INFO  Log:40 - The MapData.properties files are read from TestData directory
2019-08-09 15:40:21 INFO  Log:40 - The MetalData.properties files are read from TestData directory
2019-08-09 15:40:21 INFO  Log:40 - The ReportData.properties files are read from TestData directory
2019-08-09 15:40:21 INFO  Log:40 - ******************************************************************
2019-08-09 15:40:21 INFO  Log:40 - The test should be performed at : Chrome Browser. 
2019-08-09 15:40:21 INFO  Log:40 - ******************************************************************
2019-08-09 15:40:27 INFO  Log:40 - The BankAccount.properties files are read from Locators directory
2019-08-09 15:40:27 INFO  Log:40 - The BankMap.properties files are read from Locators directory
2019-08-09 15:40:27 INFO  Log:40 - The Branch.properties files are read from Locators directory
2019-08-09 15:40:27 INFO  Log:40 - The EPSUser.properties files are read from Locators directory
2019-08-09 15:40:27 INFO  Log:40 - The Home.properties files are read from Locators directory
2019-08-09 15:40:27 INFO  Log:40 - The Login.properties files are read from Locators directory
2019-08-09 15:40:27 INFO  Log:40 - The MetalUser.properties files are read from Locators directory
2019-08-09 15:40:27 INFO  Log:40 - The Organization.properties files are read from Locators directory
2019-08-09 15:40:27 INFO  Log:40 - The Report.properties files are read from Locators directory
2019-08-09 15:40:27 INFO  Log:40 - The User.properties files are read from Locators directory
2019-08-09 15:40:27 INFO  Log:40 - The ViewFinanceRequest.properties files are read from Locators directory
2019-08-09 15:40:27 INFO  Log:40 - The AddBranchData.properties files are read from TestData directory
2019-08-09 15:40:27 INFO  Log:40 - The AddOrganizationData.properties files are read from TestData directory
2019-08-09 15:40:27 INFO  Log:40 - The AddUserData.properties files are read from TestData directory
2019-08-09 15:40:27 INFO  Log:40 - The EpsData.properties files are read from TestData directory
2019-08-09 15:40:27 INFO  Log:40 - The Logindata.properties files are read from TestData directory
2019-08-09 15:40:27 INFO  Log:40 - The MapData.properties files are read from TestData directory
2019-08-09 15:40:27 INFO  Log:40 - The MetalData.properties files are read from TestData directory
2019-08-09 15:40:27 INFO  Log:40 - The ReportData.properties files are read from TestData directory
2019-08-09 15:40:27 INFO  Log:40 - ******************************************************************
2019-08-09 15:40:27 INFO  Log:40 - The test should be performed at : Chrome Browser. 
2019-08-09 15:40:27 INFO  Log:40 - ******************************************************************
2019-08-09 15:40:30 INFO  Log:40 - The BankAccount.properties files are read from Locators directory
2019-08-09 15:40:30 INFO  Log:40 - The BankMap.properties files are read from Locators directory
2019-08-09 15:40:30 INFO  Log:40 - The Branch.properties files are read from Locators directory
2019-08-09 15:40:30 INFO  Log:40 - The EPSUser.properties files are read from Locators directory
2019-08-09 15:40:30 INFO  Log:40 - The Home.properties files are read from Locators directory
2019-08-09 15:40:30 INFO  Log:40 - The Login.properties files are read from Locators directory
2019-08-09 15:40:30 INFO  Log:40 - The MetalUser.properties files are read from Locators directory
2019-08-09 15:40:30 INFO  Log:40 - The Organization.properties files are read from Locators directory
2019-08-09 15:40:30 INFO  Log:40 - The Report.properties files are read from Locators directory
2019-08-09 15:40:30 INFO  Log:40 - The User.properties files are read from Locators directory
2019-08-09 15:40:30 INFO  Log:40 - The ViewFinanceRequest.properties files are read from Locators directory
2019-08-09 15:40:30 INFO  Log:40 - The AddBranchData.properties files are read from TestData directory
2019-08-09 15:40:30 INFO  Log:40 - The AddOrganizationData.properties files are read from TestData directory
2019-08-09 15:40:30 INFO  Log:40 - The AddUserData.properties files are read from TestData directory
2019-08-09 15:40:30 INFO  Log:40 - The EpsData.properties files are read from TestData directory
2019-08-09 15:40:30 INFO  Log:40 - The Logindata.properties files are read from TestData directory
2019-08-09 15:40:30 INFO  Log:40 - The MapData.properties files are read from TestData directory
2019-08-09 15:40:30 INFO  Log:40 - The MetalData.properties files are read from TestData directory
2019-08-09 15:40:30 INFO  Log:40 - The ReportData.properties files are read from TestData directory
2019-08-09 15:40:30 INFO  Log:40 - ******************************************************************
2019-08-09 15:40:30 INFO  Log:40 - The test should be performed at : Chrome Browser. 
2019-08-09 15:40:30 INFO  Log:40 - ******************************************************************
2019-08-09 15:40:34 INFO  Log:40 - The BankAccount.properties files are read from Locators directory
2019-08-09 15:40:34 INFO  Log:40 - The BankMap.properties files are read from Locators directory
2019-08-09 15:40:34 INFO  Log:40 - The Branch.properties files are read from Locators directory
2019-08-09 15:40:34 INFO  Log:40 - The EPSUser.properties files are read from Locators directory
2019-08-09 15:40:34 INFO  Log:40 - The Home.properties files are read from Locators directory
2019-08-09 15:40:34 INFO  Log:40 - The Login.properties files are read from Locators directory
2019-08-09 15:40:34 INFO  Log:40 - The MetalUser.properties files are read from Locators directory
2019-08-09 15:40:34 INFO  Log:40 - The Organization.properties files are read from Locators directory
2019-08-09 15:40:34 INFO  Log:40 - The Report.properties files are read from Locators directory
2019-08-09 15:40:34 INFO  Log:40 - The User.properties files are read from Locators directory
2019-08-09 15:40:34 INFO  Log:40 - The ViewFinanceRequest.properties files are read from Locators directory
2019-08-09 15:40:34 INFO  Log:40 - The AddBranchData.properties files are read from TestData directory
2019-08-09 15:40:34 INFO  Log:40 - The AddOrganizationData.properties files are read from TestData directory
2019-08-09 15:40:34 INFO  Log:40 - The AddUserData.properties files are read from TestData directory
2019-08-09 15:40:34 INFO  Log:40 - The EpsData.properties files are read from TestData directory
2019-08-09 15:40:34 INFO  Log:40 - The Logindata.properties files are read from TestData directory
2019-08-09 15:40:34 INFO  Log:40 - The MapData.properties files are read from TestData directory
2019-08-09 15:40:34 INFO  Log:40 - The MetalData.properties files are read from TestData directory
2019-08-09 15:40:34 INFO  Log:40 - The ReportData.properties files are read from TestData directory
2019-08-09 15:40:34 INFO  Log:40 - ******************************************************************
2019-08-09 15:40:34 INFO  Log:40 - The test should be performed at : Chrome Browser. 
2019-08-09 15:40:34 INFO  Log:40 - ******************************************************************
2019-08-09 15:40:37 INFO  Log:40 - The BankAccount.properties files are read from Locators directory
2019-08-09 15:40:37 INFO  Log:40 - The BankMap.properties files are read from Locators directory
2019-08-09 15:40:37 INFO  Log:40 - The Branch.properties files are read from Locators directory
2019-08-09 15:40:37 INFO  Log:40 - The EPSUser.properties files are read from Locators directory
2019-08-09 15:40:37 INFO  Log:40 - The Home.properties files are read from Locators directory
2019-08-09 15:40:37 INFO  Log:40 - The Login.properties files are read from Locators directory
2019-08-09 15:40:37 INFO  Log:40 - The MetalUser.properties files are read from Locators directory
2019-08-09 15:40:37 INFO  Log:40 - The Organization.properties files are read from Locators directory
2019-08-09 15:40:37 INFO  Log:40 - The Report.properties files are read from Locators directory
2019-08-09 15:40:37 INFO  Log:40 - The User.properties files are read from Locators directory
2019-08-09 15:40:37 INFO  Log:40 - The ViewFinanceRequest.properties files are read from Locators directory
2019-08-09 15:40:37 INFO  Log:40 - The AddBranchData.properties files are read from TestData directory
2019-08-09 15:40:37 INFO  Log:40 - The AddOrganizationData.properties files are read from TestData directory
2019-08-09 15:40:37 INFO  Log:40 - The AddUserData.properties files are read from TestData directory
2019-08-09 15:40:37 INFO  Log:40 - The EpsData.properties files are read from TestData directory
2019-08-09 15:40:37 INFO  Log:40 - The Logindata.properties files are read from TestData directory
2019-08-09 15:40:37 INFO  Log:40 - The MapData.properties files are read from TestData directory
2019-08-09 15:40:37 INFO  Log:40 - The MetalData.properties files are read from TestData directory
2019-08-09 15:40:37 INFO  Log:40 - The ReportData.properties files are read from TestData directory
2019-08-09 15:40:37 INFO  Log:40 - ******************************************************************
2019-08-09 15:40:37 INFO  Log:40 - The test should be performed at : Chrome Browser. 
2019-08-09 15:40:37 INFO  Log:40 - ******************************************************************
2019-08-09 15:40:41 INFO  Log:40 - The BankAccount.properties files are read from Locators directory
2019-08-09 15:40:41 INFO  Log:40 - The BankMap.properties files are read from Locators directory
2019-08-09 15:40:41 INFO  Log:40 - The Branch.properties files are read from Locators directory
2019-08-09 15:40:41 INFO  Log:40 - The EPSUser.properties files are read from Locators directory
2019-08-09 15:40:41 INFO  Log:40 - The Home.properties files are read from Locators directory
2019-08-09 15:40:41 INFO  Log:40 - The Login.properties files are read from Locators directory
2019-08-09 15:40:41 INFO  Log:40 - The MetalUser.properties files are read from Locators directory
2019-08-09 15:40:41 INFO  Log:40 - The Organization.properties files are read from Locators directory
2019-08-09 15:40:41 INFO  Log:40 - The Report.properties files are read from Locators directory
2019-08-09 15:40:41 INFO  Log:40 - The User.properties files are read from Locators directory
2019-08-09 15:40:41 INFO  Log:40 - The ViewFinanceRequest.properties files are read from Locators directory
2019-08-09 15:40:41 INFO  Log:40 - The AddBranchData.properties files are read from TestData directory
2019-08-09 15:40:41 INFO  Log:40 - The AddOrganizationData.properties files are read from TestData directory
2019-08-09 15:40:41 INFO  Log:40 - The AddUserData.properties files are read from TestData directory
2019-08-09 15:40:41 INFO  Log:40 - The EpsData.properties files are read from TestData directory
2019-08-09 15:40:41 INFO  Log:40 - The Logindata.properties files are read from TestData directory
2019-08-09 15:40:41 INFO  Log:40 - The MapData.properties files are read from TestData directory
2019-08-09 15:40:41 INFO  Log:40 - The MetalData.properties files are read from TestData directory
2019-08-09 15:40:41 INFO  Log:40 - The ReportData.properties files are read from TestData directory
2019-08-09 15:40:41 INFO  Log:40 - ******************************************************************
2019-08-09 15:40:41 INFO  Log:40 - The test should be performed at : Chrome Browser. 
2019-08-09 15:40:41 INFO  Log:40 - ******************************************************************
