2019-08-09 15:38:36 INFO  Log:40 - The BankAccount.properties files are read from Locators directory
2019-08-09 15:38:36 INFO  Log:40 - The BankMap.properties files are read from Locators directory
2019-08-09 15:38:36 INFO  Log:40 - The Branch.properties files are read from Locators directory
2019-08-09 15:38:36 INFO  Log:40 - The EPSUser.properties files are read from Locators directory
2019-08-09 15:38:36 INFO  Log:40 - The Home.properties files are read from Locators directory
2019-08-09 15:38:36 INFO  Log:40 - The Login.properties files are read from Locators directory
2019-08-09 15:38:36 INFO  Log:40 - The MetalUser.properties files are read from Locators directory
2019-08-09 15:38:36 INFO  Log:40 - The Organization.properties files are read from Locators directory
2019-08-09 15:38:36 INFO  Log:40 - The Report.properties files are read from Locators directory
2019-08-09 15:38:36 INFO  Log:40 - The User.properties files are read from Locators directory
2019-08-09 15:38:36 INFO  Log:40 - The ViewFinanceRequest.properties files are read from Locators directory
2019-08-09 15:38:36 INFO  Log:40 - The AddBranchData.properties files are read from TestData directory
2019-08-09 15:38:36 INFO  Log:40 - The AddOrganizationData.properties files are read from TestData directory
2019-08-09 15:38:36 INFO  Log:40 - The AddUserData.properties files are read from TestData directory
2019-08-09 15:38:36 INFO  Log:40 - The EpsData.properties files are read from TestData directory
2019-08-09 15:38:36 INFO  Log:40 - The Logindata.properties files are read from TestData directory
2019-08-09 15:38:36 INFO  Log:40 - The MapData.properties files are read from TestData directory
2019-08-09 15:38:36 INFO  Log:40 - The MetalData.properties files are read from TestData directory
2019-08-09 15:38:36 INFO  Log:40 - The ReportData.properties files are read from TestData directory
2019-08-09 15:38:36 INFO  Log:40 - ******************************************************************
2019-08-09 15:38:36 INFO  Log:40 - The test should be performed at : Chrome Browser. 
2019-08-09 15:38:36 INFO  Log:40 - ******************************************************************
2019-08-09 15:38:47 INFO  Log:40 - The BankAccount.properties files are read from Locators directory
2019-08-09 15:38:47 INFO  Log:40 - The BankMap.properties files are read from Locators directory
2019-08-09 15:38:47 INFO  Log:40 - The Branch.properties files are read from Locators directory
2019-08-09 15:38:47 INFO  Log:40 - The EPSUser.properties files are read from Locators directory
2019-08-09 15:38:47 INFO  Log:40 - The Home.properties files are read from Locators directory
2019-08-09 15:38:47 INFO  Log:40 - The Login.properties files are read from Locators directory
2019-08-09 15:38:47 INFO  Log:40 - The MetalUser.properties files are read from Locators directory
2019-08-09 15:38:47 INFO  Log:40 - The Organization.properties files are read from Locators directory
2019-08-09 15:38:47 INFO  Log:40 - The Report.properties files are read from Locators directory
2019-08-09 15:38:47 INFO  Log:40 - The User.properties files are read from Locators directory
2019-08-09 15:38:47 INFO  Log:40 - The ViewFinanceRequest.properties files are read from Locators directory
2019-08-09 15:38:47 INFO  Log:40 - The AddBranchData.properties files are read from TestData directory
2019-08-09 15:38:47 INFO  Log:40 - The AddOrganizationData.properties files are read from TestData directory
2019-08-09 15:38:47 INFO  Log:40 - The AddUserData.properties files are read from TestData directory
2019-08-09 15:38:47 INFO  Log:40 - The EpsData.properties files are read from TestData directory
2019-08-09 15:38:47 INFO  Log:40 - The Logindata.properties files are read from TestData directory
2019-08-09 15:38:47 INFO  Log:40 - The MapData.properties files are read from TestData directory
2019-08-09 15:38:47 INFO  Log:40 - The MetalData.properties files are read from TestData directory
2019-08-09 15:38:47 INFO  Log:40 - The ReportData.properties files are read from TestData directory
2019-08-09 15:38:47 INFO  Log:40 - ******************************************************************
2019-08-09 15:38:47 INFO  Log:40 - The test should be performed at : Chrome Browser. 
2019-08-09 15:38:47 INFO  Log:40 - ******************************************************************
2019-08-09 15:38:51 INFO  Log:40 - The BankAccount.properties files are read from Locators directory
2019-08-09 15:38:51 INFO  Log:40 - The BankMap.properties files are read from Locators directory
2019-08-09 15:38:51 INFO  Log:40 - The Branch.properties files are read from Locators directory
2019-08-09 15:38:51 INFO  Log:40 - The EPSUser.properties files are read from Locators directory
2019-08-09 15:38:51 INFO  Log:40 - The Home.properties files are read from Locators directory
2019-08-09 15:38:51 INFO  Log:40 - The Login.properties files are read from Locators directory
2019-08-09 15:38:51 INFO  Log:40 - The MetalUser.properties files are read from Locators directory
2019-08-09 15:38:51 INFO  Log:40 - The Organization.properties files are read from Locators directory
2019-08-09 15:38:51 INFO  Log:40 - The Report.properties files are read from Locators directory
2019-08-09 15:38:51 INFO  Log:40 - The User.properties files are read from Locators directory
2019-08-09 15:38:51 INFO  Log:40 - The ViewFinanceRequest.properties files are read from Locators directory
2019-08-09 15:38:51 INFO  Log:40 - The AddBranchData.properties files are read from TestData directory
2019-08-09 15:38:51 INFO  Log:40 - The AddOrganizationData.properties files are read from TestData directory
2019-08-09 15:38:51 INFO  Log:40 - The AddUserData.properties files are read from TestData directory
2019-08-09 15:38:51 INFO  Log:40 - The EpsData.properties files are read from TestData directory
2019-08-09 15:38:51 INFO  Log:40 - The Logindata.properties files are read from TestData directory
2019-08-09 15:38:51 INFO  Log:40 - The MapData.properties files are read from TestData directory
2019-08-09 15:38:51 INFO  Log:40 - The MetalData.properties files are read from TestData directory
2019-08-09 15:38:51 INFO  Log:40 - The ReportData.properties files are read from TestData directory
2019-08-09 15:38:51 INFO  Log:40 - ******************************************************************
2019-08-09 15:38:51 INFO  Log:40 - The test should be performed at : Chrome Browser. 
2019-08-09 15:38:51 INFO  Log:40 - ******************************************************************
2019-08-09 15:38:55 INFO  Log:40 - The BankAccount.properties files are read from Locators directory
2019-08-09 15:38:55 INFO  Log:40 - The BankMap.properties files are read from Locators directory
2019-08-09 15:38:55 INFO  Log:40 - The Branch.properties files are read from Locators directory
2019-08-09 15:38:55 INFO  Log:40 - The EPSUser.properties files are read from Locators directory
2019-08-09 15:38:55 INFO  Log:40 - The Home.properties files are read from Locators directory
2019-08-09 15:38:55 INFO  Log:40 - The Login.properties files are read from Locators directory
2019-08-09 15:38:55 INFO  Log:40 - The MetalUser.properties files are read from Locators directory
2019-08-09 15:38:55 INFO  Log:40 - The Organization.properties files are read from Locators directory
2019-08-09 15:38:55 INFO  Log:40 - The Report.properties files are read from Locators directory
2019-08-09 15:38:55 INFO  Log:40 - The User.properties files are read from Locators directory
2019-08-09 15:38:55 INFO  Log:40 - The ViewFinanceRequest.properties files are read from Locators directory
2019-08-09 15:38:55 INFO  Log:40 - The AddBranchData.properties files are read from TestData directory
2019-08-09 15:38:55 INFO  Log:40 - The AddOrganizationData.properties files are read from TestData directory
2019-08-09 15:38:55 INFO  Log:40 - The AddUserData.properties files are read from TestData directory
2019-08-09 15:38:55 INFO  Log:40 - The EpsData.properties files are read from TestData directory
2019-08-09 15:38:55 INFO  Log:40 - The Logindata.properties files are read from TestData directory
2019-08-09 15:38:55 INFO  Log:40 - The MapData.properties files are read from TestData directory
2019-08-09 15:38:55 INFO  Log:40 - The MetalData.properties files are read from TestData directory
2019-08-09 15:38:55 INFO  Log:40 - The ReportData.properties files are read from TestData directory
2019-08-09 15:38:55 INFO  Log:40 - ******************************************************************
2019-08-09 15:38:55 INFO  Log:40 - The test should be performed at : Chrome Browser. 
2019-08-09 15:38:55 INFO  Log:40 - ******************************************************************
2019-08-09 15:38:58 INFO  Log:40 - The BankAccount.properties files are read from Locators directory
2019-08-09 15:38:58 INFO  Log:40 - The BankMap.properties files are read from Locators directory
2019-08-09 15:38:58 INFO  Log:40 - The Branch.properties files are read from Locators directory
2019-08-09 15:38:58 INFO  Log:40 - The EPSUser.properties files are read from Locators directory
2019-08-09 15:38:58 INFO  Log:40 - The Home.properties files are read from Locators directory
2019-08-09 15:38:58 INFO  Log:40 - The Login.properties files are read from Locators directory
2019-08-09 15:38:58 INFO  Log:40 - The MetalUser.properties files are read from Locators directory
2019-08-09 15:38:58 INFO  Log:40 - The Organization.properties files are read from Locators directory
2019-08-09 15:38:58 INFO  Log:40 - The Report.properties files are read from Locators directory
2019-08-09 15:38:58 INFO  Log:40 - The User.properties files are read from Locators directory
2019-08-09 15:38:58 INFO  Log:40 - The ViewFinanceRequest.properties files are read from Locators directory
2019-08-09 15:38:58 INFO  Log:40 - The AddBranchData.properties files are read from TestData directory
2019-08-09 15:38:58 INFO  Log:40 - The AddOrganizationData.properties files are read from TestData directory
2019-08-09 15:38:58 INFO  Log:40 - The AddUserData.properties files are read from TestData directory
2019-08-09 15:38:58 INFO  Log:40 - The EpsData.properties files are read from TestData directory
2019-08-09 15:38:58 INFO  Log:40 - The Logindata.properties files are read from TestData directory
2019-08-09 15:38:58 INFO  Log:40 - The MapData.properties files are read from TestData directory
2019-08-09 15:38:58 INFO  Log:40 - The MetalData.properties files are read from TestData directory
2019-08-09 15:38:58 INFO  Log:40 - The ReportData.properties files are read from TestData directory
2019-08-09 15:38:58 INFO  Log:40 - ******************************************************************
2019-08-09 15:38:58 INFO  Log:40 - The test should be performed at : Chrome Browser. 
2019-08-09 15:38:58 INFO  Log:40 - ******************************************************************
2019-08-09 15:39:02 INFO  Log:40 - The BankAccount.properties files are read from Locators directory
2019-08-09 15:39:02 INFO  Log:40 - The BankMap.properties files are read from Locators directory
2019-08-09 15:39:02 INFO  Log:40 - The Branch.properties files are read from Locators directory
2019-08-09 15:39:02 INFO  Log:40 - The EPSUser.properties files are read from Locators directory
2019-08-09 15:39:02 INFO  Log:40 - The Home.properties files are read from Locators directory
2019-08-09 15:39:02 INFO  Log:40 - The Login.properties files are read from Locators directory
2019-08-09 15:39:02 INFO  Log:40 - The MetalUser.properties files are read from Locators directory
2019-08-09 15:39:02 INFO  Log:40 - The Organization.properties files are read from Locators directory
2019-08-09 15:39:02 INFO  Log:40 - The Report.properties files are read from Locators directory
2019-08-09 15:39:02 INFO  Log:40 - The User.properties files are read from Locators directory
2019-08-09 15:39:02 INFO  Log:40 - The ViewFinanceRequest.properties files are read from Locators directory
2019-08-09 15:39:02 INFO  Log:40 - The AddBranchData.properties files are read from TestData directory
2019-08-09 15:39:02 INFO  Log:40 - The AddOrganizationData.properties files are read from TestData directory
2019-08-09 15:39:02 INFO  Log:40 - The AddUserData.properties files are read from TestData directory
2019-08-09 15:39:02 INFO  Log:40 - The EpsData.properties files are read from TestData directory
2019-08-09 15:39:02 INFO  Log:40 - The Logindata.properties files are read from TestData directory
2019-08-09 15:39:02 INFO  Log:40 - The MapData.properties files are read from TestData directory
2019-08-09 15:39:02 INFO  Log:40 - The MetalData.properties files are read from TestData directory
2019-08-09 15:39:02 INFO  Log:40 - The ReportData.properties files are read from TestData directory
2019-08-09 15:39:02 INFO  Log:40 - ******************************************************************
2019-08-09 15:39:02 INFO  Log:40 - The test should be performed at : Chrome Browser. 
2019-08-09 15:39:02 INFO  Log:40 - ******************************************************************
2019-08-09 15:39:06 INFO  Log:40 - The BankAccount.properties files are read from Locators directory
2019-08-09 15:39:06 INFO  Log:40 - The BankMap.properties files are read from Locators directory
2019-08-09 15:39:06 INFO  Log:40 - The Branch.properties files are read from Locators directory
2019-08-09 15:39:06 INFO  Log:40 - The EPSUser.properties files are read from Locators directory
2019-08-09 15:39:06 INFO  Log:40 - The Home.properties files are read from Locators directory
2019-08-09 15:39:06 INFO  Log:40 - The Login.properties files are read from Locators directory
2019-08-09 15:39:06 INFO  Log:40 - The MetalUser.properties files are read from Locators directory
2019-08-09 15:39:06 INFO  Log:40 - The Organization.properties files are read from Locators directory
2019-08-09 15:39:06 INFO  Log:40 - The Report.properties files are read from Locators directory
2019-08-09 15:39:06 INFO  Log:40 - The User.properties files are read from Locators directory
2019-08-09 15:39:06 INFO  Log:40 - The ViewFinanceRequest.properties files are read from Locators directory
2019-08-09 15:39:06 INFO  Log:40 - The AddBranchData.properties files are read from TestData directory
2019-08-09 15:39:06 INFO  Log:40 - The AddOrganizationData.properties files are read from TestData directory
2019-08-09 15:39:06 INFO  Log:40 - The AddUserData.properties files are read from TestData directory
2019-08-09 15:39:06 INFO  Log:40 - The EpsData.properties files are read from TestData directory
2019-08-09 15:39:06 INFO  Log:40 - The Logindata.properties files are read from TestData directory
2019-08-09 15:39:06 INFO  Log:40 - The MapData.properties files are read from TestData directory
2019-08-09 15:39:06 INFO  Log:40 - The MetalData.properties files are read from TestData directory
2019-08-09 15:39:06 INFO  Log:40 - The ReportData.properties files are read from TestData directory
2019-08-09 15:39:06 INFO  Log:40 - ******************************************************************
2019-08-09 15:39:06 INFO  Log:40 - The test should be performed at : Chrome Browser. 
2019-08-09 15:39:06 INFO  Log:40 - ******************************************************************
2019-08-09 15:39:09 INFO  Log:40 - The BankAccount.properties files are read from Locators directory
2019-08-09 15:39:09 INFO  Log:40 - The BankMap.properties files are read from Locators directory
2019-08-09 15:39:09 INFO  Log:40 - The Branch.properties files are read from Locators directory
2019-08-09 15:39:09 INFO  Log:40 - The EPSUser.properties files are read from Locators directory
2019-08-09 15:39:09 INFO  Log:40 - The Home.properties files are read from Locators directory
2019-08-09 15:39:09 INFO  Log:40 - The Login.properties files are read from Locators directory
2019-08-09 15:39:09 INFO  Log:40 - The MetalUser.properties files are read from Locators directory
2019-08-09 15:39:09 INFO  Log:40 - The Organization.properties files are read from Locators directory
2019-08-09 15:39:09 INFO  Log:40 - The Report.properties files are read from Locators directory
2019-08-09 15:39:09 INFO  Log:40 - The User.properties files are read from Locators directory
2019-08-09 15:39:09 INFO  Log:40 - The ViewFinanceRequest.properties files are read from Locators directory
2019-08-09 15:39:09 INFO  Log:40 - The AddBranchData.properties files are read from TestData directory
2019-08-09 15:39:09 INFO  Log:40 - The AddOrganizationData.properties files are read from TestData directory
2019-08-09 15:39:09 INFO  Log:40 - The AddUserData.properties files are read from TestData directory
2019-08-09 15:39:09 INFO  Log:40 - The EpsData.properties files are read from TestData directory
2019-08-09 15:39:09 INFO  Log:40 - The Logindata.properties files are read from TestData directory
2019-08-09 15:39:09 INFO  Log:40 - The MapData.properties files are read from TestData directory
2019-08-09 15:39:09 INFO  Log:40 - The MetalData.properties files are read from TestData directory
2019-08-09 15:39:09 INFO  Log:40 - The ReportData.properties files are read from TestData directory
2019-08-09 15:39:09 INFO  Log:40 - ******************************************************************
2019-08-09 15:39:09 INFO  Log:40 - The test should be performed at : Chrome Browser. 
2019-08-09 15:39:09 INFO  Log:40 - ******************************************************************
2019-08-09 15:39:13 INFO  Log:40 - The BankAccount.properties files are read from Locators directory
2019-08-09 15:39:13 INFO  Log:40 - The BankMap.properties files are read from Locators directory
2019-08-09 15:39:13 INFO  Log:40 - The Branch.properties files are read from Locators directory
2019-08-09 15:39:13 INFO  Log:40 - The EPSUser.properties files are read from Locators directory
2019-08-09 15:39:13 INFO  Log:40 - The Home.properties files are read from Locators directory
2019-08-09 15:39:13 INFO  Log:40 - The Login.properties files are read from Locators directory
2019-08-09 15:39:13 INFO  Log:40 - The MetalUser.properties files are read from Locators directory
2019-08-09 15:39:13 INFO  Log:40 - The Organization.properties files are read from Locators directory
2019-08-09 15:39:13 INFO  Log:40 - The Report.properties files are read from Locators directory
2019-08-09 15:39:13 INFO  Log:40 - The User.properties files are read from Locators directory
2019-08-09 15:39:13 INFO  Log:40 - The ViewFinanceRequest.properties files are read from Locators directory
2019-08-09 15:39:13 INFO  Log:40 - The AddBranchData.properties files are read from TestData directory
2019-08-09 15:39:13 INFO  Log:40 - The AddOrganizationData.properties files are read from TestData directory
2019-08-09 15:39:13 INFO  Log:40 - The AddUserData.properties files are read from TestData directory
2019-08-09 15:39:13 INFO  Log:40 - The EpsData.properties files are read from TestData directory
2019-08-09 15:39:13 INFO  Log:40 - The Logindata.properties files are read from TestData directory
2019-08-09 15:39:13 INFO  Log:40 - The MapData.properties files are read from TestData directory
2019-08-09 15:39:13 INFO  Log:40 - The MetalData.properties files are read from TestData directory
2019-08-09 15:39:13 INFO  Log:40 - The ReportData.properties files are read from TestData directory
2019-08-09 15:39:13 INFO  Log:40 - ******************************************************************
2019-08-09 15:39:13 INFO  Log:40 - The test should be performed at : Chrome Browser. 
2019-08-09 15:39:13 INFO  Log:40 - ******************************************************************
2019-08-09 15:39:16 INFO  Log:40 - The BankAccount.properties files are read from Locators directory
2019-08-09 15:39:16 INFO  Log:40 - The BankMap.properties files are read from Locators directory
2019-08-09 15:39:16 INFO  Log:40 - The Branch.properties files are read from Locators directory
2019-08-09 15:39:16 INFO  Log:40 - The EPSUser.properties files are read from Locators directory
2019-08-09 15:39:16 INFO  Log:40 - The Home.properties files are read from Locators directory
2019-08-09 15:39:16 INFO  Log:40 - The Login.properties files are read from Locators directory
2019-08-09 15:39:16 INFO  Log:40 - The MetalUser.properties files are read from Locators directory
2019-08-09 15:39:16 INFO  Log:40 - The Organization.properties files are read from Locators directory
2019-08-09 15:39:16 INFO  Log:40 - The Report.properties files are read from Locators directory
2019-08-09 15:39:16 INFO  Log:40 - The User.properties files are read from Locators directory
2019-08-09 15:39:16 INFO  Log:40 - The ViewFinanceRequest.properties files are read from Locators directory
2019-08-09 15:39:16 INFO  Log:40 - The AddBranchData.properties files are read from TestData directory
2019-08-09 15:39:16 INFO  Log:40 - The AddOrganizationData.properties files are read from TestData directory
2019-08-09 15:39:16 INFO  Log:40 - The AddUserData.properties files are read from TestData directory
2019-08-09 15:39:16 INFO  Log:40 - The EpsData.properties files are read from TestData directory
2019-08-09 15:39:16 INFO  Log:40 - The Logindata.properties files are read from TestData directory
2019-08-09 15:39:16 INFO  Log:40 - The MapData.properties files are read from TestData directory
2019-08-09 15:39:16 INFO  Log:40 - The MetalData.properties files are read from TestData directory
2019-08-09 15:39:16 INFO  Log:40 - The ReportData.properties files are read from TestData directory
2019-08-09 15:39:16 INFO  Log:40 - ******************************************************************
2019-08-09 15:39:16 INFO  Log:40 - The test should be performed at : Chrome Browser. 
2019-08-09 15:39:16 INFO  Log:40 - ******************************************************************
2019-08-09 15:39:20 INFO  Log:40 - The BankAccount.properties files are read from Locators directory
2019-08-09 15:39:20 INFO  Log:40 - The BankMap.properties files are read from Locators directory
2019-08-09 15:39:20 INFO  Log:40 - The Branch.properties files are read from Locators directory
2019-08-09 15:39:20 INFO  Log:40 - The EPSUser.properties files are read from Locators directory
2019-08-09 15:39:20 INFO  Log:40 - The Home.properties files are read from Locators directory
2019-08-09 15:39:20 INFO  Log:40 - The Login.properties files are read from Locators directory
2019-08-09 15:39:20 INFO  Log:40 - The MetalUser.properties files are read from Locators directory
2019-08-09 15:39:20 INFO  Log:40 - The Organization.properties files are read from Locators directory
2019-08-09 15:39:20 INFO  Log:40 - The Report.properties files are read from Locators directory
2019-08-09 15:39:20 INFO  Log:40 - The User.properties files are read from Locators directory
2019-08-09 15:39:20 INFO  Log:40 - The ViewFinanceRequest.properties files are read from Locators directory
2019-08-09 15:39:20 INFO  Log:40 - The AddBranchData.properties files are read from TestData directory
2019-08-09 15:39:20 INFO  Log:40 - The AddOrganizationData.properties files are read from TestData directory
2019-08-09 15:39:20 INFO  Log:40 - The AddUserData.properties files are read from TestData directory
2019-08-09 15:39:20 INFO  Log:40 - The EpsData.properties files are read from TestData directory
2019-08-09 15:39:20 INFO  Log:40 - The Logindata.properties files are read from TestData directory
2019-08-09 15:39:20 INFO  Log:40 - The MapData.properties files are read from TestData directory
2019-08-09 15:39:20 INFO  Log:40 - The MetalData.properties files are read from TestData directory
2019-08-09 15:39:20 INFO  Log:40 - The ReportData.properties files are read from TestData directory
2019-08-09 15:39:20 INFO  Log:40 - ******************************************************************
2019-08-09 15:39:20 INFO  Log:40 - The test should be performed at : Chrome Browser. 
2019-08-09 15:39:20 INFO  Log:40 - ******************************************************************
2019-08-09 15:39:24 INFO  Log:40 - The BankAccount.properties files are read from Locators directory
2019-08-09 15:39:24 INFO  Log:40 - The BankMap.properties files are read from Locators directory
2019-08-09 15:39:24 INFO  Log:40 - The Branch.properties files are read from Locators directory
2019-08-09 15:39:24 INFO  Log:40 - The EPSUser.properties files are read from Locators directory
2019-08-09 15:39:24 INFO  Log:40 - The Home.properties files are read from Locators directory
2019-08-09 15:39:24 INFO  Log:40 - The Login.properties files are read from Locators directory
2019-08-09 15:39:24 INFO  Log:40 - The MetalUser.properties files are read from Locators directory
2019-08-09 15:39:24 INFO  Log:40 - The Organization.properties files are read from Locators directory
2019-08-09 15:39:24 INFO  Log:40 - The Report.properties files are read from Locators directory
2019-08-09 15:39:24 INFO  Log:40 - The User.properties files are read from Locators directory
2019-08-09 15:39:24 INFO  Log:40 - The ViewFinanceRequest.properties files are read from Locators directory
2019-08-09 15:39:24 INFO  Log:40 - The AddBranchData.properties files are read from TestData directory
2019-08-09 15:39:24 INFO  Log:40 - The AddOrganizationData.properties files are read from TestData directory
2019-08-09 15:39:24 INFO  Log:40 - The AddUserData.properties files are read from TestData directory
2019-08-09 15:39:24 INFO  Log:40 - The EpsData.properties files are read from TestData directory
2019-08-09 15:39:24 INFO  Log:40 - The Logindata.properties files are read from TestData directory
2019-08-09 15:39:24 INFO  Log:40 - The MapData.properties files are read from TestData directory
2019-08-09 15:39:24 INFO  Log:40 - The MetalData.properties files are read from TestData directory
2019-08-09 15:39:24 INFO  Log:40 - The ReportData.properties files are read from TestData directory
2019-08-09 15:39:24 INFO  Log:40 - ******************************************************************
2019-08-09 15:39:24 INFO  Log:40 - The test should be performed at : Chrome Browser. 
2019-08-09 15:39:24 INFO  Log:40 - ******************************************************************
