2019-08-30 15:07:10 INFO  Log:40 - The AddAuctionNotice.properties files are read from Locators directory
2019-08-30 15:07:10 INFO  Log:40 - The AddBidderVesselDetails.properties files are read from Locators directory
2019-08-30 15:07:10 INFO  Log:40 - The Adminhome.properties files are read from Locators directory
2019-08-30 15:07:10 INFO  Log:40 - The AuctionReport.properties files are read from Locators directory
2019-08-30 15:07:10 INFO  Log:40 - The Bidderhome.properties files are read from Locators directory
2019-08-30 15:07:10 INFO  Log:40 - The ChangeAucStatus.properties files are read from Locators directory
2019-08-30 15:07:10 INFO  Log:40 - The CheckAuctionNotice.properties files are read from Locators directory
2019-08-30 15:07:10 INFO  Log:40 - The ConfirmAuctionNotice.properties files are read from Locators directory
2019-08-30 15:07:10 INFO  Log:40 - The Liveauction.properties files are read from Locators directory
2019-08-30 15:07:10 INFO  Log:40 - The Login.properties files are read from Locators directory
2019-08-30 15:07:10 INFO  Log:40 - The ReleaseClosedAuction.properties files are read from Locators directory
2019-08-30 15:07:10 INFO  Log:40 - The StaticNote.properties files are read from Locators directory
2019-08-30 15:07:10 INFO  Log:40 - The UploadAuction.properties files are read from Locators directory
2019-08-30 15:07:10 INFO  Log:40 - The UploadAuctionNotice.properties files are read from Locators directory
2019-08-30 15:07:10 INFO  Log:40 - The VesselDetails.properties files are read from Locators directory
2019-08-30 15:07:10 INFO  Log:40 - The AddAuctionData.properties files are read from TestData directory
2019-08-30 15:07:10 INFO  Log:40 - The AuctionData.properties files are read from TestData directory
2019-08-30 15:07:10 INFO  Log:40 - The Logindata.properties files are read from TestData directory
2019-08-30 15:07:10 INFO  Log:40 - The VesselData.properties files are read from TestData directory
2019-08-30 15:07:10 INFO  Log:40 - ******************************************************************
2019-08-30 15:07:10 INFO  Log:40 - The test should be performed at : Chrome Browser. 
2019-08-30 15:07:10 INFO  Log:40 - ******************************************************************
2019-08-30 15:07:21 INFO  Log:40 - *********************************************************************
2019-08-30 15:07:21 INFO  Log:40 - Navigating to the URL : https://newuat.buyjunction.in/
2019-08-30 15:07:21 INFO  Log:40 - *********************************************************************
2019-08-30 15:07:22 INFO  Log:24 - navigate_To_Live_Bidding_Page
2019-08-30 15:07:24 INFO  Log:40 - We are going to kickout other user
2019-08-30 15:07:28 INFO  Log:40 - Bid(s) element found and hovered
2019-08-30 15:07:30 INFO  Log:40 - Yeppeee.....Live auction button is displaying....let's click
2019-08-30 15:07:46 INFO  Log:40 - Index: 1, Size: 1
2019-08-30 15:07:50 INFO  Log:40 - No alert present : false
2019-08-30 15:07:58 INFO  Log:40 - no such element: Unable to locate element: {"method":"xpath","selector":"//iframe[@name='viewAuctions']"}
  (Session info: chrome=76.0.3809.132)
For documentation on this error, please visit: http://seleniumhq.org/exceptions/no_such_element.html
Build info: version: '3.141.5', revision: 'd54ebd709a', time: '2018-11-06T11:42:16'
System info: host: 'MJLT-1363', ip: '172.16.16.216', os.name: 'Windows 10', os.arch: 'amd64', os.version: '10.0', java.version: '1.8.0_202'
Driver info: org.openqa.selenium.chrome.ChromeDriver
Capabilities {acceptInsecureCerts: false, browserName: chrome, browserVersion: 76.0.3809.132, chrome: {chromedriverVersion: 76.0.3809.68 (420c9498db8ce..., userDataDir: C:\Users\SOMNAT~1.CHA\AppDa...}, goog:chromeOptions: {debuggerAddress: localhost:50990}, javascriptEnabled: true, networkConnectionEnabled: false, pageLoadStrategy: normal, platform: XP, platformName: XP, proxy: Proxy(), setWindowRect: true, strictFileInteractability: false, timeouts: {implicit: 0, pageLoad: 300000, script: 30000}, unhandledPromptBehavior: dismiss and notify}
Session ID: 0bf2453e7597be34e1246f14f3d247c4
*** Element info: {Using=xpath, value=//iframe[@name='viewAuctions']}
2019-08-30 15:08:08 INFO  Log:40 - no such element: Unable to locate element: {"method":"xpath","selector":"//input[@type='button'][@value='Submit']"}
  (Session info: chrome=76.0.3809.132)
For documentation on this error, please visit: http://seleniumhq.org/exceptions/no_such_element.html
Build info: version: '3.141.5', revision: 'd54ebd709a', time: '2018-11-06T11:42:16'
System info: host: 'MJLT-1363', ip: '172.16.16.216', os.name: 'Windows 10', os.arch: 'amd64', os.version: '10.0', java.version: '1.8.0_202'
Driver info: org.openqa.selenium.chrome.ChromeDriver
Capabilities {acceptInsecureCerts: false, browserName: chrome, browserVersion: 76.0.3809.132, chrome: {chromedriverVersion: 76.0.3809.68 (420c9498db8ce..., userDataDir: C:\Users\SOMNAT~1.CHA\AppDa...}, goog:chromeOptions: {debuggerAddress: localhost:50990}, javascriptEnabled: true, networkConnectionEnabled: false, pageLoadStrategy: normal, platform: XP, platformName: XP, proxy: Proxy(), setWindowRect: true, strictFileInteractability: false, timeouts: {implicit: 0, pageLoad: 300000, script: 30000}, unhandledPromptBehavior: dismiss and notify}
Session ID: 0bf2453e7597be34e1246f14f3d247c4
*** Element info: {Using=xpath, value=//input[@type='button'][@value='Submit']}
2019-08-30 15:08:10 ERROR Log:52 - no such element: Unable to locate element: {"method":"xpath","selector":"//a[contains(text(),'Sign Out')]"}
  (Session info: chrome=76.0.3809.132)
For documentation on this error, please visit: http://seleniumhq.org/exceptions/no_such_element.html
Build info: version: '3.141.5', revision: 'd54ebd709a', time: '2018-11-06T11:42:16'
System info: host: 'MJLT-1363', ip: '172.16.16.216', os.name: 'Windows 10', os.arch: 'amd64', os.version: '10.0', java.version: '1.8.0_202'
Driver info: org.openqa.selenium.chrome.ChromeDriver
Capabilities {acceptInsecureCerts: false, browserName: chrome, browserVersion: 76.0.3809.132, chrome: {chromedriverVersion: 76.0.3809.68 (420c9498db8ce..., userDataDir: C:\Users\SOMNAT~1.CHA\AppDa...}, goog:chromeOptions: {debuggerAddress: localhost:50990}, javascriptEnabled: true, networkConnectionEnabled: false, pageLoadStrategy: normal, platform: XP, platformName: XP, proxy: Proxy(), setWindowRect: true, strictFileInteractability: false, timeouts: {implicit: 0, pageLoad: 300000, script: 30000}, unhandledPromptBehavior: dismiss and notify}
Session ID: 0bf2453e7597be34e1246f14f3d247c4
*** Element info: {Using=xpath, value=//a[contains(text(),'Sign Out')]}
2019-08-30 15:08:14 INFO  Log:40 - no such element: Unable to locate element: {"method":"xpath","selector":"//iframe[@name='viewAuctions']"}
  (Session info: chrome=76.0.3809.132)
For documentation on this error, please visit: http://seleniumhq.org/exceptions/no_such_element.html
Build info: version: '3.141.5', revision: 'd54ebd709a', time: '2018-11-06T11:42:16'
System info: host: 'MJLT-1363', ip: '172.16.16.216', os.name: 'Windows 10', os.arch: 'amd64', os.version: '10.0', java.version: '1.8.0_202'
Driver info: org.openqa.selenium.chrome.ChromeDriver
Capabilities {acceptInsecureCerts: false, browserName: chrome, browserVersion: 76.0.3809.132, chrome: {chromedriverVersion: 76.0.3809.68 (420c9498db8ce..., userDataDir: C:\Users\SOMNAT~1.CHA\AppDa...}, goog:chromeOptions: {debuggerAddress: localhost:50990}, javascriptEnabled: true, networkConnectionEnabled: false, pageLoadStrategy: normal, platform: XP, platformName: XP, proxy: Proxy(), setWindowRect: true, strictFileInteractability: false, timeouts: {implicit: 0, pageLoad: 300000, script: 30000}, unhandledPromptBehavior: dismiss and notify}
Session ID: 0bf2453e7597be34e1246f14f3d247c4
*** Element info: {Using=xpath, value=//iframe[@name='viewAuctions']}
2019-08-30 15:08:24 INFO  Log:40 - no such element: Unable to locate element: {"method":"xpath","selector":"//input[@type='button'][@value='Submit']"}
  (Session info: chrome=76.0.3809.132)
For documentation on this error, please visit: http://seleniumhq.org/exceptions/no_such_element.html
Build info: version: '3.141.5', revision: 'd54ebd709a', time: '2018-11-06T11:42:16'
System info: host: 'MJLT-1363', ip: '172.16.16.216', os.name: 'Windows 10', os.arch: 'amd64', os.version: '10.0', java.version: '1.8.0_202'
Driver info: org.openqa.selenium.chrome.ChromeDriver
Capabilities {acceptInsecureCerts: false, browserName: chrome, browserVersion: 76.0.3809.132, chrome: {chromedriverVersion: 76.0.3809.68 (420c9498db8ce..., userDataDir: C:\Users\SOMNAT~1.CHA\AppDa...}, goog:chromeOptions: {debuggerAddress: localhost:50990}, javascriptEnabled: true, networkConnectionEnabled: false, pageLoadStrategy: normal, platform: XP, platformName: XP, proxy: Proxy(), setWindowRect: true, strictFileInteractability: false, timeouts: {implicit: 0, pageLoad: 300000, script: 30000}, unhandledPromptBehavior: dismiss and notify}
Session ID: 0bf2453e7597be34e1246f14f3d247c4
*** Element info: {Using=xpath, value=//input[@type='button'][@value='Submit']}
2019-08-30 15:08:26 ERROR Log:52 - no such element: Unable to locate element: {"method":"xpath","selector":"//a[contains(text(),'Sign Out')]"}
  (Session info: chrome=76.0.3809.132)
For documentation on this error, please visit: http://seleniumhq.org/exceptions/no_such_element.html
Build info: version: '3.141.5', revision: 'd54ebd709a', time: '2018-11-06T11:42:16'
System info: host: 'MJLT-1363', ip: '172.16.16.216', os.name: 'Windows 10', os.arch: 'amd64', os.version: '10.0', java.version: '1.8.0_202'
Driver info: org.openqa.selenium.chrome.ChromeDriver
Capabilities {acceptInsecureCerts: false, browserName: chrome, browserVersion: 76.0.3809.132, chrome: {chromedriverVersion: 76.0.3809.68 (420c9498db8ce..., userDataDir: C:\Users\SOMNAT~1.CHA\AppDa...}, goog:chromeOptions: {debuggerAddress: localhost:50990}, javascriptEnabled: true, networkConnectionEnabled: false, pageLoadStrategy: normal, platform: XP, platformName: XP, proxy: Proxy(), setWindowRect: true, strictFileInteractability: false, timeouts: {implicit: 0, pageLoad: 300000, script: 30000}, unhandledPromptBehavior: dismiss and notify}
Session ID: 0bf2453e7597be34e1246f14f3d247c4
*** Element info: {Using=xpath, value=//a[contains(text(),'Sign Out')]}
2019-08-30 15:08:30 INFO  Log:40 - no such element: Unable to locate element: {"method":"xpath","selector":"//iframe[@name='viewAuctions']"}
  (Session info: chrome=76.0.3809.132)
For documentation on this error, please visit: http://seleniumhq.org/exceptions/no_such_element.html
Build info: version: '3.141.5', revision: 'd54ebd709a', time: '2018-11-06T11:42:16'
System info: host: 'MJLT-1363', ip: '172.16.16.216', os.name: 'Windows 10', os.arch: 'amd64', os.version: '10.0', java.version: '1.8.0_202'
Driver info: org.openqa.selenium.chrome.ChromeDriver
Capabilities {acceptInsecureCerts: false, browserName: chrome, browserVersion: 76.0.3809.132, chrome: {chromedriverVersion: 76.0.3809.68 (420c9498db8ce..., userDataDir: C:\Users\SOMNAT~1.CHA\AppDa...}, goog:chromeOptions: {debuggerAddress: localhost:50990}, javascriptEnabled: true, networkConnectionEnabled: false, pageLoadStrategy: normal, platform: XP, platformName: XP, proxy: Proxy(), setWindowRect: true, strictFileInteractability: false, timeouts: {implicit: 0, pageLoad: 300000, script: 30000}, unhandledPromptBehavior: dismiss and notify}
Session ID: 0bf2453e7597be34e1246f14f3d247c4
*** Element info: {Using=xpath, value=//iframe[@name='viewAuctions']}
2019-08-30 15:08:40 INFO  Log:40 - no such element: Unable to locate element: {"method":"xpath","selector":"//input[@type='button'][@value='Submit']"}
  (Session info: chrome=76.0.3809.132)
For documentation on this error, please visit: http://seleniumhq.org/exceptions/no_such_element.html
Build info: version: '3.141.5', revision: 'd54ebd709a', time: '2018-11-06T11:42:16'
System info: host: 'MJLT-1363', ip: '172.16.16.216', os.name: 'Windows 10', os.arch: 'amd64', os.version: '10.0', java.version: '1.8.0_202'
Driver info: org.openqa.selenium.chrome.ChromeDriver
Capabilities {acceptInsecureCerts: false, browserName: chrome, browserVersion: 76.0.3809.132, chrome: {chromedriverVersion: 76.0.3809.68 (420c9498db8ce..., userDataDir: C:\Users\SOMNAT~1.CHA\AppDa...}, goog:chromeOptions: {debuggerAddress: localhost:50990}, javascriptEnabled: true, networkConnectionEnabled: false, pageLoadStrategy: normal, platform: XP, platformName: XP, proxy: Proxy(), setWindowRect: true, strictFileInteractability: false, timeouts: {implicit: 0, pageLoad: 300000, script: 30000}, unhandledPromptBehavior: dismiss and notify}
Session ID: 0bf2453e7597be34e1246f14f3d247c4
*** Element info: {Using=xpath, value=//input[@type='button'][@value='Submit']}
2019-08-30 15:08:42 ERROR Log:52 - no such element: Unable to locate element: {"method":"xpath","selector":"//a[contains(text(),'Sign Out')]"}
  (Session info: chrome=76.0.3809.132)
For documentation on this error, please visit: http://seleniumhq.org/exceptions/no_such_element.html
Build info: version: '3.141.5', revision: 'd54ebd709a', time: '2018-11-06T11:42:16'
System info: host: 'MJLT-1363', ip: '172.16.16.216', os.name: 'Windows 10', os.arch: 'amd64', os.version: '10.0', java.version: '1.8.0_202'
Driver info: org.openqa.selenium.chrome.ChromeDriver
Capabilities {acceptInsecureCerts: false, browserName: chrome, browserVersion: 76.0.3809.132, chrome: {chromedriverVersion: 76.0.3809.68 (420c9498db8ce..., userDataDir: C:\Users\SOMNAT~1.CHA\AppDa...}, goog:chromeOptions: {debuggerAddress: localhost:50990}, javascriptEnabled: true, networkConnectionEnabled: false, pageLoadStrategy: normal, platform: XP, platformName: XP, proxy: Proxy(), setWindowRect: true, strictFileInteractability: false, timeouts: {implicit: 0, pageLoad: 300000, script: 30000}, unhandledPromptBehavior: dismiss and notify}
Session ID: 0bf2453e7597be34e1246f14f3d247c4
*** Element info: {Using=xpath, value=//a[contains(text(),'Sign Out')]}
2019-08-30 15:08:46 INFO  Log:40 - no such element: Unable to locate element: {"method":"xpath","selector":"//iframe[@name='viewAuctions']"}
  (Session info: chrome=76.0.3809.132)
For documentation on this error, please visit: http://seleniumhq.org/exceptions/no_such_element.html
Build info: version: '3.141.5', revision: 'd54ebd709a', time: '2018-11-06T11:42:16'
System info: host: 'MJLT-1363', ip: '172.16.16.216', os.name: 'Windows 10', os.arch: 'amd64', os.version: '10.0', java.version: '1.8.0_202'
Driver info: org.openqa.selenium.chrome.ChromeDriver
Capabilities {acceptInsecureCerts: false, browserName: chrome, browserVersion: 76.0.3809.132, chrome: {chromedriverVersion: 76.0.3809.68 (420c9498db8ce..., userDataDir: C:\Users\SOMNAT~1.CHA\AppDa...}, goog:chromeOptions: {debuggerAddress: localhost:50990}, javascriptEnabled: true, networkConnectionEnabled: false, pageLoadStrategy: normal, platform: XP, platformName: XP, proxy: Proxy(), setWindowRect: true, strictFileInteractability: false, timeouts: {implicit: 0, pageLoad: 300000, script: 30000}, unhandledPromptBehavior: dismiss and notify}
Session ID: 0bf2453e7597be34e1246f14f3d247c4
*** Element info: {Using=xpath, value=//iframe[@name='viewAuctions']}
2019-08-30 15:08:56 INFO  Log:40 - no such element: Unable to locate element: {"method":"xpath","selector":"//input[@type='button'][@value='Submit']"}
  (Session info: chrome=76.0.3809.132)
For documentation on this error, please visit: http://seleniumhq.org/exceptions/no_such_element.html
Build info: version: '3.141.5', revision: 'd54ebd709a', time: '2018-11-06T11:42:16'
System info: host: 'MJLT-1363', ip: '172.16.16.216', os.name: 'Windows 10', os.arch: 'amd64', os.version: '10.0', java.version: '1.8.0_202'
Driver info: org.openqa.selenium.chrome.ChromeDriver
Capabilities {acceptInsecureCerts: false, browserName: chrome, browserVersion: 76.0.3809.132, chrome: {chromedriverVersion: 76.0.3809.68 (420c9498db8ce..., userDataDir: C:\Users\SOMNAT~1.CHA\AppDa...}, goog:chromeOptions: {debuggerAddress: localhost:50990}, javascriptEnabled: true, networkConnectionEnabled: false, pageLoadStrategy: normal, platform: XP, platformName: XP, proxy: Proxy(), setWindowRect: true, strictFileInteractability: false, timeouts: {implicit: 0, pageLoad: 300000, script: 30000}, unhandledPromptBehavior: dismiss and notify}
Session ID: 0bf2453e7597be34e1246f14f3d247c4
*** Element info: {Using=xpath, value=//input[@type='button'][@value='Submit']}
2019-08-30 15:08:58 ERROR Log:52 - no such element: Unable to locate element: {"method":"xpath","selector":"//a[contains(text(),'Sign Out')]"}
  (Session info: chrome=76.0.3809.132)
For documentation on this error, please visit: http://seleniumhq.org/exceptions/no_such_element.html
Build info: version: '3.141.5', revision: 'd54ebd709a', time: '2018-11-06T11:42:16'
System info: host: 'MJLT-1363', ip: '172.16.16.216', os.name: 'Windows 10', os.arch: 'amd64', os.version: '10.0', java.version: '1.8.0_202'
Driver info: org.openqa.selenium.chrome.ChromeDriver
Capabilities {acceptInsecureCerts: false, browserName: chrome, browserVersion: 76.0.3809.132, chrome: {chromedriverVersion: 76.0.3809.68 (420c9498db8ce..., userDataDir: C:\Users\SOMNAT~1.CHA\AppDa...}, goog:chromeOptions: {debuggerAddress: localhost:50990}, javascriptEnabled: true, networkConnectionEnabled: false, pageLoadStrategy: normal, platform: XP, platformName: XP, proxy: Proxy(), setWindowRect: true, strictFileInteractability: false, timeouts: {implicit: 0, pageLoad: 300000, script: 30000}, unhandledPromptBehavior: dismiss and notify}
Session ID: 0bf2453e7597be34e1246f14f3d247c4
*** Element info: {Using=xpath, value=//a[contains(text(),'Sign Out')]}
