2019-08-23 11:10:01 INFO  Log:40 - The AddAuctionNotice.properties files are read from Locators directory
2019-08-23 11:10:01 INFO  Log:40 - The AddBidderVesselDetails.properties files are read from Locators directory
2019-08-23 11:10:01 INFO  Log:40 - The Adminhome.properties files are read from Locators directory
2019-08-23 11:10:01 INFO  Log:40 - The AuctionReport.properties files are read from Locators directory
2019-08-23 11:10:01 INFO  Log:40 - The Bidderhome.properties files are read from Locators directory
2019-08-23 11:10:01 INFO  Log:40 - The ChangeAucStatus.properties files are read from Locators directory
2019-08-23 11:10:01 INFO  Log:40 - The CheckAuctionNotice.properties files are read from Locators directory
2019-08-23 11:10:01 INFO  Log:40 - The ConfirmAuctionNotice.properties files are read from Locators directory
2019-08-23 11:10:01 INFO  Log:40 - The Liveauction.properties files are read from Locators directory
2019-08-23 11:10:01 INFO  Log:40 - The Login.properties files are read from Locators directory
2019-08-23 11:10:01 INFO  Log:40 - The ReleaseClosedAuction.properties files are read from Locators directory
2019-08-23 11:10:01 INFO  Log:40 - The StaticNote.properties files are read from Locators directory
2019-08-23 11:10:01 INFO  Log:40 - The UploadAuction.properties files are read from Locators directory
2019-08-23 11:10:01 INFO  Log:40 - The UploadAuctionNotice.properties files are read from Locators directory
2019-08-23 11:10:01 INFO  Log:40 - The VesselDetails.properties files are read from Locators directory
2019-08-23 11:10:01 INFO  Log:40 - The AddAuctionData.properties files are read from TestData directory
2019-08-23 11:10:01 INFO  Log:40 - The AuctionData.properties files are read from TestData directory
2019-08-23 11:10:01 INFO  Log:40 - The Logindata.properties files are read from TestData directory
2019-08-23 11:10:01 INFO  Log:40 - The VesselData.properties files are read from TestData directory
2019-08-23 11:10:01 INFO  Log:40 - ******************************************************************
2019-08-23 11:10:01 INFO  Log:40 - The test should be performed at : Chrome Browser. 
2019-08-23 11:10:01 INFO  Log:40 - ******************************************************************
2019-08-23 11:10:11 INFO  Log:40 - *********************************************************************
2019-08-23 11:10:11 INFO  Log:40 - Navigating to the URL : https://newuat.buyjunction.in/
2019-08-23 11:10:11 INFO  Log:40 - *********************************************************************
2019-08-23 11:10:12 INFO  Log:24 - verify_Auction_Notice_Is_Present_Or_Not_Under_Pending
2019-08-23 11:10:20 INFO  Log:40 - We are in AdminHome page
2019-08-23 11:10:26 ERROR Log:52 - java.lang.reflect.InvocationTargetException
Build info: version: '3.141.5', revision: 'd54ebd709a', time: '2018-11-06T11:42:16'
System info: host: 'MJLT-1363', ip: '172.16.16.216', os.name: 'Windows 10', os.arch: 'amd64', os.version: '10.0', java.version: '1.8.0_202'
Driver info: driver.version: RemoteWebDriver
2019-08-23 11:10:30 ERROR Log:52 - Index: 0, Size: 0
2019-08-23 11:10:30 INFO  Log:24 - verify_Auction_Notice_Is_Present_Or_Not_Under_Accepted
2019-08-23 11:10:34 INFO  Log:24 - verify_Auction_Notice_Is_Present_Or_Not_Under_Rejected
