2019-08-23 11:04:51 INFO  Log:40 - The AddAuctionNotice.properties files are read from Locators directory
2019-08-23 11:04:51 INFO  Log:40 - The AddBidderVesselDetails.properties files are read from Locators directory
2019-08-23 11:04:51 INFO  Log:40 - The Adminhome.properties files are read from Locators directory
2019-08-23 11:04:51 INFO  Log:40 - The AuctionReport.properties files are read from Locators directory
2019-08-23 11:04:51 INFO  Log:40 - The Bidderhome.properties files are read from Locators directory
2019-08-23 11:04:51 INFO  Log:40 - The ChangeAucStatus.properties files are read from Locators directory
2019-08-23 11:04:51 INFO  Log:40 - The CheckAuctionNotice.properties files are read from Locators directory
2019-08-23 11:04:51 INFO  Log:40 - The ConfirmAuctionNotice.properties files are read from Locators directory
2019-08-23 11:04:51 INFO  Log:40 - The Liveauction.properties files are read from Locators directory
2019-08-23 11:04:51 INFO  Log:40 - The Login.properties files are read from Locators directory
2019-08-23 11:04:51 INFO  Log:40 - The ReleaseClosedAuction.properties files are read from Locators directory
2019-08-23 11:04:51 INFO  Log:40 - The StaticNote.properties files are read from Locators directory
2019-08-23 11:04:51 INFO  Log:40 - The UploadAuction.properties files are read from Locators directory
2019-08-23 11:04:51 INFO  Log:40 - The UploadAuctionNotice.properties files are read from Locators directory
2019-08-23 11:04:51 INFO  Log:40 - The VesselDetails.properties files are read from Locators directory
2019-08-23 11:04:51 INFO  Log:40 - The AddAuctionData.properties files are read from TestData directory
2019-08-23 11:04:51 INFO  Log:40 - The AuctionData.properties files are read from TestData directory
2019-08-23 11:04:51 INFO  Log:40 - The Logindata.properties files are read from TestData directory
2019-08-23 11:04:51 INFO  Log:40 - The VesselData.properties files are read from TestData directory
2019-08-23 11:04:51 INFO  Log:40 - ******************************************************************
2019-08-23 11:04:51 INFO  Log:40 - The test should be performed at : Chrome Browser. 
2019-08-23 11:04:51 INFO  Log:40 - ******************************************************************
2019-08-23 11:05:07 INFO  Log:40 - The AddAuctionNotice.properties files are read from Locators directory
2019-08-23 11:05:07 INFO  Log:40 - The AddBidderVesselDetails.properties files are read from Locators directory
2019-08-23 11:05:07 INFO  Log:40 - The Adminhome.properties files are read from Locators directory
2019-08-23 11:05:07 INFO  Log:40 - The AuctionReport.properties files are read from Locators directory
2019-08-23 11:05:07 INFO  Log:40 - The Bidderhome.properties files are read from Locators directory
2019-08-23 11:05:07 INFO  Log:40 - The ChangeAucStatus.properties files are read from Locators directory
2019-08-23 11:05:07 INFO  Log:40 - The CheckAuctionNotice.properties files are read from Locators directory
2019-08-23 11:05:07 INFO  Log:40 - The ConfirmAuctionNotice.properties files are read from Locators directory
2019-08-23 11:05:07 INFO  Log:40 - The Liveauction.properties files are read from Locators directory
2019-08-23 11:05:07 INFO  Log:40 - The Login.properties files are read from Locators directory
2019-08-23 11:05:07 INFO  Log:40 - The ReleaseClosedAuction.properties files are read from Locators directory
2019-08-23 11:05:07 INFO  Log:40 - The StaticNote.properties files are read from Locators directory
2019-08-23 11:05:07 INFO  Log:40 - The UploadAuction.properties files are read from Locators directory
2019-08-23 11:05:07 INFO  Log:40 - The UploadAuctionNotice.properties files are read from Locators directory
2019-08-23 11:05:07 INFO  Log:40 - The VesselDetails.properties files are read from Locators directory
2019-08-23 11:05:07 INFO  Log:40 - The AddAuctionData.properties files are read from TestData directory
2019-08-23 11:05:07 INFO  Log:40 - The AuctionData.properties files are read from TestData directory
2019-08-23 11:05:07 INFO  Log:40 - The Logindata.properties files are read from TestData directory
2019-08-23 11:05:07 INFO  Log:40 - The VesselData.properties files are read from TestData directory
2019-08-23 11:05:07 INFO  Log:40 - ******************************************************************
2019-08-23 11:05:07 INFO  Log:40 - The test should be performed at : Chrome Browser. 
2019-08-23 11:05:07 INFO  Log:40 - ******************************************************************
2019-08-23 11:05:12 INFO  Log:40 - The AddAuctionNotice.properties files are read from Locators directory
2019-08-23 11:05:12 INFO  Log:40 - The AddBidderVesselDetails.properties files are read from Locators directory
2019-08-23 11:05:12 INFO  Log:40 - The Adminhome.properties files are read from Locators directory
2019-08-23 11:05:13 INFO  Log:40 - The AuctionReport.properties files are read from Locators directory
2019-08-23 11:05:13 INFO  Log:40 - The Bidderhome.properties files are read from Locators directory
2019-08-23 11:05:13 INFO  Log:40 - The ChangeAucStatus.properties files are read from Locators directory
2019-08-23 11:05:13 INFO  Log:40 - The CheckAuctionNotice.properties files are read from Locators directory
2019-08-23 11:05:13 INFO  Log:40 - The ConfirmAuctionNotice.properties files are read from Locators directory
2019-08-23 11:05:13 INFO  Log:40 - The Liveauction.properties files are read from Locators directory
2019-08-23 11:05:13 INFO  Log:40 - The Login.properties files are read from Locators directory
2019-08-23 11:05:13 INFO  Log:40 - The ReleaseClosedAuction.properties files are read from Locators directory
2019-08-23 11:05:13 INFO  Log:40 - The StaticNote.properties files are read from Locators directory
2019-08-23 11:05:13 INFO  Log:40 - The UploadAuction.properties files are read from Locators directory
2019-08-23 11:05:13 INFO  Log:40 - The UploadAuctionNotice.properties files are read from Locators directory
2019-08-23 11:05:13 INFO  Log:40 - The VesselDetails.properties files are read from Locators directory
2019-08-23 11:05:13 INFO  Log:40 - The AddAuctionData.properties files are read from TestData directory
2019-08-23 11:05:13 INFO  Log:40 - The AuctionData.properties files are read from TestData directory
2019-08-23 11:05:13 INFO  Log:40 - The Logindata.properties files are read from TestData directory
2019-08-23 11:05:13 INFO  Log:40 - The VesselData.properties files are read from TestData directory
2019-08-23 11:05:13 INFO  Log:40 - ******************************************************************
2019-08-23 11:05:13 INFO  Log:40 - The test should be performed at : Chrome Browser. 
2019-08-23 11:05:13 INFO  Log:40 - ******************************************************************
2019-08-23 11:05:17 INFO  Log:40 - The AddAuctionNotice.properties files are read from Locators directory
2019-08-23 11:05:17 INFO  Log:40 - The AddBidderVesselDetails.properties files are read from Locators directory
2019-08-23 11:05:17 INFO  Log:40 - The Adminhome.properties files are read from Locators directory
2019-08-23 11:05:17 INFO  Log:40 - The AuctionReport.properties files are read from Locators directory
2019-08-23 11:05:17 INFO  Log:40 - The Bidderhome.properties files are read from Locators directory
2019-08-23 11:05:17 INFO  Log:40 - The ChangeAucStatus.properties files are read from Locators directory
2019-08-23 11:05:17 INFO  Log:40 - The CheckAuctionNotice.properties files are read from Locators directory
2019-08-23 11:05:17 INFO  Log:40 - The ConfirmAuctionNotice.properties files are read from Locators directory
2019-08-23 11:05:17 INFO  Log:40 - The Liveauction.properties files are read from Locators directory
2019-08-23 11:05:17 INFO  Log:40 - The Login.properties files are read from Locators directory
2019-08-23 11:05:17 INFO  Log:40 - The ReleaseClosedAuction.properties files are read from Locators directory
2019-08-23 11:05:17 INFO  Log:40 - The StaticNote.properties files are read from Locators directory
2019-08-23 11:05:17 INFO  Log:40 - The UploadAuction.properties files are read from Locators directory
2019-08-23 11:05:17 INFO  Log:40 - The UploadAuctionNotice.properties files are read from Locators directory
2019-08-23 11:05:17 INFO  Log:40 - The VesselDetails.properties files are read from Locators directory
2019-08-23 11:05:17 INFO  Log:40 - The AddAuctionData.properties files are read from TestData directory
2019-08-23 11:05:17 INFO  Log:40 - The AuctionData.properties files are read from TestData directory
2019-08-23 11:05:17 INFO  Log:40 - The Logindata.properties files are read from TestData directory
2019-08-23 11:05:17 INFO  Log:40 - The VesselData.properties files are read from TestData directory
2019-08-23 11:05:17 INFO  Log:40 - ******************************************************************
2019-08-23 11:05:17 INFO  Log:40 - The test should be performed at : Chrome Browser. 
2019-08-23 11:05:17 INFO  Log:40 - ******************************************************************
2019-08-23 11:05:22 INFO  Log:40 - The AddAuctionNotice.properties files are read from Locators directory
2019-08-23 11:05:22 INFO  Log:40 - The AddBidderVesselDetails.properties files are read from Locators directory
2019-08-23 11:05:22 INFO  Log:40 - The Adminhome.properties files are read from Locators directory
2019-08-23 11:05:22 INFO  Log:40 - The AuctionReport.properties files are read from Locators directory
2019-08-23 11:05:22 INFO  Log:40 - The Bidderhome.properties files are read from Locators directory
2019-08-23 11:05:22 INFO  Log:40 - The ChangeAucStatus.properties files are read from Locators directory
2019-08-23 11:05:22 INFO  Log:40 - The CheckAuctionNotice.properties files are read from Locators directory
2019-08-23 11:05:22 INFO  Log:40 - The ConfirmAuctionNotice.properties files are read from Locators directory
2019-08-23 11:05:22 INFO  Log:40 - The Liveauction.properties files are read from Locators directory
2019-08-23 11:05:22 INFO  Log:40 - The Login.properties files are read from Locators directory
2019-08-23 11:05:22 INFO  Log:40 - The ReleaseClosedAuction.properties files are read from Locators directory
2019-08-23 11:05:22 INFO  Log:40 - The StaticNote.properties files are read from Locators directory
2019-08-23 11:05:22 INFO  Log:40 - The UploadAuction.properties files are read from Locators directory
2019-08-23 11:05:22 INFO  Log:40 - The UploadAuctionNotice.properties files are read from Locators directory
2019-08-23 11:05:22 INFO  Log:40 - The VesselDetails.properties files are read from Locators directory
2019-08-23 11:05:22 INFO  Log:40 - The AddAuctionData.properties files are read from TestData directory
2019-08-23 11:05:22 INFO  Log:40 - The AuctionData.properties files are read from TestData directory
2019-08-23 11:05:22 INFO  Log:40 - The Logindata.properties files are read from TestData directory
2019-08-23 11:05:22 INFO  Log:40 - The VesselData.properties files are read from TestData directory
2019-08-23 11:05:22 INFO  Log:40 - ******************************************************************
2019-08-23 11:05:22 INFO  Log:40 - The test should be performed at : Chrome Browser. 
2019-08-23 11:05:22 INFO  Log:40 - ******************************************************************
2019-08-23 11:05:26 INFO  Log:40 - The AddAuctionNotice.properties files are read from Locators directory
2019-08-23 11:05:26 INFO  Log:40 - The AddBidderVesselDetails.properties files are read from Locators directory
2019-08-23 11:05:26 INFO  Log:40 - The Adminhome.properties files are read from Locators directory
2019-08-23 11:05:26 INFO  Log:40 - The AuctionReport.properties files are read from Locators directory
2019-08-23 11:05:26 INFO  Log:40 - The Bidderhome.properties files are read from Locators directory
2019-08-23 11:05:26 INFO  Log:40 - The ChangeAucStatus.properties files are read from Locators directory
2019-08-23 11:05:26 INFO  Log:40 - The CheckAuctionNotice.properties files are read from Locators directory
2019-08-23 11:05:26 INFO  Log:40 - The ConfirmAuctionNotice.properties files are read from Locators directory
2019-08-23 11:05:26 INFO  Log:40 - The Liveauction.properties files are read from Locators directory
2019-08-23 11:05:26 INFO  Log:40 - The Login.properties files are read from Locators directory
2019-08-23 11:05:26 INFO  Log:40 - The ReleaseClosedAuction.properties files are read from Locators directory
2019-08-23 11:05:26 INFO  Log:40 - The StaticNote.properties files are read from Locators directory
2019-08-23 11:05:26 INFO  Log:40 - The UploadAuction.properties files are read from Locators directory
2019-08-23 11:05:26 INFO  Log:40 - The UploadAuctionNotice.properties files are read from Locators directory
2019-08-23 11:05:26 INFO  Log:40 - The VesselDetails.properties files are read from Locators directory
2019-08-23 11:05:26 INFO  Log:40 - The AddAuctionData.properties files are read from TestData directory
2019-08-23 11:05:26 INFO  Log:40 - The AuctionData.properties files are read from TestData directory
2019-08-23 11:05:26 INFO  Log:40 - The Logindata.properties files are read from TestData directory
2019-08-23 11:05:26 INFO  Log:40 - The VesselData.properties files are read from TestData directory
2019-08-23 11:05:26 INFO  Log:40 - ******************************************************************
2019-08-23 11:05:26 INFO  Log:40 - The test should be performed at : Chrome Browser. 
2019-08-23 11:05:26 INFO  Log:40 - ******************************************************************
