2019-08-30 14:51:04 INFO  Log:40 - The AddAuctionNotice.properties files are read from Locators directory
2019-08-30 14:51:04 INFO  Log:40 - The AddBidderVesselDetails.properties files are read from Locators directory
2019-08-30 14:51:04 INFO  Log:40 - The Adminhome.properties files are read from Locators directory
2019-08-30 14:51:04 INFO  Log:40 - The AuctionReport.properties files are read from Locators directory
2019-08-30 14:51:04 INFO  Log:40 - The Bidderhome.properties files are read from Locators directory
2019-08-30 14:51:04 INFO  Log:40 - The ChangeAucStatus.properties files are read from Locators directory
2019-08-30 14:51:04 INFO  Log:40 - The CheckAuctionNotice.properties files are read from Locators directory
2019-08-30 14:51:04 INFO  Log:40 - The ConfirmAuctionNotice.properties files are read from Locators directory
2019-08-30 14:51:04 INFO  Log:40 - The Liveauction.properties files are read from Locators directory
2019-08-30 14:51:04 INFO  Log:40 - The Login.properties files are read from Locators directory
2019-08-30 14:51:04 INFO  Log:40 - The ReleaseClosedAuction.properties files are read from Locators directory
2019-08-30 14:51:04 INFO  Log:40 - The StaticNote.properties files are read from Locators directory
2019-08-30 14:51:04 INFO  Log:40 - The UploadAuction.properties files are read from Locators directory
2019-08-30 14:51:04 INFO  Log:40 - The UploadAuctionNotice.properties files are read from Locators directory
2019-08-30 14:51:04 INFO  Log:40 - The VesselDetails.properties files are read from Locators directory
2019-08-30 14:51:04 INFO  Log:40 - The AddAuctionData.properties files are read from TestData directory
2019-08-30 14:51:04 INFO  Log:40 - The AuctionData.properties files are read from TestData directory
2019-08-30 14:51:04 INFO  Log:40 - The Logindata.properties files are read from TestData directory
2019-08-30 14:51:04 INFO  Log:40 - The VesselData.properties files are read from TestData directory
2019-08-30 14:51:04 INFO  Log:40 - ******************************************************************
2019-08-30 14:51:04 INFO  Log:40 - The test should be performed at : Chrome Browser. 
2019-08-30 14:51:04 INFO  Log:40 - ******************************************************************
2019-08-30 14:51:11 INFO  Log:40 - *********************************************************************
2019-08-30 14:51:11 INFO  Log:40 - Navigating to the URL : https://newuat.buyjunction.in/
2019-08-30 14:51:11 INFO  Log:40 - *********************************************************************
2019-08-30 14:51:13 INFO  Log:24 - navigate_To_Live_Bidding_Page
2019-08-30 14:51:17 INFO  Log:40 - We are in AdminHome page
2019-08-30 14:51:20 INFO  Log:40 - Bid(s) element found and hovered
2019-08-30 14:51:22 INFO  Log:40 - Yeppeee.....Live auction button is displaying....let's click
2019-08-30 14:51:46 INFO  Log:40 - No alert present : false
2019-08-30 14:51:53 INFO  Log:40 - no such element: Unable to locate element: {"method":"xpath","selector":"//iframe[@name='viewAuctions']"}
  (Session info: chrome=76.0.3809.132)
For documentation on this error, please visit: http://seleniumhq.org/exceptions/no_such_element.html
Build info: version: '3.141.5', revision: 'd54ebd709a', time: '2018-11-06T11:42:16'
System info: host: 'MJLT-1363', ip: '172.16.16.216', os.name: 'Windows 10', os.arch: 'amd64', os.version: '10.0', java.version: '1.8.0_202'
Driver info: org.openqa.selenium.chrome.ChromeDriver
Capabilities {acceptInsecureCerts: false, browserName: chrome, browserVersion: 76.0.3809.132, chrome: {chromedriverVersion: 76.0.3809.68 (420c9498db8ce..., userDataDir: C:\Users\SOMNAT~1.CHA\AppDa...}, goog:chromeOptions: {debuggerAddress: localhost:61690}, javascriptEnabled: true, networkConnectionEnabled: false, pageLoadStrategy: normal, platform: XP, platformName: XP, proxy: Proxy(), setWindowRect: true, strictFileInteractability: false, timeouts: {implicit: 0, pageLoad: 300000, script: 30000}, unhandledPromptBehavior: dismiss and notify}
Session ID: 845205440091c243a3eb2b5c98f447d2
*** Element info: {Using=xpath, value=//iframe[@name='viewAuctions']}
2019-08-30 14:52:04 INFO  Log:40 - no such element: Unable to locate element: {"method":"xpath","selector":"//input[@type='button'][@value='Submit']"}
  (Session info: chrome=76.0.3809.132)
For documentation on this error, please visit: http://seleniumhq.org/exceptions/no_such_element.html
Build info: version: '3.141.5', revision: 'd54ebd709a', time: '2018-11-06T11:42:16'
System info: host: 'MJLT-1363', ip: '172.16.16.216', os.name: 'Windows 10', os.arch: 'amd64', os.version: '10.0', java.version: '1.8.0_202'
Driver info: org.openqa.selenium.chrome.ChromeDriver
Capabilities {acceptInsecureCerts: false, browserName: chrome, browserVersion: 76.0.3809.132, chrome: {chromedriverVersion: 76.0.3809.68 (420c9498db8ce..., userDataDir: C:\Users\SOMNAT~1.CHA\AppDa...}, goog:chromeOptions: {debuggerAddress: localhost:61690}, javascriptEnabled: true, networkConnectionEnabled: false, pageLoadStrategy: normal, platform: XP, platformName: XP, proxy: Proxy(), setWindowRect: true, strictFileInteractability: false, timeouts: {implicit: 0, pageLoad: 300000, script: 30000}, unhandledPromptBehavior: dismiss and notify}
Session ID: 845205440091c243a3eb2b5c98f447d2
*** Element info: {Using=xpath, value=//input[@type='button'][@value='Submit']}
2019-08-30 14:52:06 ERROR Log:52 - no such element: Unable to locate element: {"method":"xpath","selector":"//a[contains(text(),'Sign Out')]"}
  (Session info: chrome=76.0.3809.132)
For documentation on this error, please visit: http://seleniumhq.org/exceptions/no_such_element.html
Build info: version: '3.141.5', revision: 'd54ebd709a', time: '2018-11-06T11:42:16'
System info: host: 'MJLT-1363', ip: '172.16.16.216', os.name: 'Windows 10', os.arch: 'amd64', os.version: '10.0', java.version: '1.8.0_202'
Driver info: org.openqa.selenium.chrome.ChromeDriver
Capabilities {acceptInsecureCerts: false, browserName: chrome, browserVersion: 76.0.3809.132, chrome: {chromedriverVersion: 76.0.3809.68 (420c9498db8ce..., userDataDir: C:\Users\SOMNAT~1.CHA\AppDa...}, goog:chromeOptions: {debuggerAddress: localhost:61690}, javascriptEnabled: true, networkConnectionEnabled: false, pageLoadStrategy: normal, platform: XP, platformName: XP, proxy: Proxy(), setWindowRect: true, strictFileInteractability: false, timeouts: {implicit: 0, pageLoad: 300000, script: 30000}, unhandledPromptBehavior: dismiss and notify}
Session ID: 845205440091c243a3eb2b5c98f447d2
*** Element info: {Using=xpath, value=//a[contains(text(),'Sign Out')]}
2019-08-30 14:52:09 INFO  Log:40 - no such element: Unable to locate element: {"method":"xpath","selector":"//iframe[@name='viewAuctions']"}
  (Session info: chrome=76.0.3809.132)
For documentation on this error, please visit: http://seleniumhq.org/exceptions/no_such_element.html
Build info: version: '3.141.5', revision: 'd54ebd709a', time: '2018-11-06T11:42:16'
System info: host: 'MJLT-1363', ip: '172.16.16.216', os.name: 'Windows 10', os.arch: 'amd64', os.version: '10.0', java.version: '1.8.0_202'
Driver info: org.openqa.selenium.chrome.ChromeDriver
Capabilities {acceptInsecureCerts: false, browserName: chrome, browserVersion: 76.0.3809.132, chrome: {chromedriverVersion: 76.0.3809.68 (420c9498db8ce..., userDataDir: C:\Users\SOMNAT~1.CHA\AppDa...}, goog:chromeOptions: {debuggerAddress: localhost:61690}, javascriptEnabled: true, networkConnectionEnabled: false, pageLoadStrategy: normal, platform: XP, platformName: XP, proxy: Proxy(), setWindowRect: true, strictFileInteractability: false, timeouts: {implicit: 0, pageLoad: 300000, script: 30000}, unhandledPromptBehavior: dismiss and notify}
Session ID: 845205440091c243a3eb2b5c98f447d2
*** Element info: {Using=xpath, value=//iframe[@name='viewAuctions']}
2019-08-30 14:52:19 INFO  Log:40 - no such element: Unable to locate element: {"method":"xpath","selector":"//input[@type='button'][@value='Submit']"}
  (Session info: chrome=76.0.3809.132)
For documentation on this error, please visit: http://seleniumhq.org/exceptions/no_such_element.html
Build info: version: '3.141.5', revision: 'd54ebd709a', time: '2018-11-06T11:42:16'
System info: host: 'MJLT-1363', ip: '172.16.16.216', os.name: 'Windows 10', os.arch: 'amd64', os.version: '10.0', java.version: '1.8.0_202'
Driver info: org.openqa.selenium.chrome.ChromeDriver
Capabilities {acceptInsecureCerts: false, browserName: chrome, browserVersion: 76.0.3809.132, chrome: {chromedriverVersion: 76.0.3809.68 (420c9498db8ce..., userDataDir: C:\Users\SOMNAT~1.CHA\AppDa...}, goog:chromeOptions: {debuggerAddress: localhost:61690}, javascriptEnabled: true, networkConnectionEnabled: false, pageLoadStrategy: normal, platform: XP, platformName: XP, proxy: Proxy(), setWindowRect: true, strictFileInteractability: false, timeouts: {implicit: 0, pageLoad: 300000, script: 30000}, unhandledPromptBehavior: dismiss and notify}
Session ID: 845205440091c243a3eb2b5c98f447d2
*** Element info: {Using=xpath, value=//input[@type='button'][@value='Submit']}
2019-08-30 14:52:22 ERROR Log:52 - no such element: Unable to locate element: {"method":"xpath","selector":"//a[contains(text(),'Sign Out')]"}
  (Session info: chrome=76.0.3809.132)
For documentation on this error, please visit: http://seleniumhq.org/exceptions/no_such_element.html
Build info: version: '3.141.5', revision: 'd54ebd709a', time: '2018-11-06T11:42:16'
System info: host: 'MJLT-1363', ip: '172.16.16.216', os.name: 'Windows 10', os.arch: 'amd64', os.version: '10.0', java.version: '1.8.0_202'
Driver info: org.openqa.selenium.chrome.ChromeDriver
Capabilities {acceptInsecureCerts: false, browserName: chrome, browserVersion: 76.0.3809.132, chrome: {chromedriverVersion: 76.0.3809.68 (420c9498db8ce..., userDataDir: C:\Users\SOMNAT~1.CHA\AppDa...}, goog:chromeOptions: {debuggerAddress: localhost:61690}, javascriptEnabled: true, networkConnectionEnabled: false, pageLoadStrategy: normal, platform: XP, platformName: XP, proxy: Proxy(), setWindowRect: true, strictFileInteractability: false, timeouts: {implicit: 0, pageLoad: 300000, script: 30000}, unhandledPromptBehavior: dismiss and notify}
Session ID: 845205440091c243a3eb2b5c98f447d2
*** Element info: {Using=xpath, value=//a[contains(text(),'Sign Out')]}
2019-08-30 14:52:25 INFO  Log:40 - no such element: Unable to locate element: {"method":"xpath","selector":"//iframe[@name='viewAuctions']"}
  (Session info: chrome=76.0.3809.132)
For documentation on this error, please visit: http://seleniumhq.org/exceptions/no_such_element.html
Build info: version: '3.141.5', revision: 'd54ebd709a', time: '2018-11-06T11:42:16'
System info: host: 'MJLT-1363', ip: '172.16.16.216', os.name: 'Windows 10', os.arch: 'amd64', os.version: '10.0', java.version: '1.8.0_202'
Driver info: org.openqa.selenium.chrome.ChromeDriver
Capabilities {acceptInsecureCerts: false, browserName: chrome, browserVersion: 76.0.3809.132, chrome: {chromedriverVersion: 76.0.3809.68 (420c9498db8ce..., userDataDir: C:\Users\SOMNAT~1.CHA\AppDa...}, goog:chromeOptions: {debuggerAddress: localhost:61690}, javascriptEnabled: true, networkConnectionEnabled: false, pageLoadStrategy: normal, platform: XP, platformName: XP, proxy: Proxy(), setWindowRect: true, strictFileInteractability: false, timeouts: {implicit: 0, pageLoad: 300000, script: 30000}, unhandledPromptBehavior: dismiss and notify}
Session ID: 845205440091c243a3eb2b5c98f447d2
*** Element info: {Using=xpath, value=//iframe[@name='viewAuctions']}
2019-08-30 14:52:35 INFO  Log:40 - no such element: Unable to locate element: {"method":"xpath","selector":"//input[@type='button'][@value='Submit']"}
  (Session info: chrome=76.0.3809.132)
For documentation on this error, please visit: http://seleniumhq.org/exceptions/no_such_element.html
Build info: version: '3.141.5', revision: 'd54ebd709a', time: '2018-11-06T11:42:16'
System info: host: 'MJLT-1363', ip: '172.16.16.216', os.name: 'Windows 10', os.arch: 'amd64', os.version: '10.0', java.version: '1.8.0_202'
Driver info: org.openqa.selenium.chrome.ChromeDriver
Capabilities {acceptInsecureCerts: false, browserName: chrome, browserVersion: 76.0.3809.132, chrome: {chromedriverVersion: 76.0.3809.68 (420c9498db8ce..., userDataDir: C:\Users\SOMNAT~1.CHA\AppDa...}, goog:chromeOptions: {debuggerAddress: localhost:61690}, javascriptEnabled: true, networkConnectionEnabled: false, pageLoadStrategy: normal, platform: XP, platformName: XP, proxy: Proxy(), setWindowRect: true, strictFileInteractability: false, timeouts: {implicit: 0, pageLoad: 300000, script: 30000}, unhandledPromptBehavior: dismiss and notify}
Session ID: 845205440091c243a3eb2b5c98f447d2
*** Element info: {Using=xpath, value=//input[@type='button'][@value='Submit']}
2019-08-30 14:52:38 ERROR Log:52 - no such element: Unable to locate element: {"method":"xpath","selector":"//a[contains(text(),'Sign Out')]"}
  (Session info: chrome=76.0.3809.132)
For documentation on this error, please visit: http://seleniumhq.org/exceptions/no_such_element.html
Build info: version: '3.141.5', revision: 'd54ebd709a', time: '2018-11-06T11:42:16'
System info: host: 'MJLT-1363', ip: '172.16.16.216', os.name: 'Windows 10', os.arch: 'amd64', os.version: '10.0', java.version: '1.8.0_202'
Driver info: org.openqa.selenium.chrome.ChromeDriver
Capabilities {acceptInsecureCerts: false, browserName: chrome, browserVersion: 76.0.3809.132, chrome: {chromedriverVersion: 76.0.3809.68 (420c9498db8ce..., userDataDir: C:\Users\SOMNAT~1.CHA\AppDa...}, goog:chromeOptions: {debuggerAddress: localhost:61690}, javascriptEnabled: true, networkConnectionEnabled: false, pageLoadStrategy: normal, platform: XP, platformName: XP, proxy: Proxy(), setWindowRect: true, strictFileInteractability: false, timeouts: {implicit: 0, pageLoad: 300000, script: 30000}, unhandledPromptBehavior: dismiss and notify}
Session ID: 845205440091c243a3eb2b5c98f447d2
*** Element info: {Using=xpath, value=//a[contains(text(),'Sign Out')]}
2019-08-30 14:52:41 INFO  Log:40 - no such element: Unable to locate element: {"method":"xpath","selector":"//iframe[@name='viewAuctions']"}
  (Session info: chrome=76.0.3809.132)
For documentation on this error, please visit: http://seleniumhq.org/exceptions/no_such_element.html
Build info: version: '3.141.5', revision: 'd54ebd709a', time: '2018-11-06T11:42:16'
System info: host: 'MJLT-1363', ip: '172.16.16.216', os.name: 'Windows 10', os.arch: 'amd64', os.version: '10.0', java.version: '1.8.0_202'
Driver info: org.openqa.selenium.chrome.ChromeDriver
Capabilities {acceptInsecureCerts: false, browserName: chrome, browserVersion: 76.0.3809.132, chrome: {chromedriverVersion: 76.0.3809.68 (420c9498db8ce..., userDataDir: C:\Users\SOMNAT~1.CHA\AppDa...}, goog:chromeOptions: {debuggerAddress: localhost:61690}, javascriptEnabled: true, networkConnectionEnabled: false, pageLoadStrategy: normal, platform: XP, platformName: XP, proxy: Proxy(), setWindowRect: true, strictFileInteractability: false, timeouts: {implicit: 0, pageLoad: 300000, script: 30000}, unhandledPromptBehavior: dismiss and notify}
Session ID: 845205440091c243a3eb2b5c98f447d2
*** Element info: {Using=xpath, value=//iframe[@name='viewAuctions']}
2019-08-30 14:52:44 INFO  Log:40 - no such window: target window already closed
from unknown error: web view not found
  (Session info: chrome=76.0.3809.132)
Build info: version: '3.141.5', revision: 'd54ebd709a', time: '2018-11-06T11:42:16'
System info: host: 'MJLT-1363', ip: '172.16.16.216', os.name: 'Windows 10', os.arch: 'amd64', os.version: '10.0', java.version: '1.8.0_202'
Driver info: org.openqa.selenium.chrome.ChromeDriver
Capabilities {acceptInsecureCerts: false, browserName: chrome, browserVersion: 76.0.3809.132, chrome: {chromedriverVersion: 76.0.3809.68 (420c9498db8ce..., userDataDir: C:\Users\SOMNAT~1.CHA\AppDa...}, goog:chromeOptions: {debuggerAddress: localhost:61690}, javascriptEnabled: true, networkConnectionEnabled: false, pageLoadStrategy: normal, platform: XP, platformName: XP, proxy: Proxy(), setWindowRect: true, strictFileInteractability: false, timeouts: {implicit: 0, pageLoad: 300000, script: 30000}, unhandledPromptBehavior: dismiss and notify}
Session ID: 845205440091c243a3eb2b5c98f447d2
*** Element info: {Using=xpath, value=//tr/td[6]/table/tbody/tr/td/input}
2019-08-30 14:52:44 ERROR Log:52 - no such window: target window already closed
from unknown error: web view not found
  (Session info: chrome=76.0.3809.132)
Build info: version: '3.141.5', revision: 'd54ebd709a', time: '2018-11-06T11:42:16'
System info: host: 'MJLT-1363', ip: '172.16.16.216', os.name: 'Windows 10', os.arch: 'amd64', os.version: '10.0', java.version: '1.8.0_202'
Driver info: org.openqa.selenium.chrome.ChromeDriver
Capabilities {acceptInsecureCerts: false, browserName: chrome, browserVersion: 76.0.3809.132, chrome: {chromedriverVersion: 76.0.3809.68 (420c9498db8ce..., userDataDir: C:\Users\SOMNAT~1.CHA\AppDa...}, goog:chromeOptions: {debuggerAddress: localhost:61690}, javascriptEnabled: true, networkConnectionEnabled: false, pageLoadStrategy: normal, platform: XP, platformName: XP, proxy: Proxy(), setWindowRect: true, strictFileInteractability: false, timeouts: {implicit: 0, pageLoad: 300000, script: 30000}, unhandledPromptBehavior: dismiss and notify}
Session ID: 845205440091c243a3eb2b5c98f447d2
*** Element info: {Using=xpath, value=//a[contains(text(),'Sign Out')]}
