2019-09-13 15:32:49 INFO  Log:40 - The Adminhome.properties files are read from Locators directory
2019-09-13 15:32:49 INFO  Log:40 - The Bidderhome.properties files are read from Locators directory
2019-09-13 15:32:49 INFO  Log:40 - The Liveauction.properties files are read from Locators directory
2019-09-13 15:32:49 INFO  Log:40 - The Login.properties files are read from Locators directory
2019-09-13 15:32:49 INFO  Log:40 - The AddAuctionData.properties files are read from TestData directory
2019-09-13 15:32:49 INFO  Log:40 - The AuctionData.properties files are read from TestData directory
2019-09-13 15:32:49 INFO  Log:40 - The Logindata.properties files are read from TestData directory
2019-09-13 15:32:49 INFO  Log:40 - ******************************************************************
2019-09-13 15:32:49 INFO  Log:40 - The test should be performed at : Chrome Browser. 
2019-09-13 15:32:49 INFO  Log:40 - ******************************************************************
2019-09-13 15:33:14 INFO  Log:40 - *********************************************************************
2019-09-13 15:33:14 INFO  Log:40 - Navigating to the URL : https://newuat.buyjunction.in/
2019-09-13 15:33:14 INFO  Log:40 - *********************************************************************
2019-09-13 15:33:16 INFO  Log:24 - navigate_To_Live_Bidding_Page
2019-09-13 15:33:25 INFO  Log:40 - We are in AdminHome page
2019-09-13 15:33:28 INFO  Log:40 - Bid(s) element found and hovered
2019-09-13 15:33:30 INFO  Log:40 - Yeppeee.....Live auction button is displaying....let's click
2019-09-13 15:33:41 INFO  Log:40 - chrome not reachable
  (Session info: chrome=77.0.3865.75)
Build info: version: '3.141.5', revision: 'd54ebd709a', time: '2018-11-06T11:42:16'
System info: host: 'MJLT-1363', ip: '172.16.16.216', os.name: 'Windows 10', os.arch: 'amd64', os.version: '10.0', java.version: '1.8.0_202'
Driver info: org.openqa.selenium.chrome.ChromeDriver
Capabilities {acceptInsecureCerts: false, browserName: chrome, browserVersion: 77.0.3865.75, chrome: {chromedriverVersion: 76.0.3809.68 (420c9498db8ce..., userDataDir: C:\Users\SOMNAT~1.CHA\AppDa...}, goog:chromeOptions: {debuggerAddress: localhost:63887}, javascriptEnabled: true, networkConnectionEnabled: false, pageLoadStrategy: normal, platform: XP, platformName: XP, proxy: Proxy(), setWindowRect: true, strictFileInteractability: false, timeouts: {implicit: 0, pageLoad: 300000, script: 30000}, unhandledPromptBehavior: dismiss and notify}
Session ID: d6e446407d5edaea3217dec190b3e391
2019-09-13 15:33:48 ERROR Log:52 - chrome not reachable
  (Session info: chrome=77.0.3865.75)
Build info: version: '3.141.5', revision: 'd54ebd709a', time: '2018-11-06T11:42:16'
System info: host: 'MJLT-1363', ip: '172.16.16.216', os.name: 'Windows 10', os.arch: 'amd64', os.version: '10.0', java.version: '1.8.0_202'
Driver info: org.openqa.selenium.chrome.ChromeDriver
Capabilities {acceptInsecureCerts: false, browserName: chrome, browserVersion: 77.0.3865.75, chrome: {chromedriverVersion: 76.0.3809.68 (420c9498db8ce..., userDataDir: C:\Users\SOMNAT~1.CHA\AppDa...}, goog:chromeOptions: {debuggerAddress: localhost:63887}, javascriptEnabled: true, networkConnectionEnabled: false, pageLoadStrategy: normal, platform: XP, platformName: XP, proxy: Proxy(), setWindowRect: true, strictFileInteractability: false, timeouts: {implicit: 0, pageLoad: 300000, script: 30000}, unhandledPromptBehavior: dismiss and notify}
Session ID: d6e446407d5edaea3217dec190b3e391
*** Element info: {Using=xpath, value=//a[contains(text(),'Sign Out')]}
